<?xml version="1.0" encoding="utf-8"?>
<CoverageSession xmlns:xsd="http://www.w3.org/2001/XMLSchema" xmlns:xsi="http://www.w3.org/2001/XMLSchema-instance" Version="0.0.0.0">
  <Summary numSequencePoints="0" visitedSequencePoints="0" numBranchPoints="0" visitedBranchPoints="0" sequenceCoverage="0" branchCoverage="0" maxCyclomaticComplexity="0" minCyclomaticComplexity="0" maxCrapScore="0" minCrapScore="0" visitedClasses="0" numClasses="0" visitedMethods="0" numMethods="0" />
  <Modules>
    <Module>
      <Summary numSequencePoints="0" visitedSequencePoints="0" numBranchPoints="0" visitedBranchPoints="0" sequenceCoverage="0" branchCoverage="0" maxCyclomaticComplexity="0" minCyclomaticComplexity="0" maxCrapScore="0" minCrapScore="0" visitedClasses="0" numClasses="0" visitedMethods="0" numMethods="0" />
      <ModuleTime>0001-01-01T00:00:00</ModuleTime>
      <ModuleName>Tests</ModuleName>
      <Files>
        <File uid="1" fullPath="D:\Bakalauras\Bakalauras\CardGame\Assets\Scripts\Tests\ClassicGameModeTests.cs" />
        <File uid="2" fullPath="D:\Bakalauras\Bakalauras\CardGame\Assets\Scripts\Tests\DeckTests.cs" />
        <File uid="3" fullPath="D:\Bakalauras\Bakalauras\CardGame\Assets\Scripts\Tests\Integration.cs" />
        <File uid="4" fullPath="D:\Bakalauras\Bakalauras\CardGame\Assets\Scripts\Tests\MenuTests.cs" />
        <File uid="5" fullPath="D:\Bakalauras\Bakalauras\CardGame\Assets\Scripts\Tests\PuzzleGameModeTests.cs" />
      </Files>
      <Classes>
        <Class>
          <Summary numSequencePoints="0" visitedSequencePoints="0" numBranchPoints="0" visitedBranchPoints="0" sequenceCoverage="0" branchCoverage="0" maxCyclomaticComplexity="0" minCyclomaticComplexity="0" maxCrapScore="0" minCrapScore="0" visitedClasses="0" numClasses="0" visitedMethods="0" numMethods="0" />
          <FullName>Tests.ClassicGameModeTests</FullName>
          <Methods>
            <Method visited="true" cyclomaticComplexity="0" nPathComplexity="0" sequenceCoverage="100.0" branchCoverage="0" crapScore="0" isConstructor="false" isStatic="false" isGetter="false" isSetter="false">
              <Summary numSequencePoints="0" visitedSequencePoints="0" numBranchPoints="0" visitedBranchPoints="0" sequenceCoverage="100.0" branchCoverage="0" maxCyclomaticComplexity="0" minCyclomaticComplexity="0" maxCrapScore="0" minCrapScore="0" visitedClasses="0" numClasses="0" visitedMethods="0" numMethods="0" />
              <MetadataToken>100663297</MetadataToken>
              <Name>System.Void Tests.ClassicGameModeTests::GetAllPlayerCardsAttackHelper()</Name>
              <FileRef uid="1" />
              <SequencePoints>
                <SequencePoint vc="1" uspid="7943" ordinal="0" offset="0" sl="17" sc="9" el="17" ec="9" bec="0" bev="0" fileid="1" />
                <SequencePoint vc="1" uspid="7944" ordinal="0" offset="1" sl="18" sc="13" el="18" ec="13" bec="0" bev="0" fileid="1" />
                <SequencePoint vc="1" uspid="7945" ordinal="0" offset="12" sl="19" sc="13" el="19" ec="13" bec="0" bev="0" fileid="1" />
                <SequencePoint vc="1" uspid="7946" ordinal="0" offset="23" sl="21" sc="13" el="21" ec="13" bec="0" bev="0" fileid="1" />
                <SequencePoint vc="1" uspid="7947" ordinal="0" offset="34" sl="24" sc="13" el="24" ec="13" bec="0" bev="0" fileid="1" />
                <SequencePoint vc="1" uspid="7948" ordinal="0" offset="45" sl="25" sc="13" el="25" ec="13" bec="0" bev="0" fileid="1" />
                <SequencePoint vc="1" uspid="7949" ordinal="0" offset="52" sl="26" sc="13" el="26" ec="13" bec="0" bev="0" fileid="1" />
                <SequencePoint vc="1" uspid="7950" ordinal="0" offset="70" sl="28" sc="13" el="28" ec="13" bec="0" bev="0" fileid="1" />
                <SequencePoint vc="1" uspid="7951" ordinal="0" offset="78" sl="30" sc="13" el="30" ec="13" bec="0" bev="0" fileid="1" />
                <SequencePoint vc="1" uspid="7952" ordinal="0" offset="102" sl="31" sc="9" el="31" ec="9" bec="0" bev="0" fileid="1" />
              </SequencePoints>
              <BranchPoints />
            </Method>
            <Method visited="true" cyclomaticComplexity="0" nPathComplexity="0" sequenceCoverage="100.0" branchCoverage="0" crapScore="0" isConstructor="false" isStatic="false" isGetter="false" isSetter="false">
              <Summary numSequencePoints="0" visitedSequencePoints="0" numBranchPoints="0" visitedBranchPoints="0" sequenceCoverage="100.0" branchCoverage="0" maxCyclomaticComplexity="0" minCyclomaticComplexity="0" maxCrapScore="0" minCrapScore="0" visitedClasses="0" numClasses="0" visitedMethods="0" numMethods="0" />
              <MetadataToken>100663298</MetadataToken>
              <Name>System.Void Tests.ClassicGameModeTests::GetAllEnemyCardsAttackHelper()</Name>
              <FileRef uid="1" />
              <SequencePoints>
                <SequencePoint vc="1" uspid="7953" ordinal="0" offset="0" sl="35" sc="9" el="35" ec="9" bec="0" bev="0" fileid="1" />
                <SequencePoint vc="1" uspid="7954" ordinal="0" offset="1" sl="36" sc="13" el="36" ec="13" bec="0" bev="0" fileid="1" />
                <SequencePoint vc="1" uspid="7955" ordinal="0" offset="12" sl="37" sc="13" el="37" ec="13" bec="0" bev="0" fileid="1" />
                <SequencePoint vc="1" uspid="7956" ordinal="0" offset="23" sl="39" sc="13" el="39" ec="13" bec="0" bev="0" fileid="1" />
                <SequencePoint vc="1" uspid="7957" ordinal="0" offset="34" sl="42" sc="13" el="42" ec="13" bec="0" bev="0" fileid="1" />
                <SequencePoint vc="1" uspid="7958" ordinal="0" offset="45" sl="43" sc="13" el="43" ec="13" bec="0" bev="0" fileid="1" />
                <SequencePoint vc="1" uspid="7959" ordinal="0" offset="52" sl="44" sc="13" el="44" ec="13" bec="0" bev="0" fileid="1" />
                <SequencePoint vc="1" uspid="7960" ordinal="0" offset="70" sl="46" sc="13" el="46" ec="13" bec="0" bev="0" fileid="1" />
                <SequencePoint vc="1" uspid="7961" ordinal="0" offset="78" sl="48" sc="13" el="48" ec="13" bec="0" bev="0" fileid="1" />
                <SequencePoint vc="1" uspid="7962" ordinal="0" offset="102" sl="49" sc="13" el="49" ec="13" bec="0" bev="0" fileid="1" />
                <SequencePoint vc="1" uspid="7963" ordinal="0" offset="115" sl="50" sc="9" el="50" ec="9" bec="0" bev="0" fileid="1" />
              </SequencePoints>
              <BranchPoints />
            </Method>
            <Method visited="true" cyclomaticComplexity="0" nPathComplexity="0" sequenceCoverage="100.0" branchCoverage="0" crapScore="0" isConstructor="false" isStatic="false" isGetter="false" isSetter="false">
              <Summary numSequencePoints="0" visitedSequencePoints="0" numBranchPoints="0" visitedBranchPoints="0" sequenceCoverage="100.0" branchCoverage="0" maxCyclomaticComplexity="0" minCyclomaticComplexity="0" maxCrapScore="0" minCrapScore="0" visitedClasses="0" numClasses="0" visitedMethods="0" numMethods="0" />
              <MetadataToken>100663299</MetadataToken>
              <Name>System.Void Tests.ClassicGameModeTests::SetPlayersCardsToAttackAttackHelper()</Name>
              <FileRef uid="1" />
              <SequencePoints>
                <SequencePoint vc="1" uspid="7964" ordinal="0" offset="0" sl="53" sc="9" el="53" ec="9" bec="0" bev="0" fileid="1" />
                <SequencePoint vc="1" uspid="7965" ordinal="0" offset="1" sl="54" sc="13" el="54" ec="13" bec="0" bev="0" fileid="1" />
                <SequencePoint vc="1" uspid="7966" ordinal="0" offset="12" sl="56" sc="13" el="56" ec="13" bec="0" bev="0" fileid="1" />
                <SequencePoint vc="1" uspid="7967" ordinal="0" offset="23" sl="58" sc="13" el="58" ec="13" bec="0" bev="0" fileid="1" />
                <SequencePoint vc="1" uspid="7968" ordinal="0" offset="34" sl="59" sc="13" el="59" ec="13" bec="0" bev="0" fileid="1" />
                <SequencePoint vc="1" uspid="7969" ordinal="0" offset="41" sl="60" sc="13" el="60" ec="13" bec="0" bev="0" fileid="1" />
                <SequencePoint vc="1" uspid="7970" ordinal="0" offset="54" sl="61" sc="13" el="61" ec="13" bec="0" bev="0" fileid="1" />
                <SequencePoint vc="1" uspid="7971" ordinal="0" offset="72" sl="63" sc="13" el="63" ec="13" bec="0" bev="0" fileid="1" />
                <SequencePoint vc="1" uspid="7972" ordinal="0" offset="79" sl="66" sc="13" el="66" ec="13" bec="0" bev="0" fileid="1" />
                <SequencePoint vc="1" uspid="7973" ordinal="0" offset="96" sl="67" sc="13" el="67" ec="13" bec="0" bev="0" fileid="1" />
                <SequencePoint vc="1" uspid="7974" ordinal="0" offset="109" sl="68" sc="9" el="68" ec="9" bec="0" bev="0" fileid="1" />
              </SequencePoints>
              <BranchPoints />
            </Method>
            <Method visited="true" cyclomaticComplexity="0" nPathComplexity="0" sequenceCoverage="100.0" branchCoverage="0" crapScore="0" isConstructor="false" isStatic="false" isGetter="false" isSetter="false">
              <Summary numSequencePoints="0" visitedSequencePoints="0" numBranchPoints="0" visitedBranchPoints="0" sequenceCoverage="100.0" branchCoverage="0" maxCyclomaticComplexity="0" minCyclomaticComplexity="0" maxCrapScore="0" minCrapScore="0" visitedClasses="0" numClasses="0" visitedMethods="0" numMethods="0" />
              <MetadataToken>100663300</MetadataToken>
              <Name>System.Void Tests.ClassicGameModeTests::SetPlayersCardsToNotAttackAttackHelper()</Name>
              <FileRef uid="1" />
              <SequencePoints>
                <SequencePoint vc="1" uspid="7975" ordinal="0" offset="0" sl="72" sc="9" el="72" ec="9" bec="0" bev="0" fileid="1" />
                <SequencePoint vc="1" uspid="7976" ordinal="0" offset="1" sl="73" sc="13" el="73" ec="13" bec="0" bev="0" fileid="1" />
                <SequencePoint vc="1" uspid="7977" ordinal="0" offset="12" sl="75" sc="13" el="75" ec="13" bec="0" bev="0" fileid="1" />
                <SequencePoint vc="1" uspid="7978" ordinal="0" offset="23" sl="77" sc="13" el="77" ec="13" bec="0" bev="0" fileid="1" />
                <SequencePoint vc="1" uspid="7979" ordinal="0" offset="34" sl="78" sc="13" el="78" ec="13" bec="0" bev="0" fileid="1" />
                <SequencePoint vc="1" uspid="7980" ordinal="0" offset="41" sl="79" sc="13" el="79" ec="13" bec="0" bev="0" fileid="1" />
                <SequencePoint vc="1" uspid="7981" ordinal="0" offset="54" sl="80" sc="13" el="80" ec="13" bec="0" bev="0" fileid="1" />
                <SequencePoint vc="1" uspid="7982" ordinal="0" offset="72" sl="82" sc="13" el="82" ec="13" bec="0" bev="0" fileid="1" />
                <SequencePoint vc="1" uspid="7983" ordinal="0" offset="79" sl="84" sc="13" el="84" ec="13" bec="0" bev="0" fileid="1" />
                <SequencePoint vc="1" uspid="7984" ordinal="0" offset="96" sl="85" sc="9" el="85" ec="9" bec="0" bev="0" fileid="1" />
              </SequencePoints>
              <BranchPoints />
            </Method>
            <Method visited="true" cyclomaticComplexity="0" nPathComplexity="0" sequenceCoverage="100.0" branchCoverage="0" crapScore="0" isConstructor="false" isStatic="false" isGetter="false" isSetter="false">
              <Summary numSequencePoints="0" visitedSequencePoints="0" numBranchPoints="0" visitedBranchPoints="0" sequenceCoverage="100.0" branchCoverage="0" maxCyclomaticComplexity="0" minCyclomaticComplexity="0" maxCrapScore="0" minCrapScore="0" visitedClasses="0" numClasses="0" visitedMethods="0" numMethods="0" />
              <MetadataToken>100663301</MetadataToken>
              <Name>System.Void Tests.ClassicGameModeTests::getDeffendingPlayerAttackHelper()</Name>
              <FileRef uid="1" />
              <SequencePoints>
                <SequencePoint vc="1" uspid="7985" ordinal="0" offset="0" sl="90" sc="9" el="90" ec="9" bec="0" bev="0" fileid="1" />
                <SequencePoint vc="1" uspid="7986" ordinal="0" offset="1" sl="91" sc="13" el="91" ec="13" bec="0" bev="0" fileid="1" />
                <SequencePoint vc="1" uspid="7987" ordinal="0" offset="12" sl="92" sc="13" el="92" ec="13" bec="0" bev="0" fileid="1" />
                <SequencePoint vc="1" uspid="7988" ordinal="0" offset="23" sl="94" sc="13" el="94" ec="13" bec="0" bev="0" fileid="1" />
                <SequencePoint vc="1" uspid="7989" ordinal="0" offset="34" sl="96" sc="13" el="96" ec="13" bec="0" bev="0" fileid="1" />
                <SequencePoint vc="1" uspid="7990" ordinal="0" offset="45" sl="97" sc="13" el="97" ec="13" bec="0" bev="0" fileid="1" />
                <SequencePoint vc="1" uspid="7991" ordinal="0" offset="52" sl="98" sc="13" el="98" ec="13" bec="0" bev="0" fileid="1" />
                <SequencePoint vc="1" uspid="7992" ordinal="0" offset="65" sl="99" sc="13" el="99" ec="13" bec="0" bev="0" fileid="1" />
                <SequencePoint vc="1" uspid="7993" ordinal="0" offset="83" sl="101" sc="13" el="101" ec="13" bec="0" bev="0" fileid="1" />
                <SequencePoint vc="1" uspid="7994" ordinal="0" offset="90" sl="103" sc="13" el="103" ec="13" bec="0" bev="0" fileid="1" />
                <SequencePoint vc="1" uspid="7995" ordinal="0" offset="107" sl="104" sc="9" el="104" ec="9" bec="0" bev="0" fileid="1" />
              </SequencePoints>
              <BranchPoints />
            </Method>
            <Method visited="true" cyclomaticComplexity="0" nPathComplexity="0" sequenceCoverage="100.0" branchCoverage="0" crapScore="0" isConstructor="false" isStatic="false" isGetter="false" isSetter="false">
              <Summary numSequencePoints="0" visitedSequencePoints="0" numBranchPoints="0" visitedBranchPoints="0" sequenceCoverage="100.0" branchCoverage="0" maxCyclomaticComplexity="0" minCyclomaticComplexity="0" maxCrapScore="0" minCrapScore="0" visitedClasses="0" numClasses="0" visitedMethods="0" numMethods="0" />
              <MetadataToken>100663302</MetadataToken>
              <Name>System.Void Tests.ClassicGameModeTests::GetCostCardCostHelper()</Name>
              <FileRef uid="1" />
              <SequencePoints>
                <SequencePoint vc="1" uspid="7996" ordinal="0" offset="0" sl="111" sc="9" el="111" ec="9" bec="0" bev="0" fileid="1" />
                <SequencePoint vc="1" uspid="7997" ordinal="0" offset="1" sl="112" sc="13" el="112" ec="13" bec="0" bev="0" fileid="1" />
                <SequencePoint vc="1" uspid="7998" ordinal="0" offset="12" sl="113" sc="13" el="113" ec="13" bec="0" bev="0" fileid="1" />
                <SequencePoint vc="1" uspid="7999" ordinal="0" offset="19" sl="114" sc="13" el="114" ec="13" bec="0" bev="0" fileid="1" />
                <SequencePoint vc="1" uspid="8000" ordinal="0" offset="26" sl="115" sc="13" el="115" ec="13" bec="0" bev="0" fileid="1" />
                <SequencePoint vc="1" uspid="8001" ordinal="0" offset="33" sl="116" sc="13" el="116" ec="13" bec="0" bev="0" fileid="1" />
                <SequencePoint vc="1" uspid="8002" ordinal="0" offset="56" sl="117" sc="9" el="117" ec="9" bec="0" bev="0" fileid="1" />
              </SequencePoints>
              <BranchPoints />
            </Method>
            <Method visited="true" cyclomaticComplexity="0" nPathComplexity="0" sequenceCoverage="100.0" branchCoverage="0" crapScore="0" isConstructor="false" isStatic="false" isGetter="false" isSetter="false">
              <Summary numSequencePoints="0" visitedSequencePoints="0" numBranchPoints="0" visitedBranchPoints="0" sequenceCoverage="100.0" branchCoverage="0" maxCyclomaticComplexity="0" minCyclomaticComplexity="0" maxCrapScore="0" minCrapScore="0" visitedClasses="0" numClasses="0" visitedMethods="0" numMethods="0" />
              <MetadataToken>100663303</MetadataToken>
              <Name>System.Void Tests.ClassicGameModeTests::SetCostCostHelper()</Name>
              <FileRef uid="1" />
              <SequencePoints>
                <SequencePoint vc="1" uspid="8003" ordinal="0" offset="0" sl="121" sc="9" el="121" ec="9" bec="0" bev="0" fileid="1" />
                <SequencePoint vc="1" uspid="8004" ordinal="0" offset="1" sl="122" sc="13" el="122" ec="13" bec="0" bev="0" fileid="1" />
                <SequencePoint vc="1" uspid="8005" ordinal="0" offset="12" sl="123" sc="13" el="123" ec="13" bec="0" bev="0" fileid="1" />
                <SequencePoint vc="1" uspid="8006" ordinal="0" offset="19" sl="124" sc="13" el="124" ec="13" bec="0" bev="0" fileid="1" />
                <SequencePoint vc="1" uspid="8007" ordinal="0" offset="26" sl="125" sc="13" el="125" ec="13" bec="0" bev="0" fileid="1" />
                <SequencePoint vc="1" uspid="8008" ordinal="0" offset="33" sl="126" sc="13" el="126" ec="13" bec="0" bev="0" fileid="1" />
                <SequencePoint vc="1" uspid="8009" ordinal="0" offset="41" sl="127" sc="13" el="127" ec="13" bec="0" bev="0" fileid="1" />
                <SequencePoint vc="1" uspid="8010" ordinal="0" offset="64" sl="128" sc="9" el="128" ec="9" bec="0" bev="0" fileid="1" />
              </SequencePoints>
              <BranchPoints />
            </Method>
            <Method visited="true" cyclomaticComplexity="0" nPathComplexity="0" sequenceCoverage="100.0" branchCoverage="0" crapScore="0" isConstructor="false" isStatic="false" isGetter="false" isSetter="false">
              <Summary numSequencePoints="0" visitedSequencePoints="0" numBranchPoints="0" visitedBranchPoints="0" sequenceCoverage="100.0" branchCoverage="0" maxCyclomaticComplexity="0" minCyclomaticComplexity="0" maxCrapScore="0" minCrapScore="0" visitedClasses="0" numClasses="0" visitedMethods="0" numMethods="0" />
              <MetadataToken>100663304</MetadataToken>
              <Name>System.Void Tests.ClassicGameModeTests::SetCostToLowCostHelper()</Name>
              <FileRef uid="1" />
              <SequencePoints>
                <SequencePoint vc="1" uspid="8011" ordinal="0" offset="0" sl="132" sc="9" el="132" ec="9" bec="0" bev="0" fileid="1" />
                <SequencePoint vc="1" uspid="8012" ordinal="0" offset="1" sl="133" sc="13" el="133" ec="13" bec="0" bev="0" fileid="1" />
                <SequencePoint vc="1" uspid="8013" ordinal="0" offset="12" sl="134" sc="13" el="134" ec="13" bec="0" bev="0" fileid="1" />
                <SequencePoint vc="1" uspid="8014" ordinal="0" offset="19" sl="135" sc="13" el="135" ec="13" bec="0" bev="0" fileid="1" />
                <SequencePoint vc="1" uspid="8015" ordinal="0" offset="26" sl="136" sc="13" el="136" ec="13" bec="0" bev="0" fileid="1" />
                <SequencePoint vc="1" uspid="8016" ordinal="0" offset="33" sl="137" sc="13" el="137" ec="13" bec="0" bev="0" fileid="1" />
                <SequencePoint vc="1" uspid="8017" ordinal="0" offset="41" sl="138" sc="13" el="138" ec="13" bec="0" bev="0" fileid="1" />
                <SequencePoint vc="1" uspid="8018" ordinal="0" offset="64" sl="139" sc="9" el="139" ec="9" bec="0" bev="0" fileid="1" />
              </SequencePoints>
              <BranchPoints />
            </Method>
            <Method visited="true" cyclomaticComplexity="0" nPathComplexity="0" sequenceCoverage="100.0" branchCoverage="0" crapScore="0" isConstructor="false" isStatic="false" isGetter="false" isSetter="false">
              <Summary numSequencePoints="0" visitedSequencePoints="0" numBranchPoints="0" visitedBranchPoints="0" sequenceCoverage="100.0" branchCoverage="0" maxCyclomaticComplexity="0" minCyclomaticComplexity="0" maxCrapScore="0" minCrapScore="0" visitedClasses="0" numClasses="0" visitedMethods="0" numMethods="0" />
              <MetadataToken>100663305</MetadataToken>
              <Name>System.Void Tests.ClassicGameModeTests::RemoveCostCostHelper()</Name>
              <FileRef uid="1" />
              <SequencePoints>
                <SequencePoint vc="1" uspid="8019" ordinal="0" offset="0" sl="143" sc="9" el="143" ec="9" bec="0" bev="0" fileid="1" />
                <SequencePoint vc="1" uspid="8020" ordinal="0" offset="1" sl="144" sc="13" el="144" ec="13" bec="0" bev="0" fileid="1" />
                <SequencePoint vc="1" uspid="8021" ordinal="0" offset="12" sl="145" sc="13" el="145" ec="13" bec="0" bev="0" fileid="1" />
                <SequencePoint vc="1" uspid="8022" ordinal="0" offset="19" sl="146" sc="13" el="146" ec="13" bec="0" bev="0" fileid="1" />
                <SequencePoint vc="1" uspid="8023" ordinal="0" offset="26" sl="147" sc="13" el="147" ec="13" bec="0" bev="0" fileid="1" />
                <SequencePoint vc="1" uspid="8024" ordinal="0" offset="33" sl="148" sc="13" el="148" ec="13" bec="0" bev="0" fileid="1" />
                <SequencePoint vc="1" uspid="8025" ordinal="0" offset="41" sl="149" sc="13" el="149" ec="13" bec="0" bev="0" fileid="1" />
                <SequencePoint vc="1" uspid="8026" ordinal="0" offset="64" sl="150" sc="9" el="150" ec="9" bec="0" bev="0" fileid="1" />
              </SequencePoints>
              <BranchPoints />
            </Method>
            <Method visited="true" cyclomaticComplexity="0" nPathComplexity="0" sequenceCoverage="100.0" branchCoverage="0" crapScore="0" isConstructor="false" isStatic="false" isGetter="false" isSetter="false">
              <Summary numSequencePoints="0" visitedSequencePoints="0" numBranchPoints="0" visitedBranchPoints="0" sequenceCoverage="100.0" branchCoverage="0" maxCyclomaticComplexity="0" minCyclomaticComplexity="0" maxCrapScore="0" minCrapScore="0" visitedClasses="0" numClasses="0" visitedMethods="0" numMethods="0" />
              <MetadataToken>100663306</MetadataToken>
              <Name>System.Void Tests.ClassicGameModeTests::RemoveCostToManyCostHelper()</Name>
              <FileRef uid="1" />
              <SequencePoints>
                <SequencePoint vc="1" uspid="8027" ordinal="0" offset="0" sl="154" sc="9" el="154" ec="9" bec="0" bev="0" fileid="1" />
                <SequencePoint vc="1" uspid="8028" ordinal="0" offset="1" sl="155" sc="13" el="155" ec="13" bec="0" bev="0" fileid="1" />
                <SequencePoint vc="1" uspid="8029" ordinal="0" offset="12" sl="156" sc="13" el="156" ec="13" bec="0" bev="0" fileid="1" />
                <SequencePoint vc="1" uspid="8030" ordinal="0" offset="19" sl="157" sc="13" el="157" ec="13" bec="0" bev="0" fileid="1" />
                <SequencePoint vc="1" uspid="8031" ordinal="0" offset="26" sl="158" sc="13" el="158" ec="13" bec="0" bev="0" fileid="1" />
                <SequencePoint vc="1" uspid="8032" ordinal="0" offset="33" sl="159" sc="13" el="159" ec="13" bec="0" bev="0" fileid="1" />
                <SequencePoint vc="1" uspid="8033" ordinal="0" offset="41" sl="160" sc="13" el="160" ec="13" bec="0" bev="0" fileid="1" />
                <SequencePoint vc="1" uspid="8034" ordinal="0" offset="64" sl="161" sc="9" el="161" ec="9" bec="0" bev="0" fileid="1" />
              </SequencePoints>
              <BranchPoints />
            </Method>
            <Method visited="true" cyclomaticComplexity="0" nPathComplexity="0" sequenceCoverage="100.0" branchCoverage="0" crapScore="0" isConstructor="false" isStatic="false" isGetter="false" isSetter="false">
              <Summary numSequencePoints="0" visitedSequencePoints="0" numBranchPoints="0" visitedBranchPoints="0" sequenceCoverage="100.0" branchCoverage="0" maxCyclomaticComplexity="0" minCyclomaticComplexity="0" maxCrapScore="0" minCrapScore="0" visitedClasses="0" numClasses="0" visitedMethods="0" numMethods="0" />
              <MetadataToken>100663307</MetadataToken>
              <Name>System.Void Tests.ClassicGameModeTests::GetLifeCardStatsHelper()</Name>
              <FileRef uid="1" />
              <SequencePoints>
                <SequencePoint vc="1" uspid="8035" ordinal="0" offset="0" sl="166" sc="9" el="166" ec="9" bec="0" bev="0" fileid="1" />
                <SequencePoint vc="1" uspid="8036" ordinal="0" offset="1" sl="167" sc="13" el="167" ec="13" bec="0" bev="0" fileid="1" />
                <SequencePoint vc="1" uspid="8037" ordinal="0" offset="12" sl="168" sc="13" el="168" ec="13" bec="0" bev="0" fileid="1" />
                <SequencePoint vc="1" uspid="8038" ordinal="0" offset="19" sl="169" sc="13" el="169" ec="13" bec="0" bev="0" fileid="1" />
                <SequencePoint vc="1" uspid="8039" ordinal="0" offset="26" sl="170" sc="13" el="170" ec="13" bec="0" bev="0" fileid="1" />
                <SequencePoint vc="1" uspid="8040" ordinal="0" offset="33" sl="171" sc="13" el="171" ec="13" bec="0" bev="0" fileid="1" />
                <SequencePoint vc="1" uspid="8041" ordinal="0" offset="56" sl="172" sc="9" el="172" ec="9" bec="0" bev="0" fileid="1" />
              </SequencePoints>
              <BranchPoints />
            </Method>
            <Method visited="true" cyclomaticComplexity="0" nPathComplexity="0" sequenceCoverage="100.0" branchCoverage="0" crapScore="0" isConstructor="false" isStatic="false" isGetter="false" isSetter="false">
              <Summary numSequencePoints="0" visitedSequencePoints="0" numBranchPoints="0" visitedBranchPoints="0" sequenceCoverage="100.0" branchCoverage="0" maxCyclomaticComplexity="0" minCyclomaticComplexity="0" maxCrapScore="0" minCrapScore="0" visitedClasses="0" numClasses="0" visitedMethods="0" numMethods="0" />
              <MetadataToken>100663308</MetadataToken>
              <Name>System.Void Tests.ClassicGameModeTests::TakeDamageCardStatsHelper()</Name>
              <FileRef uid="1" />
              <SequencePoints>
                <SequencePoint vc="1" uspid="8042" ordinal="0" offset="0" sl="176" sc="9" el="176" ec="9" bec="0" bev="0" fileid="1" />
                <SequencePoint vc="1" uspid="8043" ordinal="0" offset="1" sl="177" sc="13" el="177" ec="13" bec="0" bev="0" fileid="1" />
                <SequencePoint vc="1" uspid="8044" ordinal="0" offset="12" sl="178" sc="13" el="178" ec="13" bec="0" bev="0" fileid="1" />
                <SequencePoint vc="1" uspid="8045" ordinal="0" offset="19" sl="179" sc="13" el="179" ec="13" bec="0" bev="0" fileid="1" />
                <SequencePoint vc="1" uspid="8046" ordinal="0" offset="26" sl="180" sc="13" el="180" ec="13" bec="0" bev="0" fileid="1" />
                <SequencePoint vc="1" uspid="8047" ordinal="0" offset="33" sl="181" sc="13" el="181" ec="13" bec="0" bev="0" fileid="1" />
                <SequencePoint vc="1" uspid="8048" ordinal="0" offset="41" sl="182" sc="13" el="182" ec="13" bec="0" bev="0" fileid="1" />
                <SequencePoint vc="1" uspid="8049" ordinal="0" offset="64" sl="183" sc="9" el="183" ec="9" bec="0" bev="0" fileid="1" />
              </SequencePoints>
              <BranchPoints />
            </Method>
            <Method visited="true" cyclomaticComplexity="0" nPathComplexity="0" sequenceCoverage="100.0" branchCoverage="0" crapScore="0" isConstructor="false" isStatic="false" isGetter="false" isSetter="false">
              <Summary numSequencePoints="0" visitedSequencePoints="0" numBranchPoints="0" visitedBranchPoints="0" sequenceCoverage="100.0" branchCoverage="0" maxCyclomaticComplexity="0" minCyclomaticComplexity="0" maxCrapScore="0" minCrapScore="0" visitedClasses="0" numClasses="0" visitedMethods="0" numMethods="0" />
              <MetadataToken>100663309</MetadataToken>
              <Name>System.Void Tests.ClassicGameModeTests::GetAttackCardStatsHelper()</Name>
              <FileRef uid="1" />
              <SequencePoints>
                <SequencePoint vc="1" uspid="8050" ordinal="0" offset="0" sl="187" sc="9" el="187" ec="9" bec="0" bev="0" fileid="1" />
                <SequencePoint vc="1" uspid="8051" ordinal="0" offset="1" sl="188" sc="13" el="188" ec="13" bec="0" bev="0" fileid="1" />
                <SequencePoint vc="1" uspid="8052" ordinal="0" offset="12" sl="189" sc="13" el="189" ec="13" bec="0" bev="0" fileid="1" />
                <SequencePoint vc="1" uspid="8053" ordinal="0" offset="19" sl="190" sc="13" el="190" ec="13" bec="0" bev="0" fileid="1" />
                <SequencePoint vc="1" uspid="8054" ordinal="0" offset="26" sl="191" sc="13" el="191" ec="13" bec="0" bev="0" fileid="1" />
                <SequencePoint vc="1" uspid="8055" ordinal="0" offset="33" sl="192" sc="13" el="192" ec="13" bec="0" bev="0" fileid="1" />
                <SequencePoint vc="1" uspid="8056" ordinal="0" offset="56" sl="193" sc="9" el="193" ec="9" bec="0" bev="0" fileid="1" />
              </SequencePoints>
              <BranchPoints />
            </Method>
            <Method visited="true" cyclomaticComplexity="0" nPathComplexity="0" sequenceCoverage="100.0" branchCoverage="0" crapScore="0" isConstructor="false" isStatic="false" isGetter="false" isSetter="false">
              <Summary numSequencePoints="0" visitedSequencePoints="0" numBranchPoints="0" visitedBranchPoints="0" sequenceCoverage="100.0" branchCoverage="0" maxCyclomaticComplexity="0" minCyclomaticComplexity="0" maxCrapScore="0" minCrapScore="0" visitedClasses="0" numClasses="0" visitedMethods="0" numMethods="0" />
              <MetadataToken>100663310</MetadataToken>
              <Name>System.Void Tests.ClassicGameModeTests::SetAttackCardStatsHelper()</Name>
              <FileRef uid="1" />
              <SequencePoints>
                <SequencePoint vc="1" uspid="8057" ordinal="0" offset="0" sl="197" sc="9" el="197" ec="9" bec="0" bev="0" fileid="1" />
                <SequencePoint vc="1" uspid="8058" ordinal="0" offset="1" sl="198" sc="13" el="198" ec="13" bec="0" bev="0" fileid="1" />
                <SequencePoint vc="1" uspid="8059" ordinal="0" offset="12" sl="199" sc="13" el="199" ec="13" bec="0" bev="0" fileid="1" />
                <SequencePoint vc="1" uspid="8060" ordinal="0" offset="19" sl="200" sc="13" el="200" ec="13" bec="0" bev="0" fileid="1" />
                <SequencePoint vc="1" uspid="8061" ordinal="0" offset="26" sl="201" sc="13" el="201" ec="13" bec="0" bev="0" fileid="1" />
                <SequencePoint vc="1" uspid="8062" ordinal="0" offset="33" sl="202" sc="13" el="202" ec="13" bec="0" bev="0" fileid="1" />
                <SequencePoint vc="1" uspid="8063" ordinal="0" offset="41" sl="203" sc="13" el="203" ec="13" bec="0" bev="0" fileid="1" />
                <SequencePoint vc="1" uspid="8064" ordinal="0" offset="64" sl="204" sc="9" el="204" ec="9" bec="0" bev="0" fileid="1" />
              </SequencePoints>
              <BranchPoints />
            </Method>
            <Method visited="true" cyclomaticComplexity="0" nPathComplexity="0" sequenceCoverage="100.0" branchCoverage="0" crapScore="0" isConstructor="false" isStatic="false" isGetter="false" isSetter="false">
              <Summary numSequencePoints="0" visitedSequencePoints="0" numBranchPoints="0" visitedBranchPoints="0" sequenceCoverage="100.0" branchCoverage="0" maxCyclomaticComplexity="0" minCyclomaticComplexity="0" maxCrapScore="0" minCrapScore="0" visitedClasses="0" numClasses="0" visitedMethods="0" numMethods="0" />
              <MetadataToken>100663311</MetadataToken>
              <Name>System.Void Tests.ClassicGameModeTests::CheckIfStillAliveCardStatsHelper()</Name>
              <FileRef uid="1" />
              <SequencePoints>
                <SequencePoint vc="1" uspid="8065" ordinal="0" offset="0" sl="208" sc="9" el="208" ec="9" bec="0" bev="0" fileid="1" />
                <SequencePoint vc="1" uspid="8066" ordinal="0" offset="1" sl="209" sc="13" el="209" ec="13" bec="0" bev="0" fileid="1" />
                <SequencePoint vc="1" uspid="8067" ordinal="0" offset="12" sl="210" sc="13" el="210" ec="13" bec="0" bev="0" fileid="1" />
                <SequencePoint vc="1" uspid="8068" ordinal="0" offset="19" sl="211" sc="13" el="211" ec="13" bec="0" bev="0" fileid="1" />
                <SequencePoint vc="1" uspid="8069" ordinal="0" offset="26" sl="212" sc="13" el="212" ec="13" bec="0" bev="0" fileid="1" />
                <SequencePoint vc="1" uspid="8070" ordinal="0" offset="33" sl="213" sc="13" el="213" ec="13" bec="0" bev="0" fileid="1" />
                <SequencePoint vc="1" uspid="8071" ordinal="0" offset="41" sl="214" sc="13" el="214" ec="13" bec="0" bev="0" fileid="1" />
                <SequencePoint vc="1" uspid="8072" ordinal="0" offset="48" sl="215" sc="13" el="215" ec="13" bec="0" bev="0" fileid="1" />
                <SequencePoint vc="1" uspid="8073" ordinal="0" offset="55" sl="216" sc="9" el="216" ec="9" bec="0" bev="0" fileid="1" />
              </SequencePoints>
              <BranchPoints />
            </Method>
            <Method visited="true" cyclomaticComplexity="0" nPathComplexity="0" sequenceCoverage="100.0" branchCoverage="0" crapScore="0" isConstructor="false" isStatic="false" isGetter="false" isSetter="false">
              <Summary numSequencePoints="0" visitedSequencePoints="0" numBranchPoints="0" visitedBranchPoints="0" sequenceCoverage="100.0" branchCoverage="0" maxCyclomaticComplexity="0" minCyclomaticComplexity="0" maxCrapScore="0" minCrapScore="0" visitedClasses="0" numClasses="0" visitedMethods="0" numMethods="0" />
              <MetadataToken>100663312</MetadataToken>
              <Name>System.Void Tests.ClassicGameModeTests::ResetStatsCardStatsHelper()</Name>
              <FileRef uid="1" />
              <SequencePoints>
                <SequencePoint vc="1" uspid="8074" ordinal="0" offset="0" sl="220" sc="9" el="220" ec="9" bec="0" bev="0" fileid="1" />
                <SequencePoint vc="1" uspid="8075" ordinal="0" offset="1" sl="221" sc="13" el="221" ec="13" bec="0" bev="0" fileid="1" />
                <SequencePoint vc="1" uspid="8076" ordinal="0" offset="12" sl="222" sc="13" el="222" ec="13" bec="0" bev="0" fileid="1" />
                <SequencePoint vc="1" uspid="8077" ordinal="0" offset="19" sl="223" sc="13" el="223" ec="13" bec="0" bev="0" fileid="1" />
                <SequencePoint vc="1" uspid="8078" ordinal="0" offset="26" sl="224" sc="13" el="224" ec="13" bec="0" bev="0" fileid="1" />
                <SequencePoint vc="1" uspid="8079" ordinal="0" offset="33" sl="225" sc="13" el="225" ec="13" bec="0" bev="0" fileid="1" />
                <SequencePoint vc="1" uspid="8080" ordinal="0" offset="41" sl="226" sc="13" el="226" ec="13" bec="0" bev="0" fileid="1" />
                <SequencePoint vc="1" uspid="8081" ordinal="0" offset="48" sl="227" sc="13" el="227" ec="13" bec="0" bev="0" fileid="1" />
                <SequencePoint vc="1" uspid="8082" ordinal="0" offset="71" sl="228" sc="9" el="228" ec="9" bec="0" bev="0" fileid="1" />
              </SequencePoints>
              <BranchPoints />
            </Method>
            <Method visited="true" cyclomaticComplexity="0" nPathComplexity="0" sequenceCoverage="100.0" branchCoverage="0" crapScore="0" isConstructor="false" isStatic="false" isGetter="false" isSetter="false">
              <Summary numSequencePoints="0" visitedSequencePoints="0" numBranchPoints="0" visitedBranchPoints="0" sequenceCoverage="100.0" branchCoverage="0" maxCyclomaticComplexity="0" minCyclomaticComplexity="0" maxCrapScore="0" minCrapScore="0" visitedClasses="0" numClasses="0" visitedMethods="0" numMethods="0" />
              <MetadataToken>100663313</MetadataToken>
              <Name>System.Void Tests.ClassicGameModeTests::SpawnPlayerPlayerClassicGameManager()</Name>
              <FileRef uid="1" />
              <SequencePoints>
                <SequencePoint vc="1" uspid="8083" ordinal="0" offset="0" sl="233" sc="9" el="233" ec="9" bec="0" bev="0" fileid="1" />
                <SequencePoint vc="1" uspid="8084" ordinal="0" offset="1" sl="234" sc="13" el="234" ec="13" bec="0" bev="0" fileid="1" />
                <SequencePoint vc="1" uspid="8085" ordinal="0" offset="12" sl="235" sc="13" el="235" ec="13" bec="0" bev="0" fileid="1" />
                <SequencePoint vc="1" uspid="8086" ordinal="0" offset="19" sl="236" sc="13" el="236" ec="13" bec="0" bev="0" fileid="1" />
                <SequencePoint vc="1" uspid="8087" ordinal="0" offset="26" sl="237" sc="13" el="237" ec="13" bec="0" bev="0" fileid="1" />
                <SequencePoint vc="1" uspid="8088" ordinal="0" offset="42" sl="238" sc="13" el="238" ec="13" bec="0" bev="0" fileid="1" />
                <SequencePoint vc="1" uspid="8089" ordinal="0" offset="49" sl="239" sc="13" el="239" ec="13" bec="0" bev="0" fileid="1" />
                <SequencePoint vc="1" uspid="8090" ordinal="0" offset="60" sl="240" sc="13" el="240" ec="13" bec="0" bev="0" fileid="1" />
                <SequencePoint vc="1" uspid="8091" ordinal="0" offset="70" sl="241" sc="13" el="241" ec="13" bec="0" bev="0" fileid="1" />
                <SequencePoint vc="1" uspid="8092" ordinal="0" offset="87" sl="242" sc="13" el="242" ec="13" bec="0" bev="0" fileid="1" />
                <SequencePoint vc="1" uspid="8093" ordinal="0" offset="108" sl="243" sc="9" el="243" ec="9" bec="0" bev="0" fileid="1" />
              </SequencePoints>
              <BranchPoints />
            </Method>
            <Method visited="true" cyclomaticComplexity="0" nPathComplexity="0" sequenceCoverage="100.0" branchCoverage="0" crapScore="0" isConstructor="false" isStatic="false" isGetter="false" isSetter="false">
              <Summary numSequencePoints="0" visitedSequencePoints="0" numBranchPoints="0" visitedBranchPoints="0" sequenceCoverage="100.0" branchCoverage="0" maxCyclomaticComplexity="0" minCyclomaticComplexity="0" maxCrapScore="0" minCrapScore="0" visitedClasses="0" numClasses="0" visitedMethods="0" numMethods="0" />
              <MetadataToken>100663314</MetadataToken>
              <Name>System.Void Tests.ClassicGameModeTests::SpawnPlayerEnemyClassicGameManager()</Name>
              <FileRef uid="1" />
              <SequencePoints>
                <SequencePoint vc="1" uspid="8094" ordinal="0" offset="0" sl="248" sc="9" el="248" ec="9" bec="0" bev="0" fileid="1" />
                <SequencePoint vc="1" uspid="8095" ordinal="0" offset="1" sl="249" sc="13" el="249" ec="13" bec="0" bev="0" fileid="1" />
                <SequencePoint vc="1" uspid="8096" ordinal="0" offset="12" sl="250" sc="13" el="250" ec="13" bec="0" bev="0" fileid="1" />
                <SequencePoint vc="1" uspid="8097" ordinal="0" offset="23" sl="251" sc="13" el="251" ec="13" bec="0" bev="0" fileid="1" />
                <SequencePoint vc="1" uspid="8098" ordinal="0" offset="30" sl="252" sc="13" el="252" ec="13" bec="0" bev="0" fileid="1" />
                <SequencePoint vc="1" uspid="8099" ordinal="0" offset="37" sl="253" sc="13" el="253" ec="13" bec="0" bev="0" fileid="1" />
                <SequencePoint vc="1" uspid="8100" ordinal="0" offset="53" sl="254" sc="13" el="254" ec="13" bec="0" bev="0" fileid="1" />
                <SequencePoint vc="1" uspid="8101" ordinal="0" offset="60" sl="255" sc="13" el="255" ec="13" bec="0" bev="0" fileid="1" />
                <SequencePoint vc="1" uspid="8102" ordinal="0" offset="76" sl="256" sc="13" el="256" ec="13" bec="0" bev="0" fileid="1" />
                <SequencePoint vc="1" uspid="8103" ordinal="0" offset="83" sl="257" sc="13" el="257" ec="13" bec="0" bev="0" fileid="1" />
                <SequencePoint vc="1" uspid="8104" ordinal="0" offset="94" sl="258" sc="13" el="258" ec="13" bec="0" bev="0" fileid="1" />
                <SequencePoint vc="1" uspid="8105" ordinal="0" offset="104" sl="259" sc="13" el="259" ec="13" bec="0" bev="0" fileid="1" />
                <SequencePoint vc="1" uspid="8106" ordinal="0" offset="121" sl="260" sc="13" el="260" ec="13" bec="0" bev="0" fileid="1" />
                <SequencePoint vc="1" uspid="8107" ordinal="0" offset="142" sl="261" sc="9" el="261" ec="9" bec="0" bev="0" fileid="1" />
              </SequencePoints>
              <BranchPoints />
            </Method>
            <Method visited="true" cyclomaticComplexity="0" nPathComplexity="0" sequenceCoverage="100.0" branchCoverage="0" crapScore="0" isConstructor="false" isStatic="false" isGetter="false" isSetter="false">
              <Summary numSequencePoints="0" visitedSequencePoints="0" numBranchPoints="0" visitedBranchPoints="0" sequenceCoverage="100.0" branchCoverage="0" maxCyclomaticComplexity="0" minCyclomaticComplexity="0" maxCrapScore="0" minCrapScore="0" visitedClasses="0" numClasses="0" visitedMethods="0" numMethods="0" />
              <MetadataToken>100663315</MetadataToken>
              <Name>System.Void Tests.ClassicGameModeTests::AddCardToHandClassicGameManager()</Name>
              <FileRef uid="1" />
              <SequencePoints>
                <SequencePoint vc="1" uspid="8108" ordinal="0" offset="0" sl="266" sc="9" el="266" ec="9" bec="0" bev="0" fileid="1" />
                <SequencePoint vc="1" uspid="8109" ordinal="0" offset="1" sl="267" sc="13" el="267" ec="13" bec="0" bev="0" fileid="1" />
                <SequencePoint vc="1" uspid="8110" ordinal="0" offset="17" sl="268" sc="13" el="268" ec="13" bec="0" bev="0" fileid="1" />
                <SequencePoint vc="1" uspid="8111" ordinal="0" offset="24" sl="269" sc="13" el="269" ec="13" bec="0" bev="0" fileid="1" />
                <SequencePoint vc="1" uspid="8112" ordinal="0" offset="40" sl="270" sc="13" el="270" ec="13" bec="0" bev="0" fileid="1" />
                <SequencePoint vc="1" uspid="8113" ordinal="0" offset="77" sl="271" sc="13" el="271" ec="13" bec="0" bev="0" fileid="1" />
                <SequencePoint vc="1" uspid="8114" ordinal="0" offset="105" sl="272" sc="9" el="272" ec="9" bec="0" bev="0" fileid="1" />
              </SequencePoints>
              <BranchPoints />
            </Method>
            <Method visited="true" cyclomaticComplexity="0" nPathComplexity="0" sequenceCoverage="71.4" branchCoverage="0" crapScore="0" isConstructor="false" isStatic="false" isGetter="false" isSetter="false">
              <Summary numSequencePoints="0" visitedSequencePoints="0" numBranchPoints="0" visitedBranchPoints="0" sequenceCoverage="71.4" branchCoverage="0" maxCyclomaticComplexity="0" minCyclomaticComplexity="0" maxCrapScore="0" minCrapScore="0" visitedClasses="0" numClasses="0" visitedMethods="0" numMethods="0" />
              <MetadataToken>100663316</MetadataToken>
              <Name>System.Void Tests.ClassicGameModeTests::PullStartingCardsClassicGameManager()</Name>
              <FileRef uid="1" />
              <SequencePoints>
                <SequencePoint vc="1" uspid="8115" ordinal="0" offset="0" sl="276" sc="9" el="276" ec="9" bec="0" bev="0" fileid="1" />
                <SequencePoint vc="1" uspid="8116" ordinal="0" offset="1" sl="277" sc="13" el="277" ec="13" bec="0" bev="0" fileid="1" />
                <SequencePoint vc="1" uspid="8117" ordinal="0" offset="12" sl="278" sc="13" el="278" ec="13" bec="0" bev="0" fileid="1" />
                <SequencePoint vc="1" uspid="8118" ordinal="0" offset="28" sl="279" sc="13" el="279" ec="13" bec="0" bev="0" fileid="1" />
                <SequencePoint vc="1" uspid="8119" ordinal="0" offset="35" sl="280" sc="13" el="280" ec="13" bec="0" bev="0" fileid="1" />
                <SequencePoint vc="1" uspid="8120" ordinal="0" offset="36" sl="280" sc="41" el="280" ec="41" bec="0" bev="0" fileid="1" />
                <SequencePoint vc="0" uspid="8121" ordinal="0" offset="59" sl="280" sc="22" el="280" ec="22" bec="0" bev="0" fileid="1" />
                <SequencePoint vc="0" uspid="8122" ordinal="0" offset="71" sl="281" sc="13" el="281" ec="13" bec="0" bev="0" fileid="1" />
                <SequencePoint vc="0" uspid="8123" ordinal="0" offset="72" sl="282" sc="17" el="282" ec="17" bec="0" bev="0" fileid="1" />
                <SequencePoint vc="0" uspid="8124" ordinal="0" offset="80" sl="283" sc="13" el="283" ec="13" bec="0" bev="0" fileid="1" />
                <SequencePoint vc="1" uspid="8125" ordinal="0" offset="81" sl="280" sc="38" el="280" ec="38" bec="0" bev="0" fileid="1" />
                <SequencePoint vc="1" uspid="8126" ordinal="0" offset="109" sl="284" sc="13" el="284" ec="13" bec="0" bev="0" fileid="1" />
                <SequencePoint vc="1" uspid="8127" ordinal="0" offset="125" sl="285" sc="13" el="285" ec="13" bec="0" bev="0" fileid="1" />
                <SequencePoint vc="1" uspid="8128" ordinal="0" offset="162" sl="286" sc="9" el="286" ec="9" bec="0" bev="0" fileid="1" />
              </SequencePoints>
              <BranchPoints />
            </Method>
            <Method visited="true" cyclomaticComplexity="0" nPathComplexity="0" sequenceCoverage="100.0" branchCoverage="0" crapScore="0" isConstructor="false" isStatic="false" isGetter="false" isSetter="false">
              <Summary numSequencePoints="0" visitedSequencePoints="0" numBranchPoints="0" visitedBranchPoints="0" sequenceCoverage="100.0" branchCoverage="0" maxCyclomaticComplexity="0" minCyclomaticComplexity="0" maxCrapScore="0" minCrapScore="0" visitedClasses="0" numClasses="0" visitedMethods="0" numMethods="0" />
              <MetadataToken>100663317</MetadataToken>
              <Name>System.Void Tests.ClassicGameModeTests::SetTurnTrueClassicGameManager()</Name>
              <FileRef uid="1" />
              <SequencePoints>
                <SequencePoint vc="1" uspid="8129" ordinal="0" offset="0" sl="290" sc="9" el="290" ec="9" bec="0" bev="0" fileid="1" />
                <SequencePoint vc="1" uspid="8130" ordinal="0" offset="1" sl="291" sc="13" el="291" ec="13" bec="0" bev="0" fileid="1" />
                <SequencePoint vc="1" uspid="8131" ordinal="0" offset="12" sl="292" sc="13" el="292" ec="13" bec="0" bev="0" fileid="1" />
                <SequencePoint vc="1" uspid="8132" ordinal="0" offset="23" sl="293" sc="13" el="293" ec="13" bec="0" bev="0" fileid="1" />
                <SequencePoint vc="1" uspid="8133" ordinal="0" offset="30" sl="294" sc="13" el="294" ec="13" bec="0" bev="0" fileid="1" />
                <SequencePoint vc="1" uspid="8134" ordinal="0" offset="37" sl="295" sc="13" el="295" ec="13" bec="0" bev="0" fileid="1" />
                <SequencePoint vc="1" uspid="8135" ordinal="0" offset="53" sl="296" sc="13" el="296" ec="13" bec="0" bev="0" fileid="1" />
                <SequencePoint vc="1" uspid="8136" ordinal="0" offset="60" sl="297" sc="13" el="297" ec="13" bec="0" bev="0" fileid="1" />
                <SequencePoint vc="1" uspid="8137" ordinal="0" offset="71" sl="298" sc="13" el="298" ec="13" bec="0" bev="0" fileid="1" />
                <SequencePoint vc="1" uspid="8138" ordinal="0" offset="87" sl="299" sc="13" el="299" ec="13" bec="0" bev="0" fileid="1" />
                <SequencePoint vc="1" uspid="8139" ordinal="0" offset="94" sl="300" sc="13" el="300" ec="13" bec="0" bev="0" fileid="1" />
                <SequencePoint vc="1" uspid="8140" ordinal="0" offset="104" sl="301" sc="13" el="301" ec="13" bec="0" bev="0" fileid="1" />
                <SequencePoint vc="1" uspid="8141" ordinal="0" offset="121" sl="302" sc="13" el="302" ec="13" bec="0" bev="0" fileid="1" />
                <SequencePoint vc="1" uspid="8142" ordinal="0" offset="133" sl="303" sc="13" el="303" ec="13" bec="0" bev="0" fileid="1" />
                <SequencePoint vc="1" uspid="8143" ordinal="0" offset="149" sl="304" sc="9" el="304" ec="9" bec="0" bev="0" fileid="1" />
              </SequencePoints>
              <BranchPoints />
            </Method>
            <Method visited="true" cyclomaticComplexity="0" nPathComplexity="0" sequenceCoverage="100.0" branchCoverage="0" crapScore="0" isConstructor="false" isStatic="false" isGetter="false" isSetter="false">
              <Summary numSequencePoints="0" visitedSequencePoints="0" numBranchPoints="0" visitedBranchPoints="0" sequenceCoverage="100.0" branchCoverage="0" maxCyclomaticComplexity="0" minCyclomaticComplexity="0" maxCrapScore="0" minCrapScore="0" visitedClasses="0" numClasses="0" visitedMethods="0" numMethods="0" />
              <MetadataToken>100663318</MetadataToken>
              <Name>System.Void Tests.ClassicGameModeTests::SetTurnFlaseClassicGameManager()</Name>
              <FileRef uid="1" />
              <SequencePoints>
                <SequencePoint vc="1" uspid="8144" ordinal="0" offset="0" sl="307" sc="9" el="307" ec="9" bec="0" bev="0" fileid="1" />
                <SequencePoint vc="1" uspid="8145" ordinal="0" offset="1" sl="308" sc="13" el="308" ec="13" bec="0" bev="0" fileid="1" />
                <SequencePoint vc="1" uspid="8146" ordinal="0" offset="12" sl="309" sc="13" el="309" ec="13" bec="0" bev="0" fileid="1" />
                <SequencePoint vc="1" uspid="8147" ordinal="0" offset="23" sl="310" sc="13" el="310" ec="13" bec="0" bev="0" fileid="1" />
                <SequencePoint vc="1" uspid="8148" ordinal="0" offset="30" sl="311" sc="13" el="311" ec="13" bec="0" bev="0" fileid="1" />
                <SequencePoint vc="1" uspid="8149" ordinal="0" offset="37" sl="312" sc="13" el="312" ec="13" bec="0" bev="0" fileid="1" />
                <SequencePoint vc="1" uspid="8150" ordinal="0" offset="53" sl="313" sc="13" el="313" ec="13" bec="0" bev="0" fileid="1" />
                <SequencePoint vc="1" uspid="8151" ordinal="0" offset="60" sl="314" sc="13" el="314" ec="13" bec="0" bev="0" fileid="1" />
                <SequencePoint vc="1" uspid="8152" ordinal="0" offset="71" sl="315" sc="13" el="315" ec="13" bec="0" bev="0" fileid="1" />
                <SequencePoint vc="1" uspid="8153" ordinal="0" offset="87" sl="316" sc="13" el="316" ec="13" bec="0" bev="0" fileid="1" />
                <SequencePoint vc="1" uspid="8154" ordinal="0" offset="94" sl="317" sc="13" el="317" ec="13" bec="0" bev="0" fileid="1" />
                <SequencePoint vc="1" uspid="8155" ordinal="0" offset="104" sl="318" sc="13" el="318" ec="13" bec="0" bev="0" fileid="1" />
                <SequencePoint vc="1" uspid="8156" ordinal="0" offset="121" sl="319" sc="13" el="319" ec="13" bec="0" bev="0" fileid="1" />
                <SequencePoint vc="1" uspid="8157" ordinal="0" offset="133" sl="320" sc="13" el="320" ec="13" bec="0" bev="0" fileid="1" />
                <SequencePoint vc="1" uspid="8158" ordinal="0" offset="149" sl="321" sc="9" el="321" ec="9" bec="0" bev="0" fileid="1" />
              </SequencePoints>
              <BranchPoints />
            </Method>
            <Method visited="true" cyclomaticComplexity="0" nPathComplexity="0" sequenceCoverage="100.0" branchCoverage="0" crapScore="0" isConstructor="false" isStatic="false" isGetter="false" isSetter="false">
              <Summary numSequencePoints="0" visitedSequencePoints="0" numBranchPoints="0" visitedBranchPoints="0" sequenceCoverage="100.0" branchCoverage="0" maxCyclomaticComplexity="0" minCyclomaticComplexity="0" maxCrapScore="0" minCrapScore="0" visitedClasses="0" numClasses="0" visitedMethods="0" numMethods="0" />
              <MetadataToken>100663319</MetadataToken>
              <Name>System.Void Tests.ClassicGameModeTests::SetLifeClassicGameManager()</Name>
              <FileRef uid="1" />
              <SequencePoints>
                <SequencePoint vc="1" uspid="8159" ordinal="0" offset="0" sl="325" sc="9" el="325" ec="9" bec="0" bev="0" fileid="1" />
                <SequencePoint vc="1" uspid="8160" ordinal="0" offset="1" sl="326" sc="13" el="326" ec="13" bec="0" bev="0" fileid="1" />
                <SequencePoint vc="1" uspid="8161" ordinal="0" offset="12" sl="327" sc="13" el="327" ec="13" bec="0" bev="0" fileid="1" />
                <SequencePoint vc="1" uspid="8162" ordinal="0" offset="23" sl="328" sc="13" el="328" ec="13" bec="0" bev="0" fileid="1" />
                <SequencePoint vc="1" uspid="8163" ordinal="0" offset="30" sl="329" sc="13" el="329" ec="13" bec="0" bev="0" fileid="1" />
                <SequencePoint vc="1" uspid="8164" ordinal="0" offset="37" sl="330" sc="13" el="330" ec="13" bec="0" bev="0" fileid="1" />
                <SequencePoint vc="1" uspid="8165" ordinal="0" offset="53" sl="331" sc="13" el="331" ec="13" bec="0" bev="0" fileid="1" />
                <SequencePoint vc="1" uspid="8166" ordinal="0" offset="60" sl="332" sc="13" el="332" ec="13" bec="0" bev="0" fileid="1" />
                <SequencePoint vc="1" uspid="8167" ordinal="0" offset="71" sl="333" sc="13" el="333" ec="13" bec="0" bev="0" fileid="1" />
                <SequencePoint vc="1" uspid="8168" ordinal="0" offset="87" sl="334" sc="13" el="334" ec="13" bec="0" bev="0" fileid="1" />
                <SequencePoint vc="1" uspid="8169" ordinal="0" offset="94" sl="335" sc="13" el="335" ec="13" bec="0" bev="0" fileid="1" />
                <SequencePoint vc="1" uspid="8170" ordinal="0" offset="104" sl="336" sc="13" el="336" ec="13" bec="0" bev="0" fileid="1" />
                <SequencePoint vc="1" uspid="8171" ordinal="0" offset="121" sl="337" sc="13" el="337" ec="13" bec="0" bev="0" fileid="1" />
                <SequencePoint vc="1" uspid="8172" ordinal="0" offset="135" sl="338" sc="13" el="338" ec="13" bec="0" bev="0" fileid="1" />
                <SequencePoint vc="1" uspid="8173" ordinal="0" offset="163" sl="339" sc="9" el="339" ec="9" bec="0" bev="0" fileid="1" />
              </SequencePoints>
              <BranchPoints />
            </Method>
            <Method visited="true" cyclomaticComplexity="0" nPathComplexity="0" sequenceCoverage="100.0" branchCoverage="0" crapScore="0" isConstructor="false" isStatic="false" isGetter="false" isSetter="false">
              <Summary numSequencePoints="0" visitedSequencePoints="0" numBranchPoints="0" visitedBranchPoints="0" sequenceCoverage="100.0" branchCoverage="0" maxCyclomaticComplexity="0" minCyclomaticComplexity="0" maxCrapScore="0" minCrapScore="0" visitedClasses="0" numClasses="0" visitedMethods="0" numMethods="0" />
              <MetadataToken>100663320</MetadataToken>
              <Name>System.Void Tests.ClassicGameModeTests::SetManaClassicGameManager()</Name>
              <FileRef uid="1" />
              <SequencePoints>
                <SequencePoint vc="1" uspid="8174" ordinal="0" offset="0" sl="343" sc="9" el="343" ec="9" bec="0" bev="0" fileid="1" />
                <SequencePoint vc="1" uspid="8175" ordinal="0" offset="1" sl="344" sc="13" el="344" ec="13" bec="0" bev="0" fileid="1" />
                <SequencePoint vc="1" uspid="8176" ordinal="0" offset="12" sl="345" sc="13" el="345" ec="13" bec="0" bev="0" fileid="1" />
                <SequencePoint vc="1" uspid="8177" ordinal="0" offset="23" sl="346" sc="13" el="346" ec="13" bec="0" bev="0" fileid="1" />
                <SequencePoint vc="1" uspid="8178" ordinal="0" offset="30" sl="347" sc="13" el="347" ec="13" bec="0" bev="0" fileid="1" />
                <SequencePoint vc="1" uspid="8179" ordinal="0" offset="37" sl="348" sc="13" el="348" ec="13" bec="0" bev="0" fileid="1" />
                <SequencePoint vc="1" uspid="8180" ordinal="0" offset="53" sl="349" sc="13" el="349" ec="13" bec="0" bev="0" fileid="1" />
                <SequencePoint vc="1" uspid="8181" ordinal="0" offset="60" sl="350" sc="13" el="350" ec="13" bec="0" bev="0" fileid="1" />
                <SequencePoint vc="1" uspid="8182" ordinal="0" offset="71" sl="351" sc="13" el="351" ec="13" bec="0" bev="0" fileid="1" />
                <SequencePoint vc="1" uspid="8183" ordinal="0" offset="87" sl="352" sc="13" el="352" ec="13" bec="0" bev="0" fileid="1" />
                <SequencePoint vc="1" uspid="8184" ordinal="0" offset="94" sl="353" sc="13" el="353" ec="13" bec="0" bev="0" fileid="1" />
                <SequencePoint vc="1" uspid="8185" ordinal="0" offset="104" sl="354" sc="13" el="354" ec="13" bec="0" bev="0" fileid="1" />
                <SequencePoint vc="1" uspid="8186" ordinal="0" offset="121" sl="355" sc="13" el="355" ec="13" bec="0" bev="0" fileid="1" />
                <SequencePoint vc="1" uspid="8187" ordinal="0" offset="135" sl="356" sc="13" el="356" ec="13" bec="0" bev="0" fileid="1" />
                <SequencePoint vc="1" uspid="8188" ordinal="0" offset="163" sl="357" sc="9" el="357" ec="9" bec="0" bev="0" fileid="1" />
              </SequencePoints>
              <BranchPoints />
            </Method>
            <Method visited="true" cyclomaticComplexity="0" nPathComplexity="0" sequenceCoverage="100.0" branchCoverage="0" crapScore="0" isConstructor="false" isStatic="false" isGetter="false" isSetter="false">
              <Summary numSequencePoints="0" visitedSequencePoints="0" numBranchPoints="0" visitedBranchPoints="0" sequenceCoverage="100.0" branchCoverage="0" maxCyclomaticComplexity="0" minCyclomaticComplexity="0" maxCrapScore="0" minCrapScore="0" visitedClasses="0" numClasses="0" visitedMethods="0" numMethods="0" />
              <MetadataToken>100663321</MetadataToken>
              <Name>System.Void Tests.ClassicGameModeTests::SetMaxManaClassicGameManager()</Name>
              <FileRef uid="1" />
              <SequencePoints>
                <SequencePoint vc="1" uspid="8189" ordinal="0" offset="0" sl="361" sc="9" el="361" ec="9" bec="0" bev="0" fileid="1" />
                <SequencePoint vc="1" uspid="8190" ordinal="0" offset="1" sl="362" sc="13" el="362" ec="13" bec="0" bev="0" fileid="1" />
                <SequencePoint vc="1" uspid="8191" ordinal="0" offset="12" sl="363" sc="13" el="363" ec="13" bec="0" bev="0" fileid="1" />
                <SequencePoint vc="1" uspid="8192" ordinal="0" offset="23" sl="364" sc="13" el="364" ec="13" bec="0" bev="0" fileid="1" />
                <SequencePoint vc="1" uspid="8193" ordinal="0" offset="30" sl="365" sc="13" el="365" ec="13" bec="0" bev="0" fileid="1" />
                <SequencePoint vc="1" uspid="8194" ordinal="0" offset="37" sl="366" sc="13" el="366" ec="13" bec="0" bev="0" fileid="1" />
                <SequencePoint vc="1" uspid="8195" ordinal="0" offset="53" sl="367" sc="13" el="367" ec="13" bec="0" bev="0" fileid="1" />
                <SequencePoint vc="1" uspid="8196" ordinal="0" offset="60" sl="368" sc="13" el="368" ec="13" bec="0" bev="0" fileid="1" />
                <SequencePoint vc="1" uspid="8197" ordinal="0" offset="71" sl="369" sc="13" el="369" ec="13" bec="0" bev="0" fileid="1" />
                <SequencePoint vc="1" uspid="8198" ordinal="0" offset="87" sl="370" sc="13" el="370" ec="13" bec="0" bev="0" fileid="1" />
                <SequencePoint vc="1" uspid="8199" ordinal="0" offset="94" sl="371" sc="13" el="371" ec="13" bec="0" bev="0" fileid="1" />
                <SequencePoint vc="1" uspid="8200" ordinal="0" offset="104" sl="372" sc="13" el="372" ec="13" bec="0" bev="0" fileid="1" />
                <SequencePoint vc="1" uspid="8201" ordinal="0" offset="121" sl="373" sc="13" el="373" ec="13" bec="0" bev="0" fileid="1" />
                <SequencePoint vc="1" uspid="8202" ordinal="0" offset="135" sl="374" sc="13" el="374" ec="13" bec="0" bev="0" fileid="1" />
                <SequencePoint vc="1" uspid="8203" ordinal="0" offset="163" sl="375" sc="9" el="375" ec="9" bec="0" bev="0" fileid="1" />
              </SequencePoints>
              <BranchPoints />
            </Method>
            <Method visited="true" cyclomaticComplexity="0" nPathComplexity="0" sequenceCoverage="100.0" branchCoverage="0" crapScore="0" isConstructor="false" isStatic="false" isGetter="false" isSetter="false">
              <Summary numSequencePoints="0" visitedSequencePoints="0" numBranchPoints="0" visitedBranchPoints="0" sequenceCoverage="100.0" branchCoverage="0" maxCyclomaticComplexity="0" minCyclomaticComplexity="0" maxCrapScore="0" minCrapScore="0" visitedClasses="0" numClasses="0" visitedMethods="0" numMethods="0" />
              <MetadataToken>100663322</MetadataToken>
              <Name>System.Void Tests.ClassicGameModeTests::SetDeckCountClassicGameManager()</Name>
              <FileRef uid="1" />
              <SequencePoints>
                <SequencePoint vc="1" uspid="8204" ordinal="0" offset="0" sl="379" sc="9" el="379" ec="9" bec="0" bev="0" fileid="1" />
                <SequencePoint vc="1" uspid="8205" ordinal="0" offset="1" sl="380" sc="13" el="380" ec="13" bec="0" bev="0" fileid="1" />
                <SequencePoint vc="1" uspid="8206" ordinal="0" offset="12" sl="381" sc="13" el="381" ec="13" bec="0" bev="0" fileid="1" />
                <SequencePoint vc="1" uspid="8207" ordinal="0" offset="23" sl="382" sc="13" el="382" ec="13" bec="0" bev="0" fileid="1" />
                <SequencePoint vc="1" uspid="8208" ordinal="0" offset="30" sl="383" sc="13" el="383" ec="13" bec="0" bev="0" fileid="1" />
                <SequencePoint vc="1" uspid="8209" ordinal="0" offset="37" sl="384" sc="13" el="384" ec="13" bec="0" bev="0" fileid="1" />
                <SequencePoint vc="1" uspid="8210" ordinal="0" offset="53" sl="385" sc="13" el="385" ec="13" bec="0" bev="0" fileid="1" />
                <SequencePoint vc="1" uspid="8211" ordinal="0" offset="60" sl="386" sc="13" el="386" ec="13" bec="0" bev="0" fileid="1" />
                <SequencePoint vc="1" uspid="8212" ordinal="0" offset="71" sl="387" sc="13" el="387" ec="13" bec="0" bev="0" fileid="1" />
                <SequencePoint vc="1" uspid="8213" ordinal="0" offset="87" sl="388" sc="13" el="388" ec="13" bec="0" bev="0" fileid="1" />
                <SequencePoint vc="1" uspid="8214" ordinal="0" offset="94" sl="389" sc="13" el="389" ec="13" bec="0" bev="0" fileid="1" />
                <SequencePoint vc="1" uspid="8215" ordinal="0" offset="104" sl="390" sc="13" el="390" ec="13" bec="0" bev="0" fileid="1" />
                <SequencePoint vc="1" uspid="8216" ordinal="0" offset="121" sl="391" sc="13" el="391" ec="13" bec="0" bev="0" fileid="1" />
                <SequencePoint vc="1" uspid="8217" ordinal="0" offset="134" sl="392" sc="13" el="392" ec="13" bec="0" bev="0" fileid="1" />
                <SequencePoint vc="1" uspid="8218" ordinal="0" offset="160" sl="393" sc="9" el="393" ec="9" bec="0" bev="0" fileid="1" />
              </SequencePoints>
              <BranchPoints />
            </Method>
            <Method visited="true" cyclomaticComplexity="0" nPathComplexity="0" sequenceCoverage="81.8" branchCoverage="0" crapScore="0" isConstructor="false" isStatic="false" isGetter="false" isSetter="false">
              <Summary numSequencePoints="0" visitedSequencePoints="0" numBranchPoints="0" visitedBranchPoints="0" sequenceCoverage="81.8" branchCoverage="0" maxCyclomaticComplexity="0" minCyclomaticComplexity="0" maxCrapScore="0" minCrapScore="0" visitedClasses="0" numClasses="0" visitedMethods="0" numMethods="0" />
              <MetadataToken>100663323</MetadataToken>
              <Name>System.Void Tests.ClassicGameModeTests::PutOnTablePlayersClassicGameManager()</Name>
              <FileRef uid="1" />
              <SequencePoints>
                <SequencePoint vc="1" uspid="8219" ordinal="0" offset="0" sl="397" sc="9" el="397" ec="9" bec="0" bev="0" fileid="1" />
                <SequencePoint vc="1" uspid="8220" ordinal="0" offset="1" sl="398" sc="13" el="398" ec="13" bec="0" bev="0" fileid="1" />
                <SequencePoint vc="1" uspid="8221" ordinal="0" offset="12" sl="399" sc="13" el="399" ec="13" bec="0" bev="0" fileid="1" />
                <SequencePoint vc="1" uspid="8222" ordinal="0" offset="23" sl="400" sc="13" el="400" ec="13" bec="0" bev="0" fileid="1" />
                <SequencePoint vc="1" uspid="8223" ordinal="0" offset="30" sl="401" sc="13" el="401" ec="13" bec="0" bev="0" fileid="1" />
                <SequencePoint vc="1" uspid="8224" ordinal="0" offset="37" sl="402" sc="13" el="402" ec="13" bec="0" bev="0" fileid="1" />
                <SequencePoint vc="1" uspid="8225" ordinal="0" offset="53" sl="403" sc="13" el="403" ec="13" bec="0" bev="0" fileid="1" />
                <SequencePoint vc="1" uspid="8226" ordinal="0" offset="60" sl="404" sc="13" el="404" ec="13" bec="0" bev="0" fileid="1" />
                <SequencePoint vc="1" uspid="8227" ordinal="0" offset="71" sl="405" sc="13" el="405" ec="13" bec="0" bev="0" fileid="1" />
                <SequencePoint vc="1" uspid="8228" ordinal="0" offset="87" sl="406" sc="13" el="406" ec="13" bec="0" bev="0" fileid="1" />
                <SequencePoint vc="1" uspid="8229" ordinal="0" offset="94" sl="407" sc="13" el="407" ec="13" bec="0" bev="0" fileid="1" />
                <SequencePoint vc="1" uspid="8230" ordinal="0" offset="104" sl="408" sc="13" el="408" ec="13" bec="0" bev="0" fileid="1" />
                <SequencePoint vc="1" uspid="8231" ordinal="0" offset="105" sl="408" sc="41" el="408" ec="41" bec="0" bev="0" fileid="1" />
                <SequencePoint vc="0" uspid="8232" ordinal="0" offset="129" sl="408" sc="22" el="408" ec="22" bec="0" bev="0" fileid="1" />
                <SequencePoint vc="0" uspid="8233" ordinal="0" offset="143" sl="409" sc="13" el="409" ec="13" bec="0" bev="0" fileid="1" />
                <SequencePoint vc="0" uspid="8234" ordinal="0" offset="144" sl="410" sc="17" el="410" ec="17" bec="0" bev="0" fileid="1" />
                <SequencePoint vc="0" uspid="8235" ordinal="0" offset="153" sl="411" sc="13" el="411" ec="13" bec="0" bev="0" fileid="1" />
                <SequencePoint vc="1" uspid="8236" ordinal="0" offset="154" sl="408" sc="38" el="408" ec="38" bec="0" bev="0" fileid="1" />
                <SequencePoint vc="1" uspid="8237" ordinal="0" offset="187" sl="412" sc="13" el="412" ec="13" bec="0" bev="0" fileid="1" />
                <SequencePoint vc="1" uspid="8238" ordinal="0" offset="204" sl="413" sc="13" el="413" ec="13" bec="0" bev="0" fileid="1" />
                <SequencePoint vc="1" uspid="8239" ordinal="0" offset="221" sl="414" sc="13" el="414" ec="13" bec="0" bev="0" fileid="1" />
                <SequencePoint vc="1" uspid="8240" ordinal="0" offset="258" sl="415" sc="9" el="415" ec="9" bec="0" bev="0" fileid="1" />
              </SequencePoints>
              <BranchPoints />
            </Method>
            <Method visited="true" cyclomaticComplexity="0" nPathComplexity="0" sequenceCoverage="81.8" branchCoverage="0" crapScore="0" isConstructor="false" isStatic="false" isGetter="false" isSetter="false">
              <Summary numSequencePoints="0" visitedSequencePoints="0" numBranchPoints="0" visitedBranchPoints="0" sequenceCoverage="81.8" branchCoverage="0" maxCyclomaticComplexity="0" minCyclomaticComplexity="0" maxCrapScore="0" minCrapScore="0" visitedClasses="0" numClasses="0" visitedMethods="0" numMethods="0" />
              <MetadataToken>100663324</MetadataToken>
              <Name>System.Void Tests.ClassicGameModeTests::PutOnTableEnemysClassicGameManager()</Name>
              <FileRef uid="1" />
              <SequencePoints>
                <SequencePoint vc="1" uspid="8241" ordinal="0" offset="0" sl="419" sc="9" el="419" ec="9" bec="0" bev="0" fileid="1" />
                <SequencePoint vc="1" uspid="8242" ordinal="0" offset="1" sl="420" sc="13" el="420" ec="13" bec="0" bev="0" fileid="1" />
                <SequencePoint vc="1" uspid="8243" ordinal="0" offset="12" sl="421" sc="13" el="421" ec="13" bec="0" bev="0" fileid="1" />
                <SequencePoint vc="1" uspid="8244" ordinal="0" offset="23" sl="422" sc="13" el="422" ec="13" bec="0" bev="0" fileid="1" />
                <SequencePoint vc="1" uspid="8245" ordinal="0" offset="30" sl="423" sc="13" el="423" ec="13" bec="0" bev="0" fileid="1" />
                <SequencePoint vc="1" uspid="8246" ordinal="0" offset="37" sl="424" sc="13" el="424" ec="13" bec="0" bev="0" fileid="1" />
                <SequencePoint vc="1" uspid="8247" ordinal="0" offset="53" sl="425" sc="13" el="425" ec="13" bec="0" bev="0" fileid="1" />
                <SequencePoint vc="1" uspid="8248" ordinal="0" offset="60" sl="426" sc="13" el="426" ec="13" bec="0" bev="0" fileid="1" />
                <SequencePoint vc="1" uspid="8249" ordinal="0" offset="71" sl="427" sc="13" el="427" ec="13" bec="0" bev="0" fileid="1" />
                <SequencePoint vc="1" uspid="8250" ordinal="0" offset="87" sl="428" sc="13" el="428" ec="13" bec="0" bev="0" fileid="1" />
                <SequencePoint vc="1" uspid="8251" ordinal="0" offset="94" sl="429" sc="13" el="429" ec="13" bec="0" bev="0" fileid="1" />
                <SequencePoint vc="1" uspid="8252" ordinal="0" offset="104" sl="430" sc="13" el="430" ec="13" bec="0" bev="0" fileid="1" />
                <SequencePoint vc="1" uspid="8253" ordinal="0" offset="105" sl="430" sc="41" el="430" ec="41" bec="0" bev="0" fileid="1" />
                <SequencePoint vc="0" uspid="8254" ordinal="0" offset="129" sl="430" sc="22" el="430" ec="22" bec="0" bev="0" fileid="1" />
                <SequencePoint vc="0" uspid="8255" ordinal="0" offset="143" sl="431" sc="13" el="431" ec="13" bec="0" bev="0" fileid="1" />
                <SequencePoint vc="0" uspid="8256" ordinal="0" offset="144" sl="432" sc="17" el="432" ec="17" bec="0" bev="0" fileid="1" />
                <SequencePoint vc="0" uspid="8257" ordinal="0" offset="153" sl="433" sc="13" el="433" ec="13" bec="0" bev="0" fileid="1" />
                <SequencePoint vc="1" uspid="8258" ordinal="0" offset="154" sl="430" sc="38" el="430" ec="38" bec="0" bev="0" fileid="1" />
                <SequencePoint vc="1" uspid="8259" ordinal="0" offset="187" sl="434" sc="13" el="434" ec="13" bec="0" bev="0" fileid="1" />
                <SequencePoint vc="1" uspid="8260" ordinal="0" offset="204" sl="435" sc="13" el="435" ec="13" bec="0" bev="0" fileid="1" />
                <SequencePoint vc="1" uspid="8261" ordinal="0" offset="221" sl="436" sc="13" el="436" ec="13" bec="0" bev="0" fileid="1" />
                <SequencePoint vc="1" uspid="8262" ordinal="0" offset="258" sl="437" sc="9" el="437" ec="9" bec="0" bev="0" fileid="1" />
              </SequencePoints>
              <BranchPoints />
            </Method>
            <Method visited="true" cyclomaticComplexity="0" nPathComplexity="0" sequenceCoverage="100.0" branchCoverage="0" crapScore="0" isConstructor="false" isStatic="false" isGetter="false" isSetter="false">
              <Summary numSequencePoints="0" visitedSequencePoints="0" numBranchPoints="0" visitedBranchPoints="0" sequenceCoverage="100.0" branchCoverage="0" maxCyclomaticComplexity="0" minCyclomaticComplexity="0" maxCrapScore="0" minCrapScore="0" visitedClasses="0" numClasses="0" visitedMethods="0" numMethods="0" />
              <MetadataToken>100663325</MetadataToken>
              <Name>System.Void Tests.ClassicGameModeTests::ReorginizeClassicGameManager()</Name>
              <FileRef uid="1" />
              <SequencePoints>
                <SequencePoint vc="1" uspid="8263" ordinal="0" offset="0" sl="441" sc="9" el="441" ec="9" bec="0" bev="0" fileid="1" />
                <SequencePoint vc="1" uspid="8264" ordinal="0" offset="1" sl="442" sc="13" el="442" ec="13" bec="0" bev="0" fileid="1" />
                <SequencePoint vc="1" uspid="8265" ordinal="0" offset="12" sl="443" sc="13" el="443" ec="13" bec="0" bev="0" fileid="1" />
                <SequencePoint vc="1" uspid="8266" ordinal="0" offset="28" sl="444" sc="13" el="444" ec="13" bec="0" bev="0" fileid="1" />
                <SequencePoint vc="1" uspid="8267" ordinal="0" offset="35" sl="445" sc="13" el="445" ec="13" bec="0" bev="0" fileid="1" />
                <SequencePoint vc="1" uspid="8268" ordinal="0" offset="51" sl="446" sc="13" el="446" ec="13" bec="0" bev="0" fileid="1" />
                <SequencePoint vc="1" uspid="8269" ordinal="0" offset="67" sl="447" sc="13" el="447" ec="13" bec="0" bev="0" fileid="1" />
                <SequencePoint vc="1" uspid="8270" ordinal="0" offset="151" sl="448" sc="9" el="448" ec="9" bec="0" bev="0" fileid="1" />
              </SequencePoints>
              <BranchPoints />
            </Method>
            <Method visited="true" cyclomaticComplexity="0" nPathComplexity="0" sequenceCoverage="100.0" branchCoverage="0" crapScore="0" isConstructor="false" isStatic="false" isGetter="false" isSetter="false">
              <Summary numSequencePoints="0" visitedSequencePoints="0" numBranchPoints="0" visitedBranchPoints="0" sequenceCoverage="100.0" branchCoverage="0" maxCyclomaticComplexity="0" minCyclomaticComplexity="0" maxCrapScore="0" minCrapScore="0" visitedClasses="0" numClasses="0" visitedMethods="0" numMethods="0" />
              <MetadataToken>100663326</MetadataToken>
              <Name>System.Void Tests.ClassicGameModeTests::ActivateTimerUiManager()</Name>
              <FileRef uid="1" />
              <SequencePoints>
                <SequencePoint vc="1" uspid="8271" ordinal="0" offset="0" sl="453" sc="9" el="453" ec="9" bec="0" bev="0" fileid="1" />
                <SequencePoint vc="1" uspid="8272" ordinal="0" offset="1" sl="454" sc="13" el="454" ec="13" bec="0" bev="0" fileid="1" />
                <SequencePoint vc="1" uspid="8273" ordinal="0" offset="12" sl="455" sc="13" el="455" ec="13" bec="0" bev="0" fileid="1" />
                <SequencePoint vc="1" uspid="8274" ordinal="0" offset="28" sl="456" sc="13" el="456" ec="13" bec="0" bev="0" fileid="1" />
                <SequencePoint vc="1" uspid="8275" ordinal="0" offset="35" sl="457" sc="13" el="457" ec="13" bec="0" bev="0" fileid="1" />
                <SequencePoint vc="1" uspid="8276" ordinal="0" offset="46" sl="458" sc="13" el="458" ec="13" bec="0" bev="0" fileid="1" />
                <SequencePoint vc="1" uspid="8277" ordinal="0" offset="67" sl="459" sc="9" el="459" ec="9" bec="0" bev="0" fileid="1" />
              </SequencePoints>
              <BranchPoints />
            </Method>
            <Method visited="true" cyclomaticComplexity="0" nPathComplexity="0" sequenceCoverage="100.0" branchCoverage="0" crapScore="0" isConstructor="false" isStatic="false" isGetter="false" isSetter="false">
              <Summary numSequencePoints="0" visitedSequencePoints="0" numBranchPoints="0" visitedBranchPoints="0" sequenceCoverage="100.0" branchCoverage="0" maxCyclomaticComplexity="0" minCyclomaticComplexity="0" maxCrapScore="0" minCrapScore="0" visitedClasses="0" numClasses="0" visitedMethods="0" numMethods="0" />
              <MetadataToken>100663327</MetadataToken>
              <Name>System.Void Tests.ClassicGameModeTests::ActivateEndTurnrUiManager()</Name>
              <FileRef uid="1" />
              <SequencePoints>
                <SequencePoint vc="1" uspid="8278" ordinal="0" offset="0" sl="463" sc="9" el="463" ec="9" bec="0" bev="0" fileid="1" />
                <SequencePoint vc="1" uspid="8279" ordinal="0" offset="1" sl="464" sc="13" el="464" ec="13" bec="0" bev="0" fileid="1" />
                <SequencePoint vc="1" uspid="8280" ordinal="0" offset="12" sl="465" sc="13" el="465" ec="13" bec="0" bev="0" fileid="1" />
                <SequencePoint vc="1" uspid="8281" ordinal="0" offset="28" sl="466" sc="13" el="466" ec="13" bec="0" bev="0" fileid="1" />
                <SequencePoint vc="1" uspid="8282" ordinal="0" offset="35" sl="467" sc="13" el="467" ec="13" bec="0" bev="0" fileid="1" />
                <SequencePoint vc="1" uspid="8283" ordinal="0" offset="46" sl="468" sc="13" el="468" ec="13" bec="0" bev="0" fileid="1" />
                <SequencePoint vc="1" uspid="8284" ordinal="0" offset="67" sl="469" sc="9" el="469" ec="9" bec="0" bev="0" fileid="1" />
              </SequencePoints>
              <BranchPoints />
            </Method>
            <Method visited="true" cyclomaticComplexity="0" nPathComplexity="0" sequenceCoverage="100.0" branchCoverage="0" crapScore="0" isConstructor="false" isStatic="false" isGetter="false" isSetter="false">
              <Summary numSequencePoints="0" visitedSequencePoints="0" numBranchPoints="0" visitedBranchPoints="0" sequenceCoverage="100.0" branchCoverage="0" maxCyclomaticComplexity="0" minCyclomaticComplexity="0" maxCrapScore="0" minCrapScore="0" visitedClasses="0" numClasses="0" visitedMethods="0" numMethods="0" />
              <MetadataToken>100663328</MetadataToken>
              <Name>System.Void Tests.ClassicGameModeTests::OnReturneTrueUiManager()</Name>
              <FileRef uid="1" />
              <SequencePoints>
                <SequencePoint vc="1" uspid="8285" ordinal="0" offset="0" sl="473" sc="9" el="473" ec="9" bec="0" bev="0" fileid="1" />
                <SequencePoint vc="1" uspid="8286" ordinal="0" offset="1" sl="474" sc="13" el="474" ec="13" bec="0" bev="0" fileid="1" />
                <SequencePoint vc="1" uspid="8287" ordinal="0" offset="12" sl="475" sc="13" el="475" ec="13" bec="0" bev="0" fileid="1" />
                <SequencePoint vc="1" uspid="8288" ordinal="0" offset="28" sl="476" sc="13" el="476" ec="13" bec="0" bev="0" fileid="1" />
                <SequencePoint vc="1" uspid="8289" ordinal="0" offset="35" sl="477" sc="13" el="477" ec="13" bec="0" bev="0" fileid="1" />
                <SequencePoint vc="1" uspid="8290" ordinal="0" offset="52" sl="478" sc="13" el="478" ec="13" bec="0" bev="0" fileid="1" />
                <SequencePoint vc="1" uspid="8291" ordinal="0" offset="63" sl="479" sc="13" el="479" ec="13" bec="0" bev="0" fileid="1" />
                <SequencePoint vc="1" uspid="8292" ordinal="0" offset="84" sl="480" sc="9" el="480" ec="9" bec="0" bev="0" fileid="1" />
              </SequencePoints>
              <BranchPoints />
            </Method>
            <Method visited="true" cyclomaticComplexity="0" nPathComplexity="0" sequenceCoverage="100.0" branchCoverage="0" crapScore="0" isConstructor="false" isStatic="false" isGetter="false" isSetter="false">
              <Summary numSequencePoints="0" visitedSequencePoints="0" numBranchPoints="0" visitedBranchPoints="0" sequenceCoverage="100.0" branchCoverage="0" maxCyclomaticComplexity="0" minCyclomaticComplexity="0" maxCrapScore="0" minCrapScore="0" visitedClasses="0" numClasses="0" visitedMethods="0" numMethods="0" />
              <MetadataToken>100663329</MetadataToken>
              <Name>System.Void Tests.ClassicGameModeTests::OnReturneFalseUiManager()</Name>
              <FileRef uid="1" />
              <SequencePoints>
                <SequencePoint vc="1" uspid="8293" ordinal="0" offset="0" sl="484" sc="9" el="484" ec="9" bec="0" bev="0" fileid="1" />
                <SequencePoint vc="1" uspid="8294" ordinal="0" offset="1" sl="485" sc="13" el="485" ec="13" bec="0" bev="0" fileid="1" />
                <SequencePoint vc="1" uspid="8295" ordinal="0" offset="12" sl="486" sc="13" el="486" ec="13" bec="0" bev="0" fileid="1" />
                <SequencePoint vc="1" uspid="8296" ordinal="0" offset="28" sl="487" sc="13" el="487" ec="13" bec="0" bev="0" fileid="1" />
                <SequencePoint vc="1" uspid="8297" ordinal="0" offset="35" sl="488" sc="13" el="488" ec="13" bec="0" bev="0" fileid="1" />
                <SequencePoint vc="1" uspid="8298" ordinal="0" offset="52" sl="489" sc="13" el="489" ec="13" bec="0" bev="0" fileid="1" />
                <SequencePoint vc="1" uspid="8299" ordinal="0" offset="63" sl="490" sc="13" el="490" ec="13" bec="0" bev="0" fileid="1" />
                <SequencePoint vc="1" uspid="8300" ordinal="0" offset="84" sl="491" sc="9" el="491" ec="9" bec="0" bev="0" fileid="1" />
              </SequencePoints>
              <BranchPoints />
            </Method>
            <Method visited="true" cyclomaticComplexity="0" nPathComplexity="0" sequenceCoverage="100.0" branchCoverage="0" crapScore="0" isConstructor="false" isStatic="false" isGetter="false" isSetter="false">
              <Summary numSequencePoints="0" visitedSequencePoints="0" numBranchPoints="0" visitedBranchPoints="0" sequenceCoverage="100.0" branchCoverage="0" maxCyclomaticComplexity="0" minCyclomaticComplexity="0" maxCrapScore="0" minCrapScore="0" visitedClasses="0" numClasses="0" visitedMethods="0" numMethods="0" />
              <MetadataToken>100663330</MetadataToken>
              <Name>System.Void Tests.ClassicGameModeTests::ToStringDeck()</Name>
              <FileRef uid="1" />
              <SequencePoints>
                <SequencePoint vc="1" uspid="8301" ordinal="0" offset="0" sl="497" sc="9" el="497" ec="9" bec="0" bev="0" fileid="1" />
                <SequencePoint vc="1" uspid="8302" ordinal="0" offset="1" sl="498" sc="13" el="498" ec="13" bec="0" bev="0" fileid="1" />
[...]
                <SequencePoint vc="0" uspid="11826" ordinal="0" offset="16" sl="95" sc="0" el="95" ec="0" bec="0" bev="0" fileid="48" />
                <SequencePoint vc="0" uspid="11827" ordinal="0" offset="43" sl="96" sc="0" el="96" ec="0" bec="0" bev="0" fileid="48" />
                <SequencePoint vc="0" uspid="11828" ordinal="0" offset="44" sl="97" sc="0" el="97" ec="0" bec="0" bev="0" fileid="48" />
                <SequencePoint vc="0" uspid="11829" ordinal="0" offset="47" sl="98" sc="0" el="98" ec="0" bec="0" bev="0" fileid="48" />
                <SequencePoint vc="0" uspid="11830" ordinal="0" offset="48" sl="99" sc="0" el="99" ec="0" bec="0" bev="0" fileid="48" />
                <SequencePoint vc="0" uspid="11831" ordinal="0" offset="49" sl="100" sc="0" el="100" ec="0" bec="0" bev="0" fileid="48" />
                <SequencePoint vc="0" uspid="11832" ordinal="0" offset="66" sl="101" sc="0" el="101" ec="0" bec="0" bev="0" fileid="48" />
                <SequencePoint vc="0" uspid="11833" ordinal="0" offset="69" sl="102" sc="0" el="102" ec="0" bec="0" bev="0" fileid="48" />
              </SequencePoints>
              <BranchPoints />
            </Method>
            <Method visited="false" cyclomaticComplexity="0" nPathComplexity="0" sequenceCoverage="0.0" branchCoverage="0" crapScore="0" isConstructor="false" isStatic="false" isGetter="false" isSetter="false">
              <Summary numSequencePoints="0" visitedSequencePoints="0" numBranchPoints="0" visitedBranchPoints="0" sequenceCoverage="0.0" branchCoverage="0" maxCyclomaticComplexity="0" minCyclomaticComplexity="0" maxCrapScore="0" minCrapScore="0" visitedClasses="0" numClasses="0" visitedMethods="0" numMethods="0" />
              <MetadataToken>100663723</MetadataToken>
              <Name>System.Void Client/TCP::ReceiveCallback(System.IAsyncResult)</Name>
              <FileRef uid="48" />
              <SequencePoints>
                <SequencePoint vc="0" uspid="11834" ordinal="0" offset="0" sl="105" sc="0" el="105" ec="0" bec="0" bev="0" fileid="48" />
                <SequencePoint vc="0" uspid="11835" ordinal="0" offset="1" sl="107" sc="0" el="107" ec="0" bec="0" bev="0" fileid="48" />
                <SequencePoint vc="0" uspid="11836" ordinal="0" offset="2" sl="108" sc="0" el="108" ec="0" bec="0" bev="0" fileid="48" />
                <SequencePoint vc="0" uspid="11837" ordinal="0" offset="15" sl="109" sc="0" el="109" ec="0" bec="0" bev="0" fileid="48" />
                <SequencePoint vc="0" uspid="11838" ordinal="0" offset="26" sl="110" sc="0" el="110" ec="0" bec="0" bev="0" fileid="48" />
                <SequencePoint vc="0" uspid="11839" ordinal="0" offset="27" sl="111" sc="0" el="111" ec="0" bec="0" bev="0" fileid="48" />
                <SequencePoint vc="0" uspid="11840" ordinal="0" offset="38" sl="112" sc="0" el="112" ec="0" bec="0" bev="0" fileid="48" />
                <SequencePoint vc="0" uspid="11841" ordinal="0" offset="40" sl="115" sc="0" el="115" ec="0" bec="0" bev="0" fileid="48" />
                <SequencePoint vc="0" uspid="11842" ordinal="0" offset="47" sl="116" sc="0" el="116" ec="0" bec="0" bev="0" fileid="48" />
                <SequencePoint vc="0" uspid="11843" ordinal="0" offset="61" sl="118" sc="0" el="118" ec="0" bec="0" bev="0" fileid="48" />
                <SequencePoint vc="0" uspid="11844" ordinal="0" offset="80" sl="119" sc="0" el="119" ec="0" bec="0" bev="0" fileid="48" />
                <SequencePoint vc="0" uspid="11845" ordinal="0" offset="117" sl="120" sc="0" el="120" ec="0" bec="0" bev="0" fileid="48" />
                <SequencePoint vc="0" uspid="11846" ordinal="0" offset="120" sl="121" sc="0" el="121" ec="0" bec="0" bev="0" fileid="48" />
                <SequencePoint vc="0" uspid="11847" ordinal="0" offset="121" sl="122" sc="0" el="122" ec="0" bec="0" bev="0" fileid="48" />
                <SequencePoint vc="0" uspid="11848" ordinal="0" offset="122" sl="123" sc="0" el="123" ec="0" bec="0" bev="0" fileid="48" />
                <SequencePoint vc="0" uspid="11849" ordinal="0" offset="129" sl="124" sc="0" el="124" ec="0" bec="0" bev="0" fileid="48" />
                <SequencePoint vc="0" uspid="11850" ordinal="0" offset="132" sl="125" sc="0" el="125" ec="0" bec="0" bev="0" fileid="48" />
              </SequencePoints>
              <BranchPoints />
            </Method>
            <Method visited="false" cyclomaticComplexity="0" nPathComplexity="0" sequenceCoverage="0.0" branchCoverage="0" crapScore="0" isConstructor="false" isStatic="false" isGetter="false" isSetter="false">
              <Summary numSequencePoints="0" visitedSequencePoints="0" numBranchPoints="0" visitedBranchPoints="0" sequenceCoverage="0.0" branchCoverage="0" maxCyclomaticComplexity="0" minCyclomaticComplexity="0" maxCrapScore="0" minCrapScore="0" visitedClasses="0" numClasses="0" visitedMethods="0" numMethods="0" />
              <MetadataToken>100663724</MetadataToken>
              <Name>System.Boolean Client/TCP::HandleData(System.Byte[])</Name>
              <FileRef uid="48" />
              <SequencePoints>
                <SequencePoint vc="0" uspid="11851" ordinal="0" offset="0" sl="128" sc="0" el="128" ec="0" bec="0" bev="0" fileid="48" />
                <SequencePoint vc="0" uspid="11852" ordinal="0" offset="1" sl="129" sc="0" el="129" ec="0" bec="0" bev="0" fileid="48" />
                <SequencePoint vc="0" uspid="11853" ordinal="0" offset="3" sl="131" sc="0" el="131" ec="0" bec="0" bev="0" fileid="48" />
                <SequencePoint vc="0" uspid="11854" ordinal="0" offset="16" sl="133" sc="0" el="133" ec="0" bec="0" bev="0" fileid="48" />
                <SequencePoint vc="0" uspid="11855" ordinal="0" offset="37" sl="134" sc="0" el="134" ec="0" bec="0" bev="0" fileid="48" />
                <SequencePoint vc="0" uspid="11856" ordinal="0" offset="38" sl="135" sc="0" el="135" ec="0" bec="0" bev="0" fileid="48" />
                <SequencePoint vc="0" uspid="11857" ordinal="0" offset="51" sl="136" sc="0" el="136" ec="0" bec="0" bev="0" fileid="48" />
                <SequencePoint vc="0" uspid="11858" ordinal="0" offset="62" sl="137" sc="0" el="137" ec="0" bec="0" bev="0" fileid="48" />
                <SequencePoint vc="0" uspid="11859" ordinal="0" offset="63" sl="138" sc="0" el="138" ec="0" bec="0" bev="0" fileid="48" />
                <SequencePoint vc="0" uspid="11860" ordinal="0" offset="70" sl="140" sc="0" el="140" ec="0" bec="0" bev="0" fileid="48" />
                <SequencePoint vc="0" uspid="11861" ordinal="0" offset="80" sl="143" sc="0" el="143" ec="0" bec="0" bev="0" fileid="48" />
                <SequencePoint vc="0" uspid="11862" ordinal="0" offset="81" sl="144" sc="0" el="144" ec="0" bec="0" bev="0" fileid="48" />
                <SequencePoint vc="0" uspid="11863" ordinal="0" offset="101" sl="145" sc="0" el="145" ec="0" bec="0" bev="0" fileid="48" />
                <SequencePoint vc="0" uspid="11864" ordinal="0" offset="120" sl="154" sc="0" el="154" ec="0" bec="0" bev="0" fileid="48" />
                <SequencePoint vc="0" uspid="11865" ordinal="0" offset="122" sl="155" sc="0" el="155" ec="0" bec="0" bev="0" fileid="48" />
                <SequencePoint vc="0" uspid="11866" ordinal="0" offset="145" sl="156" sc="0" el="156" ec="0" bec="0" bev="0" fileid="48" />
                <SequencePoint vc="0" uspid="11867" ordinal="0" offset="146" sl="157" sc="0" el="157" ec="0" bec="0" bev="0" fileid="48" />
                <SequencePoint vc="0" uspid="11868" ordinal="0" offset="159" sl="158" sc="0" el="158" ec="0" bec="0" bev="0" fileid="48" />
                <SequencePoint vc="0" uspid="11869" ordinal="0" offset="172" sl="159" sc="0" el="159" ec="0" bec="0" bev="0" fileid="48" />
                <SequencePoint vc="0" uspid="11870" ordinal="0" offset="173" sl="160" sc="0" el="160" ec="0" bec="0" bev="0" fileid="48" />
                <SequencePoint vc="0" uspid="11871" ordinal="0" offset="177" sl="162" sc="0" el="162" ec="0" bec="0" bev="0" fileid="48" />
                <SequencePoint vc="0" uspid="11872" ordinal="0" offset="178" sl="163" sc="0" el="163" ec="0" bec="0" bev="0" fileid="48" />
                <SequencePoint vc="0" uspid="11873" ordinal="0" offset="179" sl="142" sc="0" el="142" ec="0" bec="0" bev="0" fileid="48" />
                <SequencePoint vc="0" uspid="11874" ordinal="0" offset="212" sl="165" sc="0" el="165" ec="0" bec="0" bev="0" fileid="48" />
                <SequencePoint vc="0" uspid="11875" ordinal="0" offset="225" sl="166" sc="0" el="166" ec="0" bec="0" bev="0" fileid="48" />
                <SequencePoint vc="0" uspid="11876" ordinal="0" offset="226" sl="167" sc="0" el="167" ec="0" bec="0" bev="0" fileid="48" />
                <SequencePoint vc="0" uspid="11877" ordinal="0" offset="230" sl="170" sc="0" el="170" ec="0" bec="0" bev="0" fileid="48" />
                <SequencePoint vc="0" uspid="11878" ordinal="0" offset="234" sl="171" sc="0" el="171" ec="0" bec="0" bev="0" fileid="48" />
              </SequencePoints>
              <BranchPoints />
            </Method>
            <Method visited="false" cyclomaticComplexity="0" nPathComplexity="0" sequenceCoverage="0.0" branchCoverage="0" crapScore="0" isConstructor="false" isStatic="false" isGetter="false" isSetter="false">
              <Summary numSequencePoints="0" visitedSequencePoints="0" numBranchPoints="0" visitedBranchPoints="0" sequenceCoverage="0.0" branchCoverage="0" maxCyclomaticComplexity="0" minCyclomaticComplexity="0" maxCrapScore="0" minCrapScore="0" visitedClasses="0" numClasses="0" visitedMethods="0" numMethods="0" />
              <MetadataToken>100663725</MetadataToken>
              <Name>System.Void Client/TCP::Disconnect()</Name>
              <FileRef uid="48" />
              <SequencePoints>
                <SequencePoint vc="0" uspid="11879" ordinal="0" offset="0" sl="174" sc="0" el="174" ec="0" bec="0" bev="0" fileid="48" />
                <SequencePoint vc="0" uspid="11880" ordinal="0" offset="1" sl="175" sc="0" el="175" ec="0" bec="0" bev="0" fileid="48" />
                <SequencePoint vc="0" uspid="11881" ordinal="0" offset="12" sl="177" sc="0" el="177" ec="0" bec="0" bev="0" fileid="48" />
                <SequencePoint vc="0" uspid="11882" ordinal="0" offset="19" sl="178" sc="0" el="178" ec="0" bec="0" bev="0" fileid="48" />
                <SequencePoint vc="0" uspid="11883" ordinal="0" offset="26" sl="179" sc="0" el="179" ec="0" bec="0" bev="0" fileid="48" />
                <SequencePoint vc="0" uspid="11884" ordinal="0" offset="33" sl="180" sc="0" el="180" ec="0" bec="0" bev="0" fileid="48" />
                <SequencePoint vc="0" uspid="11885" ordinal="0" offset="40" sl="181" sc="0" el="181" ec="0" bec="0" bev="0" fileid="48" />
              </SequencePoints>
              <BranchPoints />
            </Method>
          </Methods>
        </Class>
        <Class>
          <Summary numSequencePoints="0" visitedSequencePoints="0" numBranchPoints="0" visitedBranchPoints="0" sequenceCoverage="0" branchCoverage="0" maxCyclomaticComplexity="0" minCyclomaticComplexity="0" maxCrapScore="0" minCrapScore="0" visitedClasses="0" numClasses="0" visitedMethods="0" numMethods="0" />
          <FullName>DisplayWinCondition/&lt;displayWinCondition&gt;d__4</FullName>
          <Methods>
            <Method visited="false" cyclomaticComplexity="0" nPathComplexity="0" sequenceCoverage="0.0" branchCoverage="0" crapScore="0" isConstructor="false" isStatic="false" isGetter="false" isSetter="false">
              <Summary numSequencePoints="0" visitedSequencePoints="0" numBranchPoints="0" visitedBranchPoints="0" sequenceCoverage="0.0" branchCoverage="0" maxCyclomaticComplexity="0" minCyclomaticComplexity="0" maxCrapScore="0" minCrapScore="0" visitedClasses="0" numClasses="0" visitedMethods="0" numMethods="0" />
              <MetadataToken>100663729</MetadataToken>
              <Name>System.Boolean DisplayWinCondition/&lt;displayWinCondition&gt;d__4::MoveNext()</Name>
              <FileRef uid="55" />
              <SequencePoints>
                <SequencePoint vc="0" uspid="11886" ordinal="0" offset="31" sl="28" sc="0" el="28" ec="0" bec="0" bev="0" fileid="55" />
                <SequencePoint vc="0" uspid="11887" ordinal="0" offset="32" sl="29" sc="0" el="29" ec="0" bec="0" bev="0" fileid="55" />
                <SequencePoint vc="0" uspid="11888" ordinal="0" offset="50" sl="30" sc="0" el="30" ec="0" bec="0" bev="0" fileid="55" />
                <SequencePoint vc="0" uspid="11889" ordinal="0" offset="82" sl="31" sc="0" el="31" ec="0" bec="0" bev="0" fileid="55" />
                <SequencePoint vc="0" uspid="11890" ordinal="0" offset="100" sl="32" sc="0" el="32" ec="0" bec="0" bev="0" fileid="55" />
              </SequencePoints>
              <BranchPoints />
            </Method>
          </Methods>
        </Class>
        <Class>
          <Summary numSequencePoints="0" visitedSequencePoints="0" numBranchPoints="0" visitedBranchPoints="0" sequenceCoverage="0" branchCoverage="0" maxCyclomaticComplexity="0" minCyclomaticComplexity="0" maxCrapScore="0" minCrapScore="0" visitedClasses="0" numClasses="0" visitedMethods="0" numMethods="0" />
          <FullName>Health/&lt;TakeDamage&gt;d__9</FullName>
          <Methods>
            <Method visited="true" cyclomaticComplexity="0" nPathComplexity="0" sequenceCoverage="62.5" branchCoverage="0" crapScore="0" isConstructor="false" isStatic="false" isGetter="false" isSetter="false">
              <Summary numSequencePoints="0" visitedSequencePoints="0" numBranchPoints="0" visitedBranchPoints="0" sequenceCoverage="62.5" branchCoverage="0" maxCyclomaticComplexity="0" minCyclomaticComplexity="0" maxCrapScore="0" minCrapScore="0" visitedClasses="0" numClasses="0" visitedMethods="0" numMethods="0" />
              <MetadataToken>100663735</MetadataToken>
              <Name>System.Boolean Health/&lt;TakeDamage&gt;d__9::MoveNext()</Name>
              <FileRef uid="56" />
              <SequencePoints>
                <SequencePoint vc="1" uspid="11891" ordinal="0" offset="34" sl="41" sc="5" el="41" ec="5" bec="0" bev="0" fileid="56" />
                <SequencePoint vc="1" uspid="11892" ordinal="0" offset="35" sl="42" sc="9" el="42" ec="9" bec="0" bev="0" fileid="56" />
                <SequencePoint vc="1" uspid="11893" ordinal="0" offset="67" sl="43" sc="9" el="43" ec="9" bec="0" bev="0" fileid="56" />
                <SequencePoint vc="1" uspid="11894" ordinal="0" offset="85" sl="44" sc="9" el="44" ec="9" bec="0" bev="0" fileid="56" />
                <SequencePoint vc="1" uspid="11895" ordinal="0" offset="118" sl="45" sc="9" el="45" ec="9" bec="0" bev="0" fileid="56" />
                <SequencePoint vc="0" uspid="11896" ordinal="0" offset="161" sl="46" sc="9" el="46" ec="9" bec="0" bev="0" fileid="56" />
                <SequencePoint vc="0" uspid="11897" ordinal="0" offset="174" sl="47" sc="9" el="47" ec="9" bec="0" bev="0" fileid="56" />
                <SequencePoint vc="0" uspid="11898" ordinal="0" offset="192" sl="48" sc="5" el="48" ec="5" bec="0" bev="0" fileid="56" />
              </SequencePoints>
              <BranchPoints />
            </Method>
          </Methods>
        </Class>
        <Class>
          <Summary numSequencePoints="0" visitedSequencePoints="0" numBranchPoints="0" visitedBranchPoints="0" sequenceCoverage="0" branchCoverage="0" maxCyclomaticComplexity="0" minCyclomaticComplexity="0" maxCrapScore="0" minCrapScore="0" visitedClasses="0" numClasses="0" visitedMethods="0" numMethods="0" />
          <FullName>Health/&lt;RestoreHealth&gt;d__11</FullName>
          <Methods>
            <Method visited="true" cyclomaticComplexity="0" nPathComplexity="0" sequenceCoverage="62.5" branchCoverage="0" crapScore="0" isConstructor="false" isStatic="false" isGetter="false" isSetter="false">
              <Summary numSequencePoints="0" visitedSequencePoints="0" numBranchPoints="0" visitedBranchPoints="0" sequenceCoverage="62.5" branchCoverage="0" maxCyclomaticComplexity="0" minCyclomaticComplexity="0" maxCrapScore="0" minCrapScore="0" visitedClasses="0" numClasses="0" visitedMethods="0" numMethods="0" />
              <MetadataToken>100663741</MetadataToken>
              <Name>System.Boolean Health/&lt;RestoreHealth&gt;d__11::MoveNext()</Name>
              <FileRef uid="56" />
              <SequencePoints>
                <SequencePoint vc="1" uspid="11899" ordinal="0" offset="34" sl="59" sc="5" el="59" ec="5" bec="0" bev="0" fileid="56" />
                <SequencePoint vc="1" uspid="11900" ordinal="0" offset="35" sl="60" sc="9" el="60" ec="9" bec="0" bev="0" fileid="56" />
                <SequencePoint vc="1" uspid="11901" ordinal="0" offset="67" sl="61" sc="9" el="61" ec="9" bec="0" bev="0" fileid="56" />
                <SequencePoint vc="1" uspid="11902" ordinal="0" offset="85" sl="62" sc="9" el="62" ec="9" bec="0" bev="0" fileid="56" />
                <SequencePoint vc="1" uspid="11903" ordinal="0" offset="118" sl="63" sc="9" el="63" ec="9" bec="0" bev="0" fileid="56" />
                <SequencePoint vc="0" uspid="11904" ordinal="0" offset="161" sl="64" sc="9" el="64" ec="9" bec="0" bev="0" fileid="56" />
                <SequencePoint vc="0" uspid="11905" ordinal="0" offset="174" sl="65" sc="9" el="65" ec="9" bec="0" bev="0" fileid="56" />
                <SequencePoint vc="0" uspid="11906" ordinal="0" offset="192" sl="66" sc="5" el="66" ec="5" bec="0" bev="0" fileid="56" />
              </SequencePoints>
              <BranchPoints />
            </Method>
          </Methods>
        </Class>
        <Class>
          <Summary numSequencePoints="0" visitedSequencePoints="0" numBranchPoints="0" visitedBranchPoints="0" sequenceCoverage="0" branchCoverage="0" maxCyclomaticComplexity="0" minCyclomaticComplexity="0" maxCrapScore="0" minCrapScore="0" visitedClasses="0" numClasses="0" visitedMethods="0" numMethods="0" />
          <FullName>Client/TCP/&lt;&gt;c__DisplayClass8_0</FullName>
          <Methods>
            <Method visited="false" cyclomaticComplexity="0" nPathComplexity="0" sequenceCoverage="0.0" branchCoverage="0" crapScore="0" isConstructor="false" isStatic="false" isGetter="false" isSetter="false">
              <Summary numSequencePoints="0" visitedSequencePoints="0" numBranchPoints="0" visitedBranchPoints="0" sequenceCoverage="0.0" branchCoverage="0" maxCyclomaticComplexity="0" minCyclomaticComplexity="0" maxCrapScore="0" minCrapScore="0" visitedClasses="0" numClasses="0" visitedMethods="0" numMethods="0" />
              <MetadataToken>100663746</MetadataToken>
              <Name>System.Void Client/TCP/&lt;&gt;c__DisplayClass8_0::&lt;HandleData&gt;b__0()</Name>
              <FileRef uid="48" />
              <SequencePoints>
                <SequencePoint vc="0" uspid="11907" ordinal="0" offset="0" sl="146" sc="0" el="146" ec="0" bec="0" bev="0" fileid="48" />
                <SequencePoint vc="0" uspid="11908" ordinal="0" offset="1" sl="147" sc="0" el="147" ec="0" bec="0" bev="0" fileid="48" />
                <SequencePoint vc="0" uspid="11909" ordinal="0" offset="13" sl="148" sc="0" el="148" ec="0" bec="0" bev="0" fileid="48" />
                <SequencePoint vc="0" uspid="11910" ordinal="0" offset="14" sl="149" sc="0" el="149" ec="0" bec="0" bev="0" fileid="48" />
                <SequencePoint vc="0" uspid="11911" ordinal="0" offset="22" sl="150" sc="0" el="150" ec="0" bec="0" bev="0" fileid="48" />
                <SequencePoint vc="0" uspid="11912" ordinal="0" offset="40" sl="151" sc="0" el="151" ec="0" bec="0" bev="0" fileid="48" />
                <SequencePoint vc="0" uspid="11913" ordinal="0" offset="54" sl="152" sc="0" el="152" ec="0" bec="0" bev="0" fileid="48" />
              </SequencePoints>
              <BranchPoints />
            </Method>
          </Methods>
        </Class>
      </Classes>
    </Module>
  </Modules>
</CoverageSession>