<?xml version="1.0" encoding="utf-8"?>
<CoverageSession xmlns:xsd="http://www.w3.org/2001/XMLSchema" xmlns:xsi="http://www.w3.org/2001/XMLSchema-instance" Version="0.0.0.0">
  <Summary numSequencePoints="0" visitedSequencePoints="0" numBranchPoints="0" visitedBranchPoints="0" sequenceCoverage="0" branchCoverage="0" maxCyclomaticComplexity="0" minCyclomaticComplexity="0" maxCrapScore="0" minCrapScore="0" visitedClasses="0" numClasses="0" visitedMethods="0" numMethods="0" />
  <Modules>
    <Module>
      <Summary numSequencePoints="0" visitedSequencePoints="0" numBranchPoints="0" visitedBranchPoints="0" sequenceCoverage="0" branchCoverage="0" maxCyclomaticComplexity="0" minCyclomaticComplexity="0" maxCrapScore="0" minCrapScore="0" visitedClasses="0" numClasses="0" visitedMethods="0" numMethods="0" />
      <ModuleTime>0001-01-01T00:00:00</ModuleTime>
      <ModuleName>Tests</ModuleName>
      <Files>
        <File uid="1" fullPath="D:\Bakalauras\Bakalauras\CardGame\Assets\Scripts\Tests\Integration.cs" />
        <File uid="2" fullPath="D:\Bakalauras\Bakalauras\CardGame\Assets\Scripts\Tests\Test.cs" />
      </Files>
      <Classes>
        <Class>
          <Summary numSequencePoints="0" visitedSequencePoints="0" numBranchPoints="0" visitedBranchPoints="0" sequenceCoverage="0" branchCoverage="0" maxCyclomaticComplexity="0" minCyclomaticComplexity="0" maxCrapScore="0" minCrapScore="0" visitedClasses="0" numClasses="0" visitedMethods="0" numMethods="0" />
          <FullName>Tests.Integration</FullName>
          <Methods>
            <Method visited="true" cyclomaticComplexity="0" nPathComplexity="0" sequenceCoverage="100.0" branchCoverage="0" crapScore="0" isConstructor="false" isStatic="false" isGetter="false" isSetter="false">
              <Summary numSequencePoints="0" visitedSequencePoints="0" numBranchPoints="0" visitedBranchPoints="0" sequenceCoverage="100.0" branchCoverage="0" maxCyclomaticComplexity="0" minCyclomaticComplexity="0" maxCrapScore="0" minCrapScore="0" visitedClasses="0" numClasses="0" visitedMethods="0" numMethods="0" />
              <MetadataToken>100663297</MetadataToken>
              <Name>System.Void Tests.Integration::SpawnPlayerPlayerServer()</Name>
              <FileRef uid="1" />
              <SequencePoints>
                <SequencePoint vc="1" uspid="1" ordinal="0" offset="0" sl="13" sc="9" el="13" ec="9" bec="0" bev="0" fileid="1" />
                <SequencePoint vc="1" uspid="2" ordinal="0" offset="1" sl="14" sc="13" el="14" ec="13" bec="0" bev="0" fileid="1" />
                <SequencePoint vc="1" uspid="3" ordinal="0" offset="12" sl="15" sc="13" el="15" ec="13" bec="0" bev="0" fileid="1" />
                <SequencePoint vc="1" uspid="4" ordinal="0" offset="19" sl="16" sc="13" el="16" ec="13" bec="0" bev="0" fileid="1" />
                <SequencePoint vc="1" uspid="5" ordinal="0" offset="26" sl="17" sc="13" el="17" ec="13" bec="0" bev="0" fileid="1" />
                <SequencePoint vc="1" uspid="6" ordinal="0" offset="42" sl="18" sc="13" el="18" ec="13" bec="0" bev="0" fileid="1" />
                <SequencePoint vc="1" uspid="7" ordinal="0" offset="49" sl="19" sc="13" el="19" ec="13" bec="0" bev="0" fileid="1" />
                <SequencePoint vc="1" uspid="8" ordinal="0" offset="56" sl="20" sc="20" el="20" ec="20" bec="0" bev="0" fileid="1" />
                <SequencePoint vc="1" uspid="9" ordinal="0" offset="62" sl="21" sc="13" el="21" ec="13" bec="0" bev="0" fileid="1" />
                <SequencePoint vc="1" uspid="10" ordinal="0" offset="63" sl="22" sc="17" el="22" ec="17" bec="0" bev="0" fileid="1" />
                <SequencePoint vc="1" uspid="11" ordinal="0" offset="71" sl="23" sc="17" el="23" ec="17" bec="0" bev="0" fileid="1" />
                <SequencePoint vc="1" uspid="12" ordinal="0" offset="83" sl="24" sc="17" el="24" ec="17" bec="0" bev="0" fileid="1" />
                <SequencePoint vc="1" uspid="13" ordinal="0" offset="90" sl="25" sc="17" el="25" ec="17" bec="0" bev="0" fileid="1" />
                <SequencePoint vc="1" uspid="14" ordinal="0" offset="103" sl="27" sc="17" el="27" ec="17" bec="0" bev="0" fileid="1" />
                <SequencePoint vc="1" uspid="15" ordinal="0" offset="111" sl="28" sc="13" el="28" ec="13" bec="0" bev="0" fileid="1" />
                <SequencePoint vc="1" uspid="16" ordinal="0" offset="125" sl="29" sc="13" el="29" ec="13" bec="0" bev="0" fileid="1" />
                <SequencePoint vc="1" uspid="17" ordinal="0" offset="156" sl="30" sc="13" el="30" ec="13" bec="0" bev="0" fileid="1" />
                <SequencePoint vc="1" uspid="18" ordinal="0" offset="166" sl="31" sc="9" el="31" ec="9" bec="0" bev="0" fileid="1" />
              </SequencePoints>
              <BranchPoints />
            </Method>
            <Method visited="true" cyclomaticComplexity="0" nPathComplexity="0" sequenceCoverage="100.0" branchCoverage="0" crapScore="0" isConstructor="false" isStatic="false" isGetter="false" isSetter="false">
              <Summary numSequencePoints="0" visitedSequencePoints="0" numBranchPoints="0" visitedBranchPoints="0" sequenceCoverage="100.0" branchCoverage="0" maxCyclomaticComplexity="0" minCyclomaticComplexity="0" maxCrapScore="0" minCrapScore="0" visitedClasses="0" numClasses="0" visitedMethods="0" numMethods="0" />
              <MetadataToken>100663298</MetadataToken>
              <Name>System.Void Tests.Integration::SpawnPlayerEnemyServer()</Name>
              <FileRef uid="1" />
              <SequencePoints>
                <SequencePoint vc="1" uspid="19" ordinal="0" offset="0" sl="35" sc="9" el="35" ec="9" bec="0" bev="0" fileid="1" />
                <SequencePoint vc="1" uspid="20" ordinal="0" offset="1" sl="36" sc="13" el="36" ec="13" bec="0" bev="0" fileid="1" />
                <SequencePoint vc="1" uspid="21" ordinal="0" offset="12" sl="37" sc="13" el="37" ec="13" bec="0" bev="0" fileid="1" />
                <SequencePoint vc="1" uspid="22" ordinal="0" offset="19" sl="38" sc="13" el="38" ec="13" bec="0" bev="0" fileid="1" />
                <SequencePoint vc="1" uspid="23" ordinal="0" offset="26" sl="39" sc="13" el="39" ec="13" bec="0" bev="0" fileid="1" />
                <SequencePoint vc="1" uspid="24" ordinal="0" offset="42" sl="40" sc="13" el="40" ec="13" bec="0" bev="0" fileid="1" />
                <SequencePoint vc="1" uspid="25" ordinal="0" offset="49" sl="41" sc="13" el="41" ec="13" bec="0" bev="0" fileid="1" />
                <SequencePoint vc="1" uspid="26" ordinal="0" offset="56" sl="42" sc="13" el="42" ec="13" bec="0" bev="0" fileid="1" />
                <SequencePoint vc="1" uspid="27" ordinal="0" offset="72" sl="43" sc="13" el="43" ec="13" bec="0" bev="0" fileid="1" />
                <SequencePoint vc="1" uspid="28" ordinal="0" offset="79" sl="44" sc="20" el="44" ec="20" bec="0" bev="0" fileid="1" />
                <SequencePoint vc="1" uspid="29" ordinal="0" offset="86" sl="45" sc="13" el="45" ec="13" bec="0" bev="0" fileid="1" />
                <SequencePoint vc="1" uspid="30" ordinal="0" offset="87" sl="46" sc="17" el="46" ec="17" bec="0" bev="0" fileid="1" />
                <SequencePoint vc="1" uspid="31" ordinal="0" offset="96" sl="47" sc="17" el="47" ec="17" bec="0" bev="0" fileid="1" />
                <SequencePoint vc="1" uspid="32" ordinal="0" offset="109" sl="48" sc="17" el="48" ec="17" bec="0" bev="0" fileid="1" />
                <SequencePoint vc="1" uspid="33" ordinal="0" offset="117" sl="49" sc="17" el="49" ec="17" bec="0" bev="0" fileid="1" />
                <SequencePoint vc="1" uspid="34" ordinal="0" offset="131" sl="51" sc="17" el="51" ec="17" bec="0" bev="0" fileid="1" />
                <SequencePoint vc="1" uspid="35" ordinal="0" offset="139" sl="52" sc="13" el="52" ec="13" bec="0" bev="0" fileid="1" />
                <SequencePoint vc="1" uspid="36" ordinal="0" offset="155" sl="53" sc="13" el="53" ec="13" bec="0" bev="0" fileid="1" />
                <SequencePoint vc="1" uspid="37" ordinal="0" offset="186" sl="54" sc="13" el="54" ec="13" bec="0" bev="0" fileid="1" />
                <SequencePoint vc="1" uspid="38" ordinal="0" offset="196" sl="55" sc="9" el="55" ec="9" bec="0" bev="0" fileid="1" />
              </SequencePoints>
              <BranchPoints />
            </Method>
            <Method visited="true" cyclomaticComplexity="0" nPathComplexity="0" sequenceCoverage="100.0" branchCoverage="0" crapScore="0" isConstructor="false" isStatic="false" isGetter="false" isSetter="false">
              <Summary numSequencePoints="0" visitedSequencePoints="0" numBranchPoints="0" visitedBranchPoints="0" sequenceCoverage="100.0" branchCoverage="0" maxCyclomaticComplexity="0" minCyclomaticComplexity="0" maxCrapScore="0" minCrapScore="0" visitedClasses="0" numClasses="0" visitedMethods="0" numMethods="0" />
              <MetadataToken>100663299</MetadataToken>
              <Name>System.Void Tests.Integration::PullStartingCardsServer()</Name>
              <FileRef uid="1" />
              <SequencePoints>
                <SequencePoint vc="1" uspid="39" ordinal="0" offset="0" sl="59" sc="9" el="59" ec="9" bec="0" bev="0" fileid="1" />
                <SequencePoint vc="1" uspid="40" ordinal="0" offset="1" sl="60" sc="13" el="60" ec="13" bec="0" bev="0" fileid="1" />
                <SequencePoint vc="1" uspid="41" ordinal="0" offset="12" sl="61" sc="13" el="61" ec="13" bec="0" bev="0" fileid="1" />
                <SequencePoint vc="1" uspid="42" ordinal="0" offset="19" sl="62" sc="13" el="62" ec="13" bec="0" bev="0" fileid="1" />
                <SequencePoint vc="1" uspid="43" ordinal="0" offset="26" sl="63" sc="13" el="63" ec="13" bec="0" bev="0" fileid="1" />
                <SequencePoint vc="1" uspid="44" ordinal="0" offset="42" sl="64" sc="13" el="64" ec="13" bec="0" bev="0" fileid="1" />
                <SequencePoint vc="1" uspid="45" ordinal="0" offset="49" sl="65" sc="13" el="65" ec="13" bec="0" bev="0" fileid="1" />
                <SequencePoint vc="1" uspid="46" ordinal="0" offset="56" sl="66" sc="13" el="66" ec="13" bec="0" bev="0" fileid="1" />
                <SequencePoint vc="1" uspid="47" ordinal="0" offset="72" sl="67" sc="13" el="67" ec="13" bec="0" bev="0" fileid="1" />
                <SequencePoint vc="1" uspid="48" ordinal="0" offset="79" sl="68" sc="20" el="68" ec="20" bec="0" bev="0" fileid="1" />
                <SequencePoint vc="1" uspid="49" ordinal="0" offset="86" sl="69" sc="13" el="69" ec="13" bec="0" bev="0" fileid="1" />
                <SequencePoint vc="1" uspid="50" ordinal="0" offset="87" sl="70" sc="17" el="70" ec="17" bec="0" bev="0" fileid="1" />
                <SequencePoint vc="1" uspid="51" ordinal="0" offset="100" sl="71" sc="17" el="71" ec="17" bec="0" bev="0" fileid="1" />
                <SequencePoint vc="1" uspid="52" ordinal="0" offset="108" sl="72" sc="17" el="72" ec="17" bec="0" bev="0" fileid="1" />
                <SequencePoint vc="1" uspid="53" ordinal="0" offset="122" sl="74" sc="17" el="74" ec="17" bec="0" bev="0" fileid="1" />
                <SequencePoint vc="1" uspid="54" ordinal="0" offset="130" sl="75" sc="13" el="75" ec="13" bec="0" bev="0" fileid="1" />
                <SequencePoint vc="1" uspid="55" ordinal="0" offset="146" sl="76" sc="13" el="76" ec="13" bec="0" bev="0" fileid="1" />
                <SequencePoint vc="1" uspid="56" ordinal="0" offset="183" sl="77" sc="13" el="77" ec="13" bec="0" bev="0" fileid="1" />
                <SequencePoint vc="1" uspid="57" ordinal="0" offset="193" sl="78" sc="9" el="78" ec="9" bec="0" bev="0" fileid="1" />
              </SequencePoints>
              <BranchPoints />
            </Method>
            <Method visited="true" cyclomaticComplexity="0" nPathComplexity="0" sequenceCoverage="100.0" branchCoverage="0" crapScore="0" isConstructor="false" isStatic="false" isGetter="false" isSetter="false">
              <Summary numSequencePoints="0" visitedSequencePoints="0" numBranchPoints="0" visitedBranchPoints="0" sequenceCoverage="100.0" branchCoverage="0" maxCyclomaticComplexity="0" minCyclomaticComplexity="0" maxCrapScore="0" minCrapScore="0" visitedClasses="0" numClasses="0" visitedMethods="0" numMethods="0" />
              <MetadataToken>100663300</MetadataToken>
              <Name>System.Void Tests.Integration::SetTurnServer()</Name>
              <FileRef uid="1" />
              <SequencePoints>
                <SequencePoint vc="1" uspid="58" ordinal="0" offset="0" sl="82" sc="9" el="82" ec="9" bec="0" bev="0" fileid="1" />
                <SequencePoint vc="1" uspid="59" ordinal="0" offset="1" sl="83" sc="13" el="83" ec="13" bec="0" bev="0" fileid="1" />
                <SequencePoint vc="1" uspid="60" ordinal="0" offset="12" sl="84" sc="13" el="84" ec="13" bec="0" bev="0" fileid="1" />
                <SequencePoint vc="1" uspid="61" ordinal="0" offset="19" sl="85" sc="13" el="85" ec="13" bec="0" bev="0" fileid="1" />
                <SequencePoint vc="1" uspid="62" ordinal="0" offset="26" sl="86" sc="13" el="86" ec="13" bec="0" bev="0" fileid="1" />
                <SequencePoint vc="1" uspid="63" ordinal="0" offset="42" sl="87" sc="13" el="87" ec="13" bec="0" bev="0" fileid="1" />
                <SequencePoint vc="1" uspid="64" ordinal="0" offset="49" sl="88" sc="13" el="88" ec="13" bec="0" bev="0" fileid="1" />
                <SequencePoint vc="1" uspid="65" ordinal="0" offset="56" sl="89" sc="13" el="89" ec="13" bec="0" bev="0" fileid="1" />
                <SequencePoint vc="1" uspid="66" ordinal="0" offset="72" sl="90" sc="13" el="90" ec="13" bec="0" bev="0" fileid="1" />
                <SequencePoint vc="1" uspid="67" ordinal="0" offset="79" sl="91" sc="13" el="91" ec="13" bec="0" bev="0" fileid="1" />
                <SequencePoint vc="1" uspid="68" ordinal="0" offset="91" sl="92" sc="20" el="92" ec="20" bec="0" bev="0" fileid="1" />
                <SequencePoint vc="1" uspid="69" ordinal="0" offset="98" sl="93" sc="13" el="93" ec="13" bec="0" bev="0" fileid="1" />
                <SequencePoint vc="1" uspid="70" ordinal="0" offset="99" sl="94" sc="17" el="94" ec="17" bec="0" bev="0" fileid="1" />
                <SequencePoint vc="1" uspid="71" ordinal="0" offset="108" sl="95" sc="17" el="95" ec="17" bec="0" bev="0" fileid="1" />
                <SequencePoint vc="1" uspid="72" ordinal="0" offset="121" sl="96" sc="17" el="96" ec="17" bec="0" bev="0" fileid="1" />
                <SequencePoint vc="1" uspid="73" ordinal="0" offset="129" sl="97" sc="17" el="97" ec="17" bec="0" bev="0" fileid="1" />
                <SequencePoint vc="1" uspid="74" ordinal="0" offset="143" sl="99" sc="17" el="99" ec="17" bec="0" bev="0" fileid="1" />
                <SequencePoint vc="1" uspid="75" ordinal="0" offset="151" sl="100" sc="13" el="100" ec="13" bec="0" bev="0" fileid="1" />
                <SequencePoint vc="1" uspid="76" ordinal="0" offset="167" sl="101" sc="20" el="101" ec="20" bec="0" bev="0" fileid="1" />
                <SequencePoint vc="1" uspid="77" ordinal="0" offset="174" sl="102" sc="13" el="102" ec="13" bec="0" bev="0" fileid="1" />
                <SequencePoint vc="1" uspid="78" ordinal="0" offset="175" sl="103" sc="17" el="103" ec="17" bec="0" bev="0" fileid="1" />
                <SequencePoint vc="1" uspid="79" ordinal="0" offset="184" sl="104" sc="17" el="104" ec="17" bec="0" bev="0" fileid="1" />
                <SequencePoint vc="1" uspid="80" ordinal="0" offset="192" sl="105" sc="17" el="105" ec="17" bec="0" bev="0" fileid="1" />
                <SequencePoint vc="1" uspid="81" ordinal="0" offset="206" sl="107" sc="17" el="107" ec="17" bec="0" bev="0" fileid="1" />
                <SequencePoint vc="1" uspid="82" ordinal="0" offset="214" sl="108" sc="13" el="108" ec="13" bec="0" bev="0" fileid="1" />
                <SequencePoint vc="1" uspid="83" ordinal="0" offset="230" sl="109" sc="13" el="109" ec="13" bec="0" bev="0" fileid="1" />
                <SequencePoint vc="1" uspid="84" ordinal="0" offset="246" sl="110" sc="13" el="110" ec="13" bec="0" bev="0" fileid="1" />
                <SequencePoint vc="1" uspid="85" ordinal="0" offset="256" sl="111" sc="9" el="111" ec="9" bec="0" bev="0" fileid="1" />
              </SequencePoints>
              <BranchPoints />
            </Method>
            <Method visited="true" cyclomaticComplexity="0" nPathComplexity="0" sequenceCoverage="100.0" branchCoverage="0" crapScore="0" isConstructor="false" isStatic="false" isGetter="false" isSetter="false">
              <Summary numSequencePoints="0" visitedSequencePoints="0" numBranchPoints="0" visitedBranchPoints="0" sequenceCoverage="100.0" branchCoverage="0" maxCyclomaticComplexity="0" minCyclomaticComplexity="0" maxCrapScore="0" minCrapScore="0" visitedClasses="0" numClasses="0" visitedMethods="0" numMethods="0" />
              <MetadataToken>100663301</MetadataToken>
              <Name>System.Void Tests.Integration::SetTimerServer()</Name>
              <FileRef uid="1" />
              <SequencePoints>
                <SequencePoint vc="1" uspid="86" ordinal="0" offset="0" sl="115" sc="9" el="115" ec="9" bec="0" bev="0" fileid="1" />
                <SequencePoint vc="1" uspid="87" ordinal="0" offset="1" sl="116" sc="13" el="116" ec="13" bec="0" bev="0" fileid="1" />
                <SequencePoint vc="1" uspid="88" ordinal="0" offset="12" sl="117" sc="13" el="117" ec="13" bec="0" bev="0" fileid="1" />
                <SequencePoint vc="1" uspid="89" ordinal="0" offset="19" sl="118" sc="13" el="118" ec="13" bec="0" bev="0" fileid="1" />
                <SequencePoint vc="1" uspid="90" ordinal="0" offset="26" sl="119" sc="13" el="119" ec="13" bec="0" bev="0" fileid="1" />
                <SequencePoint vc="1" uspid="91" ordinal="0" offset="42" sl="120" sc="13" el="120" ec="13" bec="0" bev="0" fileid="1" />
                <SequencePoint vc="1" uspid="92" ordinal="0" offset="49" sl="121" sc="13" el="121" ec="13" bec="0" bev="0" fileid="1" />
                <SequencePoint vc="1" uspid="93" ordinal="0" offset="56" sl="122" sc="13" el="122" ec="13" bec="0" bev="0" fileid="1" />
                <SequencePoint vc="1" uspid="94" ordinal="0" offset="72" sl="123" sc="13" el="123" ec="13" bec="0" bev="0" fileid="1" />
                <SequencePoint vc="1" uspid="95" ordinal="0" offset="79" sl="125" sc="20" el="125" ec="20" bec="0" bev="0" fileid="1" />
                <SequencePoint vc="1" uspid="96" ordinal="0" offset="86" sl="126" sc="13" el="126" ec="13" bec="0" bev="0" fileid="1" />
                <SequencePoint vc="1" uspid="97" ordinal="0" offset="87" sl="127" sc="17" el="127" ec="17" bec="0" bev="0" fileid="1" />
                <SequencePoint vc="1" uspid="98" ordinal="0" offset="100" sl="128" sc="17" el="128" ec="17" bec="0" bev="0" fileid="1" />
                <SequencePoint vc="1" uspid="99" ordinal="0" offset="108" sl="129" sc="17" el="129" ec="17" bec="0" bev="0" fileid="1" />
                <SequencePoint vc="1" uspid="100" ordinal="0" offset="122" sl="131" sc="17" el="131" ec="17" bec="0" bev="0" fileid="1" />
                <SequencePoint vc="1" uspid="101" ordinal="0" offset="130" sl="132" sc="13" el="132" ec="13" bec="0" bev="0" fileid="1" />
                <SequencePoint vc="1" uspid="102" ordinal="0" offset="146" sl="133" sc="13" el="133" ec="13" bec="0" bev="0" fileid="1" />
                <SequencePoint vc="1" uspid="103" ordinal="0" offset="169" sl="134" sc="13" el="134" ec="13" bec="0" bev="0" fileid="1" />
                <SequencePoint vc="1" uspid="104" ordinal="0" offset="179" sl="135" sc="9" el="135" ec="9" bec="0" bev="0" fileid="1" />
              </SequencePoints>
              <BranchPoints />
            </Method>
            <Method visited="true" cyclomaticComplexity="0" nPathComplexity="0" sequenceCoverage="100.0" branchCoverage="0" crapScore="0" isConstructor="false" isStatic="false" isGetter="false" isSetter="false">
              <Summary numSequencePoints="0" visitedSequencePoints="0" numBranchPoints="0" visitedBranchPoints="0" sequenceCoverage="100.0" branchCoverage="0" maxCyclomaticComplexity="0" minCyclomaticComplexity="0" maxCrapScore="0" minCrapScore="0" visitedClasses="0" numClasses="0" visitedMethods="0" numMethods="0" />
              <MetadataToken>100663302</MetadataToken>
              <Name>System.Void Tests.Integration::SetLifeServer()</Name>
              <FileRef uid="1" />
              <SequencePoints>
                <SequencePoint vc="1" uspid="105" ordinal="0" offset="0" sl="139" sc="9" el="139" ec="9" bec="0" bev="0" fileid="1" />
                <SequencePoint vc="1" uspid="106" ordinal="0" offset="1" sl="140" sc="13" el="140" ec="13" bec="0" bev="0" fileid="1" />
                <SequencePoint vc="1" uspid="107" ordinal="0" offset="12" sl="141" sc="13" el="141" ec="13" bec="0" bev="0" fileid="1" />
                <SequencePoint vc="1" uspid="108" ordinal="0" offset="19" sl="142" sc="13" el="142" ec="13" bec="0" bev="0" fileid="1" />
                <SequencePoint vc="1" uspid="109" ordinal="0" offset="26" sl="143" sc="13" el="143" ec="13" bec="0" bev="0" fileid="1" />
                <SequencePoint vc="1" uspid="110" ordinal="0" offset="42" sl="144" sc="13" el="144" ec="13" bec="0" bev="0" fileid="1" />
                <SequencePoint vc="1" uspid="111" ordinal="0" offset="49" sl="145" sc="13" el="145" ec="13" bec="0" bev="0" fileid="1" />
                <SequencePoint vc="1" uspid="112" ordinal="0" offset="56" sl="146" sc="13" el="146" ec="13" bec="0" bev="0" fileid="1" />
                <SequencePoint vc="1" uspid="113" ordinal="0" offset="72" sl="147" sc="13" el="147" ec="13" bec="0" bev="0" fileid="1" />
                <SequencePoint vc="1" uspid="114" ordinal="0" offset="79" sl="148" sc="13" el="148" ec="13" bec="0" bev="0" fileid="1" />
                <SequencePoint vc="1" uspid="115" ordinal="0" offset="91" sl="149" sc="20" el="149" ec="20" bec="0" bev="0" fileid="1" />
                <SequencePoint vc="1" uspid="116" ordinal="0" offset="98" sl="150" sc="13" el="150" ec="13" bec="0" bev="0" fileid="1" />
                <SequencePoint vc="1" uspid="117" ordinal="0" offset="99" sl="151" sc="17" el="151" ec="17" bec="0" bev="0" fileid="1" />
                <SequencePoint vc="1" uspid="118" ordinal="0" offset="108" sl="152" sc="17" el="152" ec="17" bec="0" bev="0" fileid="1" />
                <SequencePoint vc="1" uspid="119" ordinal="0" offset="121" sl="153" sc="17" el="153" ec="17" bec="0" bev="0" fileid="1" />
                <SequencePoint vc="1" uspid="120" ordinal="0" offset="129" sl="154" sc="17" el="154" ec="17" bec="0" bev="0" fileid="1" />
                <SequencePoint vc="1" uspid="121" ordinal="0" offset="143" sl="156" sc="17" el="156" ec="17" bec="0" bev="0" fileid="1" />
                <SequencePoint vc="1" uspid="122" ordinal="0" offset="151" sl="157" sc="13" el="157" ec="13" bec="0" bev="0" fileid="1" />
                <SequencePoint vc="1" uspid="123" ordinal="0" offset="167" sl="158" sc="20" el="158" ec="20" bec="0" bev="0" fileid="1" />
                <SequencePoint vc="1" uspid="124" ordinal="0" offset="174" sl="159" sc="13" el="159" ec="13" bec="0" bev="0" fileid="1" />
                <SequencePoint vc="1" uspid="125" ordinal="0" offset="175" sl="160" sc="17" el="160" ec="17" bec="0" bev="0" fileid="1" />
                <SequencePoint vc="1" uspid="126" ordinal="0" offset="184" sl="161" sc="17" el="161" ec="17" bec="0" bev="0" fileid="1" />
                <SequencePoint vc="1" uspid="127" ordinal="0" offset="194" sl="162" sc="17" el="162" ec="17" bec="0" bev="0" fileid="1" />
                <SequencePoint vc="1" uspid="128" ordinal="0" offset="202" sl="163" sc="17" el="163" ec="17" bec="0" bev="0" fileid="1" />
                <SequencePoint vc="1" uspid="129" ordinal="0" offset="216" sl="165" sc="17" el="165" ec="17" bec="0" bev="0" fileid="1" />
                <SequencePoint vc="1" uspid="130" ordinal="0" offset="224" sl="166" sc="13" el="166" ec="13" bec="0" bev="0" fileid="1" />
                <SequencePoint vc="1" uspid="131" ordinal="0" offset="240" sl="167" sc="13" el="167" ec="13" bec="0" bev="0" fileid="1" />
                <SequencePoint vc="1" uspid="132" ordinal="0" offset="268" sl="168" sc="13" el="168" ec="13" bec="0" bev="0" fileid="1" />
                <SequencePoint vc="1" uspid="133" ordinal="0" offset="278" sl="169" sc="9" el="169" ec="9" bec="0" bev="0" fileid="1" />
              </SequencePoints>
              <BranchPoints />
            </Method>
            <Method visited="true" cyclomaticComplexity="0" nPathComplexity="0" sequenceCoverage="100.0" branchCoverage="0" crapScore="0" isConstructor="false" isStatic="false" isGetter="false" isSetter="false">
              <Summary numSequencePoints="0" visitedSequencePoints="0" numBranchPoints="0" visitedBranchPoints="0" sequenceCoverage="100.0" branchCoverage="0" maxCyclomaticComplexity="0" minCyclomaticComplexity="0" maxCrapScore="0" minCrapScore="0" visitedClasses="0" numClasses="0" visitedMethods="0" numMethods="0" />
              <MetadataToken>100663303</MetadataToken>
              <Name>System.Void Tests.Integration::SetManaServer()</Name>
              <FileRef uid="1" />
              <SequencePoints>
                <SequencePoint vc="1" uspid="134" ordinal="0" offset="0" sl="173" sc="9" el="173" ec="9" bec="0" bev="0" fileid="1" />
                <SequencePoint vc="1" uspid="135" ordinal="0" offset="1" sl="174" sc="13" el="174" ec="13" bec="0" bev="0" fileid="1" />
                <SequencePoint vc="1" uspid="136" ordinal="0" offset="12" sl="175" sc="13" el="175" ec="13" bec="0" bev="0" fileid="1" />
                <SequencePoint vc="1" uspid="137" ordinal="0" offset="19" sl="176" sc="13" el="176" ec="13" bec="0" bev="0" fileid="1" />
                <SequencePoint vc="1" uspid="138" ordinal="0" offset="26" sl="177" sc="13" el="177" ec="13" bec="0" bev="0" fileid="1" />
                <SequencePoint vc="1" uspid="139" ordinal="0" offset="42" sl="178" sc="13" el="178" ec="13" bec="0" bev="0" fileid="1" />
                <SequencePoint vc="1" uspid="140" ordinal="0" offset="49" sl="179" sc="13" el="179" ec="13" bec="0" bev="0" fileid="1" />
                <SequencePoint vc="1" uspid="141" ordinal="0" offset="56" sl="180" sc="13" el="180" ec="13" bec="0" bev="0" fileid="1" />
                <SequencePoint vc="1" uspid="142" ordinal="0" offset="72" sl="181" sc="13" el="181" ec="13" bec="0" bev="0" fileid="1" />
                <SequencePoint vc="1" uspid="143" ordinal="0" offset="79" sl="182" sc="13" el="182" ec="13" bec="0" bev="0" fileid="1" />
                <SequencePoint vc="1" uspid="144" ordinal="0" offset="91" sl="183" sc="20" el="183" ec="20" bec="0" bev="0" fileid="1" />
                <SequencePoint vc="1" uspid="145" ordinal="0" offset="98" sl="184" sc="13" el="184" ec="13" bec="0" bev="0" fileid="1" />
                <SequencePoint vc="1" uspid="146" ordinal="0" offset="99" sl="185" sc="17" el="185" ec="17" bec="0" bev="0" fileid="1" />
                <SequencePoint vc="1" uspid="147" ordinal="0" offset="108" sl="186" sc="17" el="186" ec="17" bec="0" bev="0" fileid="1" />
                <SequencePoint vc="1" uspid="148" ordinal="0" offset="121" sl="187" sc="17" el="187" ec="17" bec="0" bev="0" fileid="1" />
                <SequencePoint vc="1" uspid="149" ordinal="0" offset="129" sl="188" sc="17" el="188" ec="17" bec="0" bev="0" fileid="1" />
                <SequencePoint vc="1" uspid="150" ordinal="0" offset="143" sl="190" sc="17" el="190" ec="17" bec="0" bev="0" fileid="1" />
                <SequencePoint vc="1" uspid="151" ordinal="0" offset="151" sl="191" sc="13" el="191" ec="13" bec="0" bev="0" fileid="1" />
                <SequencePoint vc="1" uspid="152" ordinal="0" offset="167" sl="192" sc="20" el="192" ec="20" bec="0" bev="0" fileid="1" />
                <SequencePoint vc="1" uspid="153" ordinal="0" offset="174" sl="193" sc="13" el="193" ec="13" bec="0" bev="0" fileid="1" />
                <SequencePoint vc="1" uspid="154" ordinal="0" offset="175" sl="194" sc="17" el="194" ec="17" bec="0" bev="0" fileid="1" />
                <SequencePoint vc="1" uspid="155" ordinal="0" offset="184" sl="195" sc="17" el="195" ec="17" bec="0" bev="0" fileid="1" />
                <SequencePoint vc="1" uspid="156" ordinal="0" offset="194" sl="196" sc="17" el="196" ec="17" bec="0" bev="0" fileid="1" />
                <SequencePoint vc="1" uspid="157" ordinal="0" offset="202" sl="197" sc="17" el="197" ec="17" bec="0" bev="0" fileid="1" />
                <SequencePoint vc="1" uspid="158" ordinal="0" offset="216" sl="199" sc="17" el="199" ec="17" bec="0" bev="0" fileid="1" />
                <SequencePoint vc="1" uspid="159" ordinal="0" offset="224" sl="200" sc="13" el="200" ec="13" bec="0" bev="0" fileid="1" />
                <SequencePoint vc="1" uspid="160" ordinal="0" offset="240" sl="201" sc="13" el="201" ec="13" bec="0" bev="0" fileid="1" />
                <SequencePoint vc="1" uspid="161" ordinal="0" offset="268" sl="202" sc="13" el="202" ec="13" bec="0" bev="0" fileid="1" />
                <SequencePoint vc="1" uspid="162" ordinal="0" offset="278" sl="203" sc="9" el="203" ec="9" bec="0" bev="0" fileid="1" />
              </SequencePoints>
              <BranchPoints />
            </Method>
            <Method visited="true" cyclomaticComplexity="0" nPathComplexity="0" sequenceCoverage="100.0" branchCoverage="0" crapScore="0" isConstructor="false" isStatic="false" isGetter="false" isSetter="false">
              <Summary numSequencePoints="0" visitedSequencePoints="0" numBranchPoints="0" visitedBranchPoints="0" sequenceCoverage="100.0" branchCoverage="0" maxCyclomaticComplexity="0" minCyclomaticComplexity="0" maxCrapScore="0" minCrapScore="0" visitedClasses="0" numClasses="0" visitedMethods="0" numMethods="0" />
              <MetadataToken>100663304</MetadataToken>
              <Name>System.Void Tests.Integration::SetMaxServer()</Name>
              <FileRef uid="1" />
              <SequencePoints>
                <SequencePoint vc="1" uspid="163" ordinal="0" offset="0" sl="207" sc="9" el="207" ec="9" bec="0" bev="0" fileid="1" />
                <SequencePoint vc="1" uspid="164" ordinal="0" offset="1" sl="208" sc="13" el="208" ec="13" bec="0" bev="0" fileid="1" />
                <SequencePoint vc="1" uspid="165" ordinal="0" offset="12" sl="209" sc="13" el="209" ec="13" bec="0" bev="0" fileid="1" />
                <SequencePoint vc="1" uspid="166" ordinal="0" offset="19" sl="210" sc="13" el="210" ec="13" bec="0" bev="0" fileid="1" />
                <SequencePoint vc="1" uspid="167" ordinal="0" offset="26" sl="211" sc="13" el="211" ec="13" bec="0" bev="0" fileid="1" />
                <SequencePoint vc="1" uspid="168" ordinal="0" offset="42" sl="212" sc="13" el="212" ec="13" bec="0" bev="0" fileid="1" />
                <SequencePoint vc="1" uspid="169" ordinal="0" offset="49" sl="213" sc="13" el="213" ec="13" bec="0" bev="0" fileid="1" />
                <SequencePoint vc="1" uspid="170" ordinal="0" offset="56" sl="214" sc="13" el="214" ec="13" bec="0" bev="0" fileid="1" />
                <SequencePoint vc="1" uspid="171" ordinal="0" offset="72" sl="215" sc="13" el="215" ec="13" bec="0" bev="0" fileid="1" />
                <SequencePoint vc="1" uspid="172" ordinal="0" offset="79" sl="216" sc="13" el="216" ec="13" bec="0" bev="0" fileid="1" />
                <SequencePoint vc="1" uspid="173" ordinal="0" offset="91" sl="217" sc="20" el="217" ec="20" bec="0" bev="0" fileid="1" />
                <SequencePoint vc="1" uspid="174" ordinal="0" offset="98" sl="218" sc="13" el="218" ec="13" bec="0" bev="0" fileid="1" />
                <SequencePoint vc="1" uspid="175" ordinal="0" offset="99" sl="219" sc="17" el="219" ec="17" bec="0" bev="0" fileid="1" />
                <SequencePoint vc="1" uspid="176" ordinal="0" offset="108" sl="220" sc="17" el="220" ec="17" bec="0" bev="0" fileid="1" />
                <SequencePoint vc="1" uspid="177" ordinal="0" offset="121" sl="221" sc="17" el="221" ec="17" bec="0" bev="0" fileid="1" />
                <SequencePoint vc="1" uspid="178" ordinal="0" offset="129" sl="222" sc="17" el="222" ec="17" bec="0" bev="0" fileid="1" />
                <SequencePoint vc="1" uspid="179" ordinal="0" offset="143" sl="224" sc="17" el="224" ec="17" bec="0" bev="0" fileid="1" />
                <SequencePoint vc="1" uspid="180" ordinal="0" offset="151" sl="225" sc="13" el="225" ec="13" bec="0" bev="0" fileid="1" />
                <SequencePoint vc="1" uspid="181" ordinal="0" offset="167" sl="226" sc="20" el="226" ec="20" bec="0" bev="0" fileid="1" />
                <SequencePoint vc="1" uspid="182" ordinal="0" offset="174" sl="227" sc="13" el="227" ec="13" bec="0" bev="0" fileid="1" />
                <SequencePoint vc="1" uspid="183" ordinal="0" offset="175" sl="228" sc="17" el="228" ec="17" bec="0" bev="0" fileid="1" />
                <SequencePoint vc="1" uspid="184" ordinal="0" offset="184" sl="229" sc="17" el="229" ec="17" bec="0" bev="0" fileid="1" />
                <SequencePoint vc="1" uspid="185" ordinal="0" offset="194" sl="230" sc="17" el="230" ec="17" bec="0" bev="0" fileid="1" />
                <SequencePoint vc="1" uspid="186" ordinal="0" offset="202" sl="231" sc="17" el="231" ec="17" bec="0" bev="0" fileid="1" />
                <SequencePoint vc="1" uspid="187" ordinal="0" offset="216" sl="233" sc="17" el="233" ec="17" bec="0" bev="0" fileid="1" />
                <SequencePoint vc="1" uspid="188" ordinal="0" offset="224" sl="234" sc="13" el="234" ec="13" bec="0" bev="0" fileid="1" />
                <SequencePoint vc="1" uspid="189" ordinal="0" offset="240" sl="235" sc="13" el="235" ec="13" bec="0" bev="0" fileid="1" />
                <SequencePoint vc="1" uspid="190" ordinal="0" offset="268" sl="236" sc="13" el="236" ec="13" bec="0" bev="0" fileid="1" />
                <SequencePoint vc="1" uspid="191" ordinal="0" offset="278" sl="237" sc="9" el="237" ec="9" bec="0" bev="0" fileid="1" />
              </SequencePoints>
              <BranchPoints />
            </Method>
            <Method visited="true" cyclomaticComplexity="0" nPathComplexity="0" sequenceCoverage="86.2" branchCoverage="0" crapScore="0" isConstructor="false" isStatic="false" isGetter="false" isSetter="false">
              <Summary numSequencePoints="0" visitedSequencePoints="0" numBranchPoints="0" visitedBranchPoints="0" sequenceCoverage="86.2" branchCoverage="0" maxCyclomaticComplexity="0" minCyclomaticComplexity="0" maxCrapScore="0" minCrapScore="0" visitedClasses="0" numClasses="0" visitedMethods="0" numMethods="0" />
              <MetadataToken>100663305</MetadataToken>
              <Name>System.Void Tests.Integration::PutCardOnTableServer()</Name>
              <FileRef uid="1" />
              <SequencePoints>
                <SequencePoint vc="1" uspid="192" ordinal="0" offset="0" sl="241" sc="9" el="241" ec="9" bec="0" bev="0" fileid="1" />
                <SequencePoint vc="1" uspid="193" ordinal="0" offset="1" sl="242" sc="13" el="242" ec="13" bec="0" bev="0" fileid="1" />
                <SequencePoint vc="1" uspid="194" ordinal="0" offset="12" sl="243" sc="13" el="243" ec="13" bec="0" bev="0" fileid="1" />
                <SequencePoint vc="1" uspid="195" ordinal="0" offset="19" sl="244" sc="13" el="244" ec="13" bec="0" bev="0" fileid="1" />
                <SequencePoint vc="1" uspid="196" ordinal="0" offset="26" sl="245" sc="13" el="245" ec="13" bec="0" bev="0" fileid="1" />
                <SequencePoint vc="1" uspid="197" ordinal="0" offset="42" sl="246" sc="13" el="246" ec="13" bec="0" bev="0" fileid="1" />
                <SequencePoint vc="1" uspid="198" ordinal="0" offset="49" sl="247" sc="13" el="247" ec="13" bec="0" bev="0" fileid="1" />
                <SequencePoint vc="1" uspid="199" ordinal="0" offset="60" sl="248" sc="13" el="248" ec="13" bec="0" bev="0" fileid="1" />
                <SequencePoint vc="1" uspid="200" ordinal="0" offset="76" sl="249" sc="13" el="249" ec="13" bec="0" bev="0" fileid="1" />
                <SequencePoint vc="1" uspid="201" ordinal="0" offset="83" sl="250" sc="13" el="250" ec="13" bec="0" bev="0" fileid="1" />
                <SequencePoint vc="1" uspid="202" ordinal="0" offset="93" sl="252" sc="13" el="252" ec="13" bec="0" bev="0" fileid="1" />
                <SequencePoint vc="1" uspid="203" ordinal="0" offset="94" sl="252" sc="41" el="252" ec="41" bec="0" bev="0" fileid="1" />
                <SequencePoint vc="0" uspid="204" ordinal="0" offset="118" sl="252" sc="22" el="252" ec="22" bec="0" bev="0" fileid="1" />
                <SequencePoint vc="0" uspid="205" ordinal="0" offset="132" sl="253" sc="13" el="253" ec="13" bec="0" bev="0" fileid="1" />
                <SequencePoint vc="0" uspid="206" ordinal="0" offset="133" sl="254" sc="17" el="254" ec="17" bec="0" bev="0" fileid="1" />
                <SequencePoint vc="0" uspid="207" ordinal="0" offset="142" sl="255" sc="13" el="255" ec="13" bec="0" bev="0" fileid="1" />
                <SequencePoint vc="1" uspid="208" ordinal="0" offset="143" sl="252" sc="38" el="252" ec="38" bec="0" bev="0" fileid="1" />
                <SequencePoint vc="1" uspid="209" ordinal="0" offset="176" sl="256" sc="13" el="256" ec="13" bec="0" bev="0" fileid="1" />
                <SequencePoint vc="1" uspid="210" ordinal="0" offset="193" sl="258" sc="20" el="258" ec="20" bec="0" bev="0" fileid="1" />
                <SequencePoint vc="1" uspid="211" ordinal="0" offset="200" sl="259" sc="13" el="259" ec="13" bec="0" bev="0" fileid="1" />
                <SequencePoint vc="1" uspid="212" ordinal="0" offset="201" sl="260" sc="17" el="260" ec="17" bec="0" bev="0" fileid="1" />
                <SequencePoint vc="1" uspid="213" ordinal="0" offset="210" sl="261" sc="17" el="261" ec="17" bec="0" bev="0" fileid="1" />
                <SequencePoint vc="1" uspid="214" ordinal="0" offset="223" sl="262" sc="17" el="262" ec="17" bec="0" bev="0" fileid="1" />
                <SequencePoint vc="1" uspid="215" ordinal="0" offset="231" sl="263" sc="17" el="263" ec="17" bec="0" bev="0" fileid="1" />
                <SequencePoint vc="1" uspid="216" ordinal="0" offset="245" sl="265" sc="17" el="265" ec="17" bec="0" bev="0" fileid="1" />
                <SequencePoint vc="1" uspid="217" ordinal="0" offset="253" sl="266" sc="13" el="266" ec="13" bec="0" bev="0" fileid="1" />
                <SequencePoint vc="1" uspid="218" ordinal="0" offset="269" sl="267" sc="13" el="267" ec="13" bec="0" bev="0" fileid="1" />
                <SequencePoint vc="1" uspid="219" ordinal="0" offset="306" sl="268" sc="13" el="268" ec="13" bec="0" bev="0" fileid="1" />
                <SequencePoint vc="1" uspid="220" ordinal="0" offset="316" sl="269" sc="9" el="269" ec="9" bec="0" bev="0" fileid="1" />
              </SequencePoints>
              <BranchPoints />
            </Method>
            <Method visited="true" cyclomaticComplexity="0" nPathComplexity="0" sequenceCoverage="100.0" branchCoverage="0" crapScore="0" isConstructor="false" isStatic="false" isGetter="false" isSetter="false">
              <Summary numSequencePoints="0" visitedSequencePoints="0" numBranchPoints="0" visitedBranchPoints="0" sequenceCoverage="100.0" branchCoverage="0" maxCyclomaticComplexity="0" minCyclomaticComplexity="0" maxCrapScore="0" minCrapScore="0" visitedClasses="0" numClasses="0" visitedMethods="0" numMethods="0" />
              <MetadataToken>100663306</MetadataToken>
              <Name>System.Void Tests.Integration::PulledCardServer()</Name>
              <FileRef uid="1" />
              <SequencePoints>
                <SequencePoint vc="1" uspid="221" ordinal="0" offset="0" sl="273" sc="9" el="273" ec="9" bec="0" bev="0" fileid="1" />
                <SequencePoint vc="1" uspid="222" ordinal="0" offset="1" sl="274" sc="13" el="274" ec="13" bec="0" bev="0" fileid="1" />
                <SequencePoint vc="1" uspid="223" ordinal="0" offset="17" sl="275" sc="13" el="275" ec="13" bec="0" bev="0" fileid="1" />
                <SequencePoint vc="1" uspid="224" ordinal="0" offset="24" sl="277" sc="20" el="277" ec="20" bec="0" bev="0" fileid="1" />
                <SequencePoint vc="1" uspid="225" ordinal="0" offset="30" sl="278" sc="13" el="278" ec="13" bec="0" bev="0" fileid="1" />
                <SequencePoint vc="1" uspid="226" ordinal="0" offset="31" sl="279" sc="17" el="279" ec="17" bec="0" bev="0" fileid="1" />
                <SequencePoint vc="1" uspid="227" ordinal="0" offset="43" sl="280" sc="17" el="280" ec="17" bec="0" bev="0" fileid="1" />
                <SequencePoint vc="1" uspid="228" ordinal="0" offset="50" sl="281" sc="17" el="281" ec="17" bec="0" bev="0" fileid="1" />
                <SequencePoint vc="1" uspid="229" ordinal="0" offset="62" sl="283" sc="17" el="283" ec="17" bec="0" bev="0" fileid="1" />
                <SequencePoint vc="1" uspid="230" ordinal="0" offset="69" sl="284" sc="13" el="284" ec="13" bec="0" bev="0" fileid="1" />
                <SequencePoint vc="1" uspid="231" ordinal="0" offset="83" sl="285" sc="13" el="285" ec="13" bec="0" bev="0" fileid="1" />
                <SequencePoint vc="1" uspid="232" ordinal="0" offset="120" sl="286" sc="13" el="286" ec="13" bec="0" bev="0" fileid="1" />
                <SequencePoint vc="1" uspid="233" ordinal="0" offset="130" sl="287" sc="13" el="287" ec="13" bec="0" bev="0" fileid="1" />
                <SequencePoint vc="1" uspid="234" ordinal="0" offset="158" sl="288" sc="9" el="288" ec="9" bec="0" bev="0" fileid="1" />
              </SequencePoints>
              <BranchPoints />
            </Method>
            <Method visited="true" cyclomaticComplexity="0" nPathComplexity="0" sequenceCoverage="100.0" branchCoverage="0" crapScore="0" isConstructor="false" isStatic="false" isGetter="false" isSetter="false">
              <Summary numSequencePoints="0" visitedSequencePoints="0" numBranchPoints="0" visitedBranchPoints="0" sequenceCoverage="100.0" branchCoverage="0" maxCyclomaticComplexity="0" minCyclomaticComplexity="0" maxCrapScore="0" minCrapScore="0" visitedClasses="0" numClasses="0" visitedMethods="0" numMethods="0" />
              <MetadataToken>100663307</MetadataToken>
              <Name>System.Void Tests.Integration::SetEnemyCardCountServer()</Name>
              <FileRef uid="1" />
              <SequencePoints>
                <SequencePoint vc="1" uspid="235" ordinal="0" offset="0" sl="292" sc="9" el="292" ec="9" bec="0" bev="0" fileid="1" />
                <SequencePoint vc="1" uspid="236" ordinal="0" offset="1" sl="293" sc="13" el="293" ec="13" bec="0" bev="0" fileid="1" />
                <SequencePoint vc="1" uspid="237" ordinal="0" offset="28" sl="295" sc="13" el="295" ec="13" bec="0" bev="0" fileid="1" />
                <SequencePoint vc="1" uspid="238" ordinal="0" offset="44" sl="296" sc="13" el="296" ec="13" bec="0" bev="0" fileid="1" />
                <SequencePoint vc="1" uspid="239" ordinal="0" offset="51" sl="300" sc="20" el="300" ec="20" bec="0" bev="0" fileid="1" />
                <SequencePoint vc="1" uspid="240" ordinal="0" offset="57" sl="301" sc="13" el="301" ec="13" bec="0" bev="0" fileid="1" />
                <SequencePoint vc="1" uspid="241" ordinal="0" offset="58" sl="302" sc="17" el="302" ec="17" bec="0" bev="0" fileid="1" />
                <SequencePoint vc="1" uspid="242" ordinal="0" offset="66" sl="303" sc="17" el="303" ec="17" bec="0" bev="0" fileid="1" />
                <SequencePoint vc="1" uspid="243" ordinal="0" offset="73" sl="304" sc="17" el="304" ec="17" bec="0" bev="0" fileid="1" />
                <SequencePoint vc="1" uspid="244" ordinal="0" offset="85" sl="306" sc="17" el="306" ec="17" bec="0" bev="0" fileid="1" />
                <SequencePoint vc="1" uspid="245" ordinal="0" offset="92" sl="307" sc="13" el="307" ec="13" bec="0" bev="0" fileid="1" />
                <SequencePoint vc="1" uspid="246" ordinal="0" offset="106" sl="308" sc="13" el="308" ec="13" bec="0" bev="0" fileid="1" />
                <SequencePoint vc="1" uspid="247" ordinal="0" offset="133" sl="310" sc="9" el="310" ec="9" bec="0" bev="0" fileid="1" />
              </SequencePoints>
              <BranchPoints />
            </Method>
          </Methods>
        </Class>
        <Class>
          <Summary numSequencePoints="0" visitedSequencePoints="0" numBranchPoints="0" visitedBranchPoints="0" sequenceCoverage="0" branchCoverage="0" maxCyclomaticComplexity="0" minCyclomaticComplexity="0" maxCrapScore="0" minCrapScore="0" visitedClasses="0" numClasses="0" visitedMethods="0" numMethods="0" />
          <FullName>Tests.Test</FullName>
          <Methods>
            <Method visited="true" cyclomaticComplexity="0" nPathComplexity="0" sequenceCoverage="88.9" branchCoverage="0" crapScore="0" isConstructor="false" isStatic="false" isGetter="false" isSetter="false">
              <Summary numSequencePoints="0" visitedSequencePoints="0" numBranchPoints="0" visitedBranchPoints="0" sequenceCoverage="88.9" branchCoverage="0" maxCyclomaticComplexity="0" minCyclomaticComplexity="0" maxCrapScore="0" minCrapScore="0" visitedClasses="0" numClasses="0" visitedMethods="0" numMethods="0" />
              <MetadataToken>100663309</MetadataToken>
              <Name>System.Void Tests.Test::GetAllPlayerCardsAttackHelper()</Name>
              <FileRef uid="2" />
              <SequencePoints>
                <SequencePoint vc="1" uspid="248" ordinal="0" offset="0" sl="16" sc="9" el="16" ec="9" bec="0" bev="0" fileid="2" />
                <SequencePoint vc="1" uspid="249" ordinal="0" offset="1" sl="17" sc="13" el="17" ec="13" bec="0" bev="0" fileid="2" />
                <SequencePoint vc="1" uspid="250" ordinal="0" offset="12" sl="19" sc="13" el="19" ec="13" bec="0" bev="0" fileid="2" />
                <SequencePoint vc="1" uspid="251" ordinal="0" offset="23" sl="22" sc="13" el="22" ec="13" bec="0" bev="0" fileid="2" />
                <SequencePoint vc="1" uspid="252" ordinal="0" offset="34" sl="23" sc="13" el="23" ec="13" bec="0" bev="0" fileid="2" />
                <SequencePoint vc="1" uspid="253" ordinal="0" offset="41" sl="24" sc="13" el="24" ec="13" bec="0" bev="0" fileid="2" />
                <SequencePoint vc="1" uspid="254" ordinal="0" offset="59" sl="26" sc="13" el="26" ec="13" bec="0" bev="0" fileid="2" />
                <SequencePoint vc="1" uspid="255" ordinal="0" offset="67" sl="28" sc="13" el="28" ec="13" bec="0" bev="0" fileid="2" />
                <SequencePoint vc="0" uspid="256" ordinal="0" offset="91" sl="29" sc="9" el="29" ec="9" bec="0" bev="0" fileid="2" />
              </SequencePoints>
              <BranchPoints />
            </Method>
            <Method visited="true" cyclomaticComplexity="0" nPathComplexity="0" sequenceCoverage="100.0" branchCoverage="0" crapScore="0" isConstructor="false" isStatic="false" isGetter="false" isSetter="false">
              <Summary numSequencePoints="0" visitedSequencePoints="0" numBranchPoints="0" visitedBranchPoints="0" sequenceCoverage="100.0" branchCoverage="0" maxCyclomaticComplexity="0" minCyclomaticComplexity="0" maxCrapScore="0" minCrapScore="0" visitedClasses="0" numClasses="0" visitedMethods="0" numMethods="0" />
              <MetadataToken>100663310</MetadataToken>
              <Name>System.Void Tests.Test::GetAllEnemyCardsAttackHelper()</Name>
              <FileRef uid="2" />
              <SequencePoints>
                <SequencePoint vc="1" uspid="257" ordinal="0" offset="0" sl="33" sc="9" el="33" ec="9" bec="0" bev="0" fileid="2" />
                <SequencePoint vc="1" uspid="258" ordinal="0" offset="1" sl="34" sc="13" el="34" ec="13" bec="0" bev="0" fileid="2" />
                <SequencePoint vc="1" uspid="259" ordinal="0" offset="12" sl="36" sc="13" el="36" ec="13" bec="0" bev="0" fileid="2" />
                <SequencePoint vc="1" uspid="260" ordinal="0" offset="23" sl="39" sc="13" el="39" ec="13" bec="0" bev="0" fileid="2" />
                <SequencePoint vc="1" uspid="261" ordinal="0" offset="34" sl="40" sc="13" el="40" ec="13" bec="0" bev="0" fileid="2" />
                <SequencePoint vc="1" uspid="262" ordinal="0" offset="41" sl="41" sc="13" el="41" ec="13" bec="0" bev="0" fileid="2" />
                <SequencePoint vc="1" uspid="263" ordinal="0" offset="59" sl="43" sc="13" el="43" ec="13" bec="0" bev="0" fileid="2" />
                <SequencePoint vc="1" uspid="264" ordinal="0" offset="67" sl="45" sc="13" el="45" ec="13" bec="0" bev="0" fileid="2" />
                <SequencePoint vc="1" uspid="265" ordinal="0" offset="91" sl="46" sc="13" el="46" ec="13" bec="0" bev="0" fileid="2" />
                <SequencePoint vc="1" uspid="266" ordinal="0" offset="104" sl="47" sc="9" el="47" ec="9" bec="0" bev="0" fileid="2" />
              </SequencePoints>
              <BranchPoints />
            </Method>
            <Method visited="true" cyclomaticComplexity="0" nPathComplexity="0" sequenceCoverage="100.0" branchCoverage="0" crapScore="0" isConstructor="false" isStatic="false" isGetter="false" isSetter="false">
              <Summary numSequencePoints="0" visitedSequencePoints="0" numBranchPoints="0" visitedBranchPoints="0" sequenceCoverage="100.0" branchCoverage="0" maxCyclomaticComplexity="0" minCyclomaticComplexity="0" maxCrapScore="0" minCrapScore="0" visitedClasses="0" numClasses="0" visitedMethods="0" numMethods="0" />
              <MetadataToken>100663311</MetadataToken>
              <Name>System.Void Tests.Test::SetPlayersCardsToAttackAttackHelper()</Name>
              <FileRef uid="2" />
              <SequencePoints>
                <SequencePoint vc="1" uspid="267" ordinal="0" offset="0" sl="51" sc="9" el="51" ec="9" bec="0" bev="0" fileid="2" />
                <SequencePoint vc="1" uspid="268" ordinal="0" offset="1" sl="52" sc="13" el="52" ec="13" bec="0" bev="0" fileid="2" />
                <SequencePoint vc="1" uspid="269" ordinal="0" offset="12" sl="54" sc="13" el="54" ec="13" bec="0" bev="0" fileid="2" />
                <SequencePoint vc="1" uspid="270" ordinal="0" offset="23" sl="56" sc="13" el="56" ec="13" bec="0" bev="0" fileid="2" />
                <SequencePoint vc="1" uspid="271" ordinal="0" offset="34" sl="57" sc="13" el="57" ec="13" bec="0" bev="0" fileid="2" />
                <SequencePoint vc="1" uspid="272" ordinal="0" offset="41" sl="58" sc="13" el="58" ec="13" bec="0" bev="0" fileid="2" />
                <SequencePoint vc="1" uspid="273" ordinal="0" offset="54" sl="59" sc="13" el="59" ec="13" bec="0" bev="0" fileid="2" />
                <SequencePoint vc="1" uspid="274" ordinal="0" offset="72" sl="61" sc="13" el="61" ec="13" bec="0" bev="0" fileid="2" />
                <SequencePoint vc="1" uspid="275" ordinal="0" offset="79" sl="64" sc="13" el="64" ec="13" bec="0" bev="0" fileid="2" />
                <SequencePoint vc="1" uspid="276" ordinal="0" offset="96" sl="65" sc="13" el="65" ec="13" bec="0" bev="0" fileid="2" />
                <SequencePoint vc="1" uspid="277" ordinal="0" offset="109" sl="66" sc="9" el="66" ec="9" bec="0" bev="0" fileid="2" />
              </SequencePoints>
              <BranchPoints />
            </Method>
            <Method visited="true" cyclomaticComplexity="0" nPathComplexity="0" sequenceCoverage="100.0" branchCoverage="0" crapScore="0" isConstructor="false" isStatic="false" isGetter="false" isSetter="false">
              <Summary numSequencePoints="0" visitedSequencePoints="0" numBranchPoints="0" visitedBranchPoints="0" sequenceCoverage="100.0" branchCoverage="0" maxCyclomaticComplexity="0" minCyclomaticComplexity="0" maxCrapScore="0" minCrapScore="0" visitedClasses="0" numClasses="0" visitedMethods="0" numMethods="0" />
              <MetadataToken>100663312</MetadataToken>
              <Name>System.Void Tests.Test::SetPlayersCardsToNotAttackAttackHelper()</Name>
              <FileRef uid="2" />
              <SequencePoints>
                <SequencePoint vc="1" uspid="278" ordinal="0" offset="0" sl="70" sc="9" el="70" ec="9" bec="0" bev="0" fileid="2" />
                <SequencePoint vc="1" uspid="279" ordinal="0" offset="1" sl="71" sc="13" el="71" ec="13" bec="0" bev="0" fileid="2" />
                <SequencePoint vc="1" uspid="280" ordinal="0" offset="12" sl="73" sc="13" el="73" ec="13" bec="0" bev="0" fileid="2" />
                <SequencePoint vc="1" uspid="281" ordinal="0" offset="23" sl="75" sc="13" el="75" ec="13" bec="0" bev="0" fileid="2" />
                <SequencePoint vc="1" uspid="282" ordinal="0" offset="34" sl="76" sc="13" el="76" ec="13" bec="0" bev="0" fileid="2" />
                <SequencePoint vc="1" uspid="283" ordinal="0" offset="41" sl="77" sc="13" el="77" ec="13" bec="0" bev="0" fileid="2" />
                <SequencePoint vc="1" uspid="284" ordinal="0" offset="54" sl="78" sc="13" el="78" ec="13" bec="0" bev="0" fileid="2" />
                <SequencePoint vc="1" uspid="285" ordinal="0" offset="72" sl="80" sc="13" el="80" ec="13" bec="0" bev="0" fileid="2" />
                <SequencePoint vc="1" uspid="286" ordinal="0" offset="79" sl="82" sc="13" el="82" ec="13" bec="0" bev="0" fileid="2" />
                <SequencePoint vc="1" uspid="287" ordinal="0" offset="96" sl="83" sc="9" el="83" ec="9" bec="0" bev="0" fileid="2" />
              </SequencePoints>
              <BranchPoints />
            </Method>
            <Method visited="true" cyclomaticComplexity="0" nPathComplexity="0" sequenceCoverage="100.0" branchCoverage="0" crapScore="0" isConstructor="false" isStatic="false" isGetter="false" isSetter="false">
              <Summary numSequencePoints="0" visitedSequencePoints="0" numBranchPoints="0" visitedBranchPoints="0" sequenceCoverage="100.0" branchCoverage="0" maxCyclomaticComplexity="0" minCyclomaticComplexity="0" maxCrapScore="0" minCrapScore="0" visitedClasses="0" numClasses="0" visitedMethods="0" numMethods="0" />
              <MetadataToken>100663313</MetadataToken>
              <Name>System.Void Tests.Test::getDeffendingPlayerAttackHelper()</Name>
              <FileRef uid="2" />
              <SequencePoints>
                <SequencePoint vc="1" uspid="288" ordinal="0" offset="0" sl="88" sc="9" el="88" ec="9" bec="0" bev="0" fileid="2" />
                <SequencePoint vc="1" uspid="289" ordinal="0" offset="1" sl="89" sc="13" el="89" ec="13" bec="0" bev="0" fileid="2" />
                <SequencePoint vc="1" uspid="290" ordinal="0" offset="12" sl="91" sc="13" el="91" ec="13" bec="0" bev="0" fileid="2" />
                <SequencePoint vc="1" uspid="291" ordinal="0" offset="23" sl="93" sc="13" el="93" ec="13" bec="0" bev="0" fileid="2" />
                <SequencePoint vc="1" uspid="292" ordinal="0" offset="34" sl="94" sc="13" el="94" ec="13" bec="0" bev="0" fileid="2" />
                <SequencePoint vc="1" uspid="293" ordinal="0" offset="41" sl="95" sc="13" el="95" ec="13" bec="0" bev="0" fileid="2" />
                <SequencePoint vc="1" uspid="294" ordinal="0" offset="54" sl="96" sc="13" el="96" ec="13" bec="0" bev="0" fileid="2" />
                <SequencePoint vc="1" uspid="295" ordinal="0" offset="72" sl="98" sc="13" el="98" ec="13" bec="0" bev="0" fileid="2" />
                <SequencePoint vc="1" uspid="296" ordinal="0" offset="79" sl="100" sc="13" el="100" ec="13" bec="0" bev="0" fileid="2" />
                <SequencePoint vc="1" uspid="297" ordinal="0" offset="96" sl="101" sc="9" el="101" ec="9" bec="0" bev="0" fileid="2" />
              </SequencePoints>
              <BranchPoints />
            </Method>
            <Method visited="true" cyclomaticComplexity="0" nPathComplexity="0" sequenceCoverage="100.0" branchCoverage="0" crapScore="0" isConstructor="false" isStatic="false" isGetter="false" isSetter="false">
              <Summary numSequencePoints="0" visitedSequencePoints="0" numBranchPoints="0" visitedBranchPoints="0" sequenceCoverage="100.0" branchCoverage="0" maxCyclomaticComplexity="0" minCyclomaticComplexity="0" maxCrapScore="0" minCrapScore="0" visitedClasses="0" numClasses="0" visitedMethods="0" numMethods="0" />
              <MetadataToken>100663314</MetadataToken>
              <Name>System.Void Tests.Test::GetCostCardCostHelper()</Name>
              <FileRef uid="2" />
              <SequencePoints>
                <SequencePoint vc="1" uspid="298" ordinal="0" offset="0" sl="108" sc="9" el="108" ec="9" bec="0" bev="0" fileid="2" />
                <SequencePoint vc="1" uspid="299" ordinal="0" offset="1" sl="109" sc="13" el="109" ec="13" bec="0" bev="0" fileid="2" />
                <SequencePoint vc="1" uspid="300" ordinal="0" offset="12" sl="110" sc="13" el="110" ec="13" bec="0" bev="0" fileid="2" />
                <SequencePoint vc="1" uspid="301" ordinal="0" offset="19" sl="111" sc="13" el="111" ec="13" bec="0" bev="0" fileid="2" />
                <SequencePoint vc="1" uspid="302" ordinal="0" offset="26" sl="112" sc="13" el="112" ec="13" bec="0" bev="0" fileid="2" />
                <SequencePoint vc="1" uspid="303" ordinal="0" offset="33" sl="113" sc="13" el="113" ec="13" bec="0" bev="0" fileid="2" />
                <SequencePoint vc="1" uspid="304" ordinal="0" offset="56" sl="114" sc="9" el="114" ec="9" bec="0" bev="0" fileid="2" />
              </SequencePoints>
              <BranchPoints />
            </Method>
            <Method visited="true" cyclomaticComplexity="0" nPathComplexity="0" sequenceCoverage="100.0" branchCoverage="0" crapScore="0" isConstructor="false" isStatic="false" isGetter="false" isSetter="false">
              <Summary numSequencePoints="0" visitedSequencePoints="0" numBranchPoints="0" visitedBranchPoints="0" sequenceCoverage="100.0" branchCoverage="0" maxCyclomaticComplexity="0" minCyclomaticComplexity="0" maxCrapScore="0" minCrapScore="0" visitedClasses="0" numClasses="0" visitedMethods="0" numMethods="0" />
              <MetadataToken>100663315</MetadataToken>
              <Name>System.Void Tests.Test::SetCostCostHelper()</Name>
              <FileRef uid="2" />
              <SequencePoints>
                <SequencePoint vc="1" uspid="305" ordinal="0" offset="0" sl="118" sc="9" el="118" ec="9" bec="0" bev="0" fileid="2" />
                <SequencePoint vc="1" uspid="306" ordinal="0" offset="1" sl="119" sc="13" el="119" ec="13" bec="0" bev="0" fileid="2" />
                <SequencePoint vc="1" uspid="307" ordinal="0" offset="12" sl="120" sc="13" el="120" ec="13" bec="0" bev="0" fileid="2" />
                <SequencePoint vc="1" uspid="308" ordinal="0" offset="19" sl="121" sc="13" el="121" ec="13" bec="0" bev="0" fileid="2" />
                <SequencePoint vc="1" uspid="309" ordinal="0" offset="26" sl="122" sc="13" el="122" ec="13" bec="0" bev="0" fileid="2" />
                <SequencePoint vc="1" uspid="310" ordinal="0" offset="33" sl="123" sc="13" el="123" ec="13" bec="0" bev="0" fileid="2" />
                <SequencePoint vc="1" uspid="311" ordinal="0" offset="41" sl="124" sc="13" el="124" ec="13" bec="0" bev="0" fileid="2" />
                <SequencePoint vc="1" uspid="312" ordinal="0" offset="64" sl="125" sc="9" el="125" ec="9" bec="0" bev="0" fileid="2" />
              </SequencePoints>
              <BranchPoints />
            </Method>
            <Method visited="true" cyclomaticComplexity="0" nPathComplexity="0" sequenceCoverage="100.0" branchCoverage="0" crapScore="0" isConstructor="false" isStatic="false" isGetter="false" isSetter="false">
              <Summary numSequencePoints="0" visitedSequencePoints="0" numBranchPoints="0" visitedBranchPoints="0" sequenceCoverage="100.0" branchCoverage="0" maxCyclomaticComplexity="0" minCyclomaticComplexity="0" maxCrapScore="0" minCrapScore="0" visitedClasses="0" numClasses="0" visitedMethods="0" numMethods="0" />
              <MetadataToken>100663316</MetadataToken>
              <Name>System.Void Tests.Test::SetCostToLowCostHelper()</Name>
              <FileRef uid="2" />
              <SequencePoints>
                <SequencePoint vc="1" uspid="313" ordinal="0" offset="0" sl="129" sc="9" el="129" ec="9" bec="0" bev="0" fileid="2" />
                <SequencePoint vc="1" uspid="314" ordinal="0" offset="1" sl="130" sc="13" el="130" ec="13" bec="0" bev="0" fileid="2" />
                <SequencePoint vc="1" uspid="315" ordinal="0" offset="12" sl="131" sc="13" el="131" ec="13" bec="0" bev="0" fileid="2" />
                <SequencePoint vc="1" uspid="316" ordinal="0" offset="19" sl="132" sc="13" el="132" ec="13" bec="0" bev="0" fileid="2" />
                <SequencePoint vc="1" uspid="317" ordinal="0" offset="26" sl="133" sc="13" el="133" ec="13" bec="0" bev="0" fileid="2" />
                <SequencePoint vc="1" uspid="318" ordinal="0" offset="33" sl="134" sc="13" el="134" ec="13" bec="0" bev="0" fileid="2" />
                <SequencePoint vc="1" uspid="319" ordinal="0" offset="41" sl="135" sc="13" el="135" ec="13" bec="0" bev="0" fileid="2" />
                <SequencePoint vc="1" uspid="320" ordinal="0" offset="64" sl="136" sc="9" el="136" ec="9" bec="0" bev="0" fileid="2" />
              </SequencePoints>
              <BranchPoints />
            </Method>
            <Method visited="true" cyclomaticComplexity="0" nPathComplexity="0" sequenceCoverage="100.0" branchCoverage="0" crapScore="0" isConstructor="false" isStatic="false" isGetter="false" isSetter="false">
              <Summary numSequencePoints="0" visitedSequencePoints="0" numBranchPoints="0" visitedBranchPoints="0" sequenceCoverage="100.0" branchCoverage="0" maxCyclomaticComplexity="0" minCyclomaticComplexity="0" maxCrapScore="0" minCrapScore="0" visitedClasses="0" numClasses="0" visitedMethods="0" numMethods="0" />
              <MetadataToken>100663317</MetadataToken>
              <Name>System.Void Tests.Test::RemoveCostCostHelper()</Name>
              <FileRef uid="2" />
              <SequencePoints>
                <SequencePoint vc="1" uspid="321" ordinal="0" offset="0" sl="140" sc="9" el="140" ec="9" bec="0" bev="0" fileid="2" />
                <SequencePoint vc="1" uspid="322" ordinal="0" offset="1" sl="141" sc="13" el="141" ec="13" bec="0" bev="0" fileid="2" />
                <SequencePoint vc="1" uspid="323" ordinal="0" offset="12" sl="142" sc="13" el="142" ec="13" bec="0" bev="0" fileid="2" />
                <SequencePoint vc="1" uspid="324" ordinal="0" offset="19" sl="143" sc="13" el="143" ec="13" bec="0" bev="0" fileid="2" />
                <SequencePoint vc="1" uspid="325" ordinal="0" offset="26" sl="144" sc="13" el="144" ec="13" bec="0" bev="0" fileid="2" />
                <SequencePoint vc="1" uspid="326" ordinal="0" offset="33" sl="145" sc="13" el="145" ec="13" bec="0" bev="0" fileid="2" />
                <SequencePoint vc="1" uspid="327" ordinal="0" offset="41" sl="146" sc="13" el="146" ec="13" bec="0" bev="0" fileid="2" />
                <SequencePoint vc="1" uspid="328" ordinal="0" offset="64" sl="147" sc="9" el="147" ec="9" bec="0" bev="0" fileid="2" />
              </SequencePoints>
              <BranchPoints />
            </Method>
            <Method visited="true" cyclomaticComplexity="0" nPathComplexity="0" sequenceCoverage="100.0" branchCoverage="0" crapScore="0" isConstructor="false" isStatic="false" isGetter="false" isSetter="false">
              <Summary numSequencePoints="0" visitedSequencePoints="0" numBranchPoints="0" visitedBranchPoints="0" sequenceCoverage="100.0" branchCoverage="0" maxCyclomaticComplexity="0" minCyclomaticComplexity="0" maxCrapScore="0" minCrapScore="0" visitedClasses="0" numClasses="0" visitedMethods="0" numMethods="0" />
              <MetadataToken>100663318</MetadataToken>
              <Name>System.Void Tests.Test::RemoveCostToManyCostHelper()</Name>
              <FileRef uid="2" />
              <SequencePoints>
                <SequencePoint vc="1" uspid="329" ordinal="0" offset="0" sl="151" sc="9" el="151" ec="9" bec="0" bev="0" fileid="2" />
                <SequencePoint vc="1" uspid="330" ordinal="0" offset="1" sl="152" sc="13" el="152" ec="13" bec="0" bev="0" fileid="2" />
                <SequencePoint vc="1" uspid="331" ordinal="0" offset="12" sl="153" sc="13" el="153" ec="13" bec="0" bev="0" fileid="2" />
                <SequencePoint vc="1" uspid="332" ordinal="0" offset="19" sl="154" sc="13" el="154" ec="13" bec="0" bev="0" fileid="2" />
                <SequencePoint vc="1" uspid="333" ordinal="0" offset="26" sl="155" sc="13" el="155" ec="13" bec="0" bev="0" fileid="2" />
                <SequencePoint vc="1" uspid="334" ordinal="0" offset="33" sl="156" sc="13" el="156" ec="13" bec="0" bev="0" fileid="2" />
                <SequencePoint vc="1" uspid="335" ordinal="0" offset="41" sl="157" sc="13" el="157" ec="13" bec="0" bev="0" fileid="2" />
                <SequencePoint vc="1" uspid="336" ordinal="0" offset="64" sl="158" sc="9" el="158" ec="9" bec="0" bev="0" fileid="2" />
              </SequencePoints>
              <BranchPoints />
            </Method>
            <Method visited="true" cyclomaticComplexity="0" nPathComplexity="0" sequenceCoverage="100.0" branchCoverage="0" crapScore="0" isConstructor="false" isStatic="false" isGetter="false" isSetter="false">
              <Summary numSequencePoints="0" visitedSequencePoints="0" numBranchPoints="0" visitedBranchPoints="0" sequenceCoverage="100.0" branchCoverage="0" maxCyclomaticComplexity="0" minCyclomaticComplexity="0" maxCrapScore="0" minCrapScore="0" visitedClasses="0" numClasses="0" visitedMethods="0" numMethods="0" />
              <MetadataToken>100663319</MetadataToken>
              <Name>System.Void Tests.Test::GetLifeCardStatsHelper()</Name>
              <FileRef uid="2" />
              <SequencePoints>
                <SequencePoint vc="1" uspid="337" ordinal="0" offset="0" sl="163" sc="9" el="163" ec="9" bec="0" bev="0" fileid="2" />
                <SequencePoint vc="1" uspid="338" ordinal="0" offset="1" sl="164" sc="13" el="164" ec="13" bec="0" bev="0" fileid="2" />
                <SequencePoint vc="1" uspid="339" ordinal="0" offset="12" sl="165" sc="13" el="165" ec="13" bec="0" bev="0" fileid="2" />
                <SequencePoint vc="1" uspid="340" ordinal="0" offset="19" sl="166" sc="13" el="166" ec="13" bec="0" bev="0" fileid="2" />
                <SequencePoint vc="1" uspid="341" ordinal="0" offset="26" sl="167" sc="13" el="167" ec="13" bec="0" bev="0" fileid="2" />
                <SequencePoint vc="1" uspid="342" ordinal="0" offset="33" sl="168" sc="13" el="168" ec="13" bec="0" bev="0" fileid="2" />
                <SequencePoint vc="1" uspid="343" ordinal="0" offset="56" sl="169" sc="9" el="169" ec="9" bec="0" bev="0" fileid="2" />
              </SequencePoints>
              <BranchPoints />
            </Method>
            <Method visited="true" cyclomaticComplexity="0" nPathComplexity="0" sequenceCoverage="100.0" branchCoverage="0" crapScore="0" isConstructor="false" isStatic="false" isGetter="false" isSetter="false">
              <Summary numSequencePoints="0" visitedSequencePoints="0" numBranchPoints="0" visitedBranchPoints="0" sequenceCoverage="100.0" branchCoverage="0" maxCyclomaticComplexity="0" minCyclomaticComplexity="0" maxCrapScore="0" minCrapScore="0" visitedClasses="0" numClasses="0" visitedMethods="0" numMethods="0" />
              <MetadataToken>100663320</MetadataToken>
              <Name>System.Void Tests.Test::TakeDamageCardStatsHelper()</Name>
              <FileRef uid="2" />
              <SequencePoints>
                <SequencePoint vc="1" uspid="344" ordinal="0" offset="0" sl="173" sc="9" el="173" ec="9" bec="0" bev="0" fileid="2" />
                <SequencePoint vc="1" uspid="345" ordinal="0" offset="1" sl="174" sc="13" el="174" ec="13" bec="0" bev="0" fileid="2" />
                <SequencePoint vc="1" uspid="346" ordinal="0" offset="12" sl="175" sc="13" el="175" ec="13" bec="0" bev="0" fileid="2" />
                <SequencePoint vc="1" uspid="347" ordinal="0" offset="19" sl="176" sc="13" el="176" ec="13" bec="0" bev="0" fileid="2" />
                <SequencePoint vc="1" uspid="348" ordinal="0" offset="26" sl="177" sc="13" el="177" ec="13" bec="0" bev="0" fileid="2" />
                <SequencePoint vc="1" uspid="349" ordinal="0" offset="33" sl="178" sc="13" el="178" ec="13" bec="0" bev="0" fileid="2" />
                <SequencePoint vc="1" uspid="350" ordinal="0" offset="41" sl="179" sc="13" el="179" ec="13" bec="0" bev="0" fileid="2" />
                <SequencePoint vc="1" uspid="351" ordinal="0" offset="64" sl="180" sc="9" el="180" ec="9" bec="0" bev="0" fileid="2" />
              </SequencePoints>
              <BranchPoints />
            </Method>
            <Method visited="true" cyclomaticComplexity="0" nPathComplexity="0" sequenceCoverage="100.0" branchCoverage="0" crapScore="0" isConstructor="false" isStatic="false" isGetter="false" isSetter="false">
              <Summary numSequencePoints="0" visitedSequencePoints="0" numBranchPoints="0" visitedBranchPoints="0" sequenceCoverage="100.0" branchCoverage="0" maxCyclomaticComplexity="0" minCyclomaticComplexity="0" maxCrapScore="0" minCrapScore="0" visitedClasses="0" numClasses="0" visitedMethods="0" numMethods="0" />
              <MetadataToken>100663321</MetadataToken>
              <Name>System.Void Tests.Test::GetAttackCardStatsHelper()</Name>
              <FileRef uid="2" />
              <SequencePoints>
                <SequencePoint vc="1" uspid="352" ordinal="0" offset="0" sl="184" sc="9" el="184" ec="9" bec="0" bev="0" fileid="2" />
                <SequencePoint vc="1" uspid="353" ordinal="0" offset="1" sl="185" sc="13" el="185" ec="13" bec="0" bev="0" fileid="2" />
                <SequencePoint vc="1" uspid="354" ordinal="0" offset="12" sl="186" sc="13" el="186" ec="13" bec="0" bev="0" fileid="2" />
                <SequencePoint vc="1" uspid="355" ordinal="0" offset="19" sl="187" sc="13" el="187" ec="13" bec="0" bev="0" fileid="2" />
                <SequencePoint vc="1" uspid="356" ordinal="0" offset="26" sl="188" sc="13" el="188" ec="13" bec="0" bev="0" fileid="2" />
                <SequencePoint vc="1" uspid="357" ordinal="0" offset="33" sl="189" sc="13" el="189" ec="13" bec="0" bev="0" fileid="2" />
                <SequencePoint vc="1" uspid="358" ordinal="0" offset="56" sl="190" sc="9" el="190" ec="9" bec="0" bev="0" fileid="2" />
              </SequencePoints>
              <BranchPoints />
            </Method>
            <Method visited="true" cyclomaticComplexity="0" nPathComplexity="0" sequenceCoverage="100.0" branchCoverage="0" crapScore="0" isConstructor="false" isStatic="false" isGetter="false" isSetter="false">
              <Summary numSequencePoints="0" visitedSequencePoints="0" numBranchPoints="0" visitedBranchPoints="0" sequenceCoverage="100.0" branchCoverage="0" maxCyclomaticComplexity="0" minCyclomaticComplexity="0" maxCrapScore="0" minCrapScore="0" visitedClasses="0" numClasses="0" visitedMethods="0" numMethods="0" />
              <MetadataToken>100663322</MetadataToken>
              <Name>System.Void Tests.Test::SetAttackCardStatsHelper()</Name>
              <FileRef uid="2" />
              <SequencePoints>
                <SequencePoint vc="1" uspid="359" ordinal="0" offset="0" sl="194" sc="9" el="194" ec="9" bec="0" bev="0" fileid="2" />
                <SequencePoint vc="1" uspid="360" ordinal="0" offset="1" sl="195" sc="13" el="195" ec="13" bec="0" bev="0" fileid="2" />
                <SequencePoint vc="1" uspid="361" ordinal="0" offset="12" sl="196" sc="13" el="196" ec="13" bec="0" bev="0" fileid="2" />
                <SequencePoint vc="1" uspid="362" ordinal="0" offset="19" sl="197" sc="13" el="197" ec="13" bec="0" bev="0" fileid="2" />
                <SequencePoint vc="1" uspid="363" ordinal="0" offset="26" sl="198" sc="13" el="198" ec="13" bec="0" bev="0" fileid="2" />
                <SequencePoint vc="1" uspid="364" ordinal="0" offset="33" sl="199" sc="13" el="199" ec="13" bec="0" bev="0" fileid="2" />
                <SequencePoint vc="1" uspid="365" ordinal="0" offset="41" sl="200" sc="13" el="200" ec="13" bec="0" bev="0" fileid="2" />
                <SequencePoint vc="1" uspid="366" ordinal="0" offset="64" sl="201" sc="9" el="201" ec="9" bec="0" bev="0" fileid="2" />
              </SequencePoints>
              <BranchPoints />
            </Method>
            <Method visited="true" cyclomaticComplexity="0" nPathComplexity="0" sequenceCoverage="100.0" branchCoverage="0" crapScore="0" isConstructor="false" isStatic="false" isGetter="false" isSetter="false">
              <Summary numSequencePoints="0" visitedSequencePoints="0" numBranchPoints="0" visitedBranchPoints="0" sequenceCoverage="100.0" branchCoverage="0" maxCyclomaticComplexity="0" minCyclomaticComplexity="0" maxCrapScore="0" minCrapScore="0" visitedClasses="0" numClasses="0" visitedMethods="0" numMethods="0" />
              <MetadataToken>100663323</MetadataToken>
              <Name>System.Void Tests.Test::CheckIfStillAliveCardStatsHelper()</Name>
              <FileRef uid="2" />
              <SequencePoints>
                <SequencePoint vc="1" uspid="367" ordinal="0" offset="0" sl="205" sc="9" el="205" ec="9" bec="0" bev="0" fileid="2" />
                <SequencePoint vc="1" uspid="368" ordinal="0" offset="1" sl="206" sc="13" el="206" ec="13" bec="0" bev="0" fileid="2" />
                <SequencePoint vc="1" uspid="369" ordinal="0" offset="12" sl="207" sc="13" el="207" ec="13" bec="0" bev="0" fileid="2" />
                <SequencePoint vc="1" uspid="370" ordinal="0" offset="19" sl="208" sc="13" el="208" ec="13" bec="0" bev="0" fileid="2" />
                <SequencePoint vc="1" uspid="371" ordinal="0" offset="26" sl="209" sc="13" el="209" ec="13" bec="0" bev="0" fileid="2" />
                <SequencePoint vc="1" uspid="372" ordinal="0" offset="33" sl="210" sc="13" el="210" ec="13" bec="0" bev="0" fileid="2" />
                <SequencePoint vc="1" uspid="373" ordinal="0" offset="41" sl="211" sc="13" el="211" ec="13" bec="0" bev="0" fileid="2" />
                <SequencePoint vc="1" uspid="374" ordinal="0" offset="48" sl="212" sc="13" el="212" ec="13" bec="0" bev="0" fileid="2" />
                <SequencePoint vc="1" uspid="375" ordinal="0" offset="55" sl="213" sc="9" el="213" ec="9" bec="0" bev="0" fileid="2" />
              </SequencePoints>
              <BranchPoints />
            </Method>
            <Method visited="true" cyclomaticComplexity="0" nPathComplexity="0" sequenceCoverage="100.0" branchCoverage="0" crapScore="0" isConstructor="false" isStatic="false" isGetter="false" isSetter="false">
              <Summary numSequencePoints="0" visitedSequencePoints="0" numBranchPoints="0" visitedBranchPoints="0" sequenceCoverage="100.0" branchCoverage="0" maxCyclomaticComplexity="0" minCyclomaticComplexity="0" maxCrapScore="0" minCrapScore="0" visitedClasses="0" numClasses="0" visitedMethods="0" numMethods="0" />
              <MetadataToken>100663324</MetadataToken>
              <Name>System.Void Tests.Test::ResetStatsCardStatsHelper()</Name>
              <FileRef uid="2" />
              <SequencePoints>
                <SequencePoint vc="1" uspid="376" ordinal="0" offset="0" sl="217" sc="9" el="217" ec="9" bec="0" bev="0" fileid="2" />
                <SequencePoint vc="1" uspid="377" ordinal="0" offset="1" sl="218" sc="13" el="218" ec="13" bec="0" bev="0" fileid="2" />
                <SequencePoint vc="1" uspid="378" ordinal="0" offset="12" sl="219" sc="13" el="219" ec="13" bec="0" bev="0" fileid="2" />
                <SequencePoint vc="1" uspid="379" ordinal="0" offset="19" sl="220" sc="13" el="220" ec="13" bec="0" bev="0" fileid="2" />
                <SequencePoint vc="1" uspid="380" ordinal="0" offset="26" sl="221" sc="13" el="221" ec="13" bec="0" bev="0" fileid="2" />
                <SequencePoint vc="1" uspid="381" ordinal="0" offset="33" sl="222" sc="13" el="222" ec="13" bec="0" bev="0" fileid="2" />
                <SequencePoint vc="1" uspid="382" ordinal="0" offset="41" sl="223" sc="13" el="223" ec="13" bec="0" bev="0" fileid="2" />
                <SequencePoint vc="1" uspid="383" ordinal="0" offset="48" sl="224" sc="13" el="224" ec="13" bec="0" bev="0" fileid="2" />
                <SequencePoint vc="1" uspid="384" ordinal="0" offset="71" sl="225" sc="9" el="225" ec="9" bec="0" bev="0" fileid="2" />
              </SequencePoints>
              <BranchPoints />
            </Method>
            <Method visited="true" cyclomaticComplexity="0" nPathComplexity="0" sequenceCoverage="100.0" branchCoverage="0" crapScore="0" isConstructor="false" isStatic="false" isGetter="false" isSetter="false">
              <Summary numSequencePoints="0" visitedSequencePoints="0" numBranchPoints="0" visitedBranchPoints="0" sequenceCoverage="100.0" branchCoverage="0" maxCyclomaticComplexity="0" minCyclomaticComplexity="0" maxCrapScore="0" minCrapScore="0" visitedClasses="0" numClasses="0" visitedMethods="0" numMethods="0" />
              <MetadataToken>100663325</MetadataToken>
              <Name>System.Void Tests.Test::SpawnPlayerPlayerClassicGameManager()</Name>
              <FileRef uid="2" />
              <SequencePoints>
                <SequencePoint vc="1" uspid="385" ordinal="0" offset="0" sl="230" sc="9" el="230" ec="9" bec="0" bev="0" fileid="2" />
                <SequencePoint vc="1" uspid="386" ordinal="0" offset="1" sl="231" sc="13" el="231" ec="13" bec="0" bev="0" fileid="2" />
                <SequencePoint vc="1" uspid="387" ordinal="0" offset="12" sl="232" sc="13" el="232" ec="13" bec="0" bev="0" fileid="2" />
                <SequencePoint vc="1" uspid="388" ordinal="0" offset="19" sl="233" sc="13" el="233" ec="13" bec="0" bev="0" fileid="2" />
                <SequencePoint vc="1" uspid="389" ordinal="0" offset="26" sl="234" sc="13" el="234" ec="13" bec="0" bev="0" fileid="2" />
                <SequencePoint vc="1" uspid="390" ordinal="0" offset="42" sl="235" sc="13" el="235" ec="13" bec="0" bev="0" fileid="2" />
                <SequencePoint vc="1" uspid="391" ordinal="0" offset="49" sl="236" sc="13" el="236" ec="13" bec="0" bev="0" fileid="2" />
                <SequencePoint vc="1" uspid="392" ordinal="0" offset="60" sl="237" sc="13" el="237" ec="13" bec="0" bev="0" fileid="2" />
                <SequencePoint vc="1" uspid="393" ordinal="0" offset="70" sl="238" sc="13" el="238" ec="13" bec="0" bev="0" fileid="2" />
                <SequencePoint vc="1" uspid="394" ordinal="0" offset="87" sl="239" sc="13" el="239" ec="13" bec="0" bev="0" fileid="2" />
                <SequencePoint vc="1" uspid="395" ordinal="0" offset="108" sl="240" sc="9" el="240" ec="9" bec="0" bev="0" fileid="2" />
              </SequencePoints>
              <BranchPoints />
            </Method>
            <Method visited="true" cyclomaticComplexity="0" nPathComplexity="0" sequenceCoverage="100.0" branchCoverage="0" crapScore="0" isConstructor="false" isStatic="false" isGetter="false" isSetter="false">
              <Summary numSequencePoints="0" visitedSequencePoints="0" numBranchPoints="0" visitedBranchPoints="0" sequenceCoverage="100.0" branchCoverage="0" maxCyclomaticComplexity="0" minCyclomaticComplexity="0" maxCrapScore="0" minCrapScore="0" visitedClasses="0" numClasses="0" visitedMethods="0" numMethods="0" />
              <MetadataToken>100663326</MetadataToken>
              <Name>System.Void Tests.Test::SpawnPlayerEnemyClassicGameManager()</Name>
              <FileRef uid="2" />
              <SequencePoints>
                <SequencePoint vc="1" uspid="396" ordinal="0" offset="0" sl="245" sc="9" el="245" ec="9" bec="0" bev="0" fileid="2" />
                <SequencePoint vc="1" uspid="397" ordinal="0" offset="1" sl="246" sc="13" el="246" ec="13" bec="0" bev="0" fileid="2" />
[...]
                <SequencePoint vc="0" uspid="3346" ordinal="0" offset="16" sl="95" sc="0" el="95" ec="0" bec="0" bev="0" fileid="45" />
                <SequencePoint vc="0" uspid="3347" ordinal="0" offset="43" sl="96" sc="0" el="96" ec="0" bec="0" bev="0" fileid="45" />
                <SequencePoint vc="0" uspid="3348" ordinal="0" offset="44" sl="97" sc="0" el="97" ec="0" bec="0" bev="0" fileid="45" />
                <SequencePoint vc="0" uspid="3349" ordinal="0" offset="47" sl="98" sc="0" el="98" ec="0" bec="0" bev="0" fileid="45" />
                <SequencePoint vc="0" uspid="3350" ordinal="0" offset="48" sl="99" sc="0" el="99" ec="0" bec="0" bev="0" fileid="45" />
                <SequencePoint vc="0" uspid="3351" ordinal="0" offset="49" sl="100" sc="0" el="100" ec="0" bec="0" bev="0" fileid="45" />
                <SequencePoint vc="0" uspid="3352" ordinal="0" offset="66" sl="101" sc="0" el="101" ec="0" bec="0" bev="0" fileid="45" />
                <SequencePoint vc="0" uspid="3353" ordinal="0" offset="69" sl="102" sc="0" el="102" ec="0" bec="0" bev="0" fileid="45" />
              </SequencePoints>
              <BranchPoints />
            </Method>
            <Method visited="false" cyclomaticComplexity="0" nPathComplexity="0" sequenceCoverage="0.0" branchCoverage="0" crapScore="0" isConstructor="false" isStatic="false" isGetter="false" isSetter="false">
              <Summary numSequencePoints="0" visitedSequencePoints="0" numBranchPoints="0" visitedBranchPoints="0" sequenceCoverage="0.0" branchCoverage="0" maxCyclomaticComplexity="0" minCyclomaticComplexity="0" maxCrapScore="0" minCrapScore="0" visitedClasses="0" numClasses="0" visitedMethods="0" numMethods="0" />
              <MetadataToken>100663738</MetadataToken>
              <Name>System.Void Client/TCP::ReceiveCallback(System.IAsyncResult)</Name>
              <FileRef uid="45" />
              <SequencePoints>
                <SequencePoint vc="0" uspid="3354" ordinal="0" offset="0" sl="105" sc="0" el="105" ec="0" bec="0" bev="0" fileid="45" />
                <SequencePoint vc="0" uspid="3355" ordinal="0" offset="1" sl="107" sc="0" el="107" ec="0" bec="0" bev="0" fileid="45" />
                <SequencePoint vc="0" uspid="3356" ordinal="0" offset="2" sl="108" sc="0" el="108" ec="0" bec="0" bev="0" fileid="45" />
                <SequencePoint vc="0" uspid="3357" ordinal="0" offset="15" sl="109" sc="0" el="109" ec="0" bec="0" bev="0" fileid="45" />
                <SequencePoint vc="0" uspid="3358" ordinal="0" offset="26" sl="110" sc="0" el="110" ec="0" bec="0" bev="0" fileid="45" />
                <SequencePoint vc="0" uspid="3359" ordinal="0" offset="27" sl="111" sc="0" el="111" ec="0" bec="0" bev="0" fileid="45" />
                <SequencePoint vc="0" uspid="3360" ordinal="0" offset="38" sl="112" sc="0" el="112" ec="0" bec="0" bev="0" fileid="45" />
                <SequencePoint vc="0" uspid="3361" ordinal="0" offset="40" sl="115" sc="0" el="115" ec="0" bec="0" bev="0" fileid="45" />
                <SequencePoint vc="0" uspid="3362" ordinal="0" offset="47" sl="116" sc="0" el="116" ec="0" bec="0" bev="0" fileid="45" />
                <SequencePoint vc="0" uspid="3363" ordinal="0" offset="61" sl="118" sc="0" el="118" ec="0" bec="0" bev="0" fileid="45" />
                <SequencePoint vc="0" uspid="3364" ordinal="0" offset="80" sl="119" sc="0" el="119" ec="0" bec="0" bev="0" fileid="45" />
                <SequencePoint vc="0" uspid="3365" ordinal="0" offset="117" sl="120" sc="0" el="120" ec="0" bec="0" bev="0" fileid="45" />
                <SequencePoint vc="0" uspid="3366" ordinal="0" offset="120" sl="121" sc="0" el="121" ec="0" bec="0" bev="0" fileid="45" />
                <SequencePoint vc="0" uspid="3367" ordinal="0" offset="121" sl="122" sc="0" el="122" ec="0" bec="0" bev="0" fileid="45" />
                <SequencePoint vc="0" uspid="3368" ordinal="0" offset="122" sl="123" sc="0" el="123" ec="0" bec="0" bev="0" fileid="45" />
                <SequencePoint vc="0" uspid="3369" ordinal="0" offset="129" sl="124" sc="0" el="124" ec="0" bec="0" bev="0" fileid="45" />
                <SequencePoint vc="0" uspid="3370" ordinal="0" offset="132" sl="125" sc="0" el="125" ec="0" bec="0" bev="0" fileid="45" />
              </SequencePoints>
              <BranchPoints />
            </Method>
            <Method visited="false" cyclomaticComplexity="0" nPathComplexity="0" sequenceCoverage="0.0" branchCoverage="0" crapScore="0" isConstructor="false" isStatic="false" isGetter="false" isSetter="false">
              <Summary numSequencePoints="0" visitedSequencePoints="0" numBranchPoints="0" visitedBranchPoints="0" sequenceCoverage="0.0" branchCoverage="0" maxCyclomaticComplexity="0" minCyclomaticComplexity="0" maxCrapScore="0" minCrapScore="0" visitedClasses="0" numClasses="0" visitedMethods="0" numMethods="0" />
              <MetadataToken>100663739</MetadataToken>
              <Name>System.Boolean Client/TCP::HandleData(System.Byte[])</Name>
              <FileRef uid="45" />
              <SequencePoints>
                <SequencePoint vc="0" uspid="3371" ordinal="0" offset="0" sl="128" sc="0" el="128" ec="0" bec="0" bev="0" fileid="45" />
                <SequencePoint vc="0" uspid="3372" ordinal="0" offset="1" sl="129" sc="0" el="129" ec="0" bec="0" bev="0" fileid="45" />
                <SequencePoint vc="0" uspid="3373" ordinal="0" offset="3" sl="131" sc="0" el="131" ec="0" bec="0" bev="0" fileid="45" />
                <SequencePoint vc="0" uspid="3374" ordinal="0" offset="16" sl="133" sc="0" el="133" ec="0" bec="0" bev="0" fileid="45" />
                <SequencePoint vc="0" uspid="3375" ordinal="0" offset="37" sl="134" sc="0" el="134" ec="0" bec="0" bev="0" fileid="45" />
                <SequencePoint vc="0" uspid="3376" ordinal="0" offset="38" sl="135" sc="0" el="135" ec="0" bec="0" bev="0" fileid="45" />
                <SequencePoint vc="0" uspid="3377" ordinal="0" offset="51" sl="136" sc="0" el="136" ec="0" bec="0" bev="0" fileid="45" />
                <SequencePoint vc="0" uspid="3378" ordinal="0" offset="62" sl="137" sc="0" el="137" ec="0" bec="0" bev="0" fileid="45" />
                <SequencePoint vc="0" uspid="3379" ordinal="0" offset="63" sl="138" sc="0" el="138" ec="0" bec="0" bev="0" fileid="45" />
                <SequencePoint vc="0" uspid="3380" ordinal="0" offset="70" sl="140" sc="0" el="140" ec="0" bec="0" bev="0" fileid="45" />
                <SequencePoint vc="0" uspid="3381" ordinal="0" offset="80" sl="143" sc="0" el="143" ec="0" bec="0" bev="0" fileid="45" />
                <SequencePoint vc="0" uspid="3382" ordinal="0" offset="81" sl="144" sc="0" el="144" ec="0" bec="0" bev="0" fileid="45" />
                <SequencePoint vc="0" uspid="3383" ordinal="0" offset="101" sl="145" sc="0" el="145" ec="0" bec="0" bev="0" fileid="45" />
                <SequencePoint vc="0" uspid="3384" ordinal="0" offset="120" sl="154" sc="0" el="154" ec="0" bec="0" bev="0" fileid="45" />
                <SequencePoint vc="0" uspid="3385" ordinal="0" offset="122" sl="155" sc="0" el="155" ec="0" bec="0" bev="0" fileid="45" />
                <SequencePoint vc="0" uspid="3386" ordinal="0" offset="145" sl="156" sc="0" el="156" ec="0" bec="0" bev="0" fileid="45" />
                <SequencePoint vc="0" uspid="3387" ordinal="0" offset="146" sl="157" sc="0" el="157" ec="0" bec="0" bev="0" fileid="45" />
                <SequencePoint vc="0" uspid="3388" ordinal="0" offset="159" sl="158" sc="0" el="158" ec="0" bec="0" bev="0" fileid="45" />
                <SequencePoint vc="0" uspid="3389" ordinal="0" offset="172" sl="159" sc="0" el="159" ec="0" bec="0" bev="0" fileid="45" />
                <SequencePoint vc="0" uspid="3390" ordinal="0" offset="173" sl="160" sc="0" el="160" ec="0" bec="0" bev="0" fileid="45" />
                <SequencePoint vc="0" uspid="3391" ordinal="0" offset="177" sl="162" sc="0" el="162" ec="0" bec="0" bev="0" fileid="45" />
                <SequencePoint vc="0" uspid="3392" ordinal="0" offset="178" sl="163" sc="0" el="163" ec="0" bec="0" bev="0" fileid="45" />
                <SequencePoint vc="0" uspid="3393" ordinal="0" offset="179" sl="142" sc="0" el="142" ec="0" bec="0" bev="0" fileid="45" />
                <SequencePoint vc="0" uspid="3394" ordinal="0" offset="212" sl="165" sc="0" el="165" ec="0" bec="0" bev="0" fileid="45" />
                <SequencePoint vc="0" uspid="3395" ordinal="0" offset="225" sl="166" sc="0" el="166" ec="0" bec="0" bev="0" fileid="45" />
                <SequencePoint vc="0" uspid="3396" ordinal="0" offset="226" sl="167" sc="0" el="167" ec="0" bec="0" bev="0" fileid="45" />
                <SequencePoint vc="0" uspid="3397" ordinal="0" offset="230" sl="170" sc="0" el="170" ec="0" bec="0" bev="0" fileid="45" />
                <SequencePoint vc="0" uspid="3398" ordinal="0" offset="234" sl="171" sc="0" el="171" ec="0" bec="0" bev="0" fileid="45" />
              </SequencePoints>
              <BranchPoints />
            </Method>
            <Method visited="false" cyclomaticComplexity="0" nPathComplexity="0" sequenceCoverage="0.0" branchCoverage="0" crapScore="0" isConstructor="false" isStatic="false" isGetter="false" isSetter="false">
              <Summary numSequencePoints="0" visitedSequencePoints="0" numBranchPoints="0" visitedBranchPoints="0" sequenceCoverage="0.0" branchCoverage="0" maxCyclomaticComplexity="0" minCyclomaticComplexity="0" maxCrapScore="0" minCrapScore="0" visitedClasses="0" numClasses="0" visitedMethods="0" numMethods="0" />
              <MetadataToken>100663740</MetadataToken>
              <Name>System.Void Client/TCP::Disconnect()</Name>
              <FileRef uid="45" />
              <SequencePoints>
                <SequencePoint vc="0" uspid="3399" ordinal="0" offset="0" sl="174" sc="0" el="174" ec="0" bec="0" bev="0" fileid="45" />
                <SequencePoint vc="0" uspid="3400" ordinal="0" offset="1" sl="175" sc="0" el="175" ec="0" bec="0" bev="0" fileid="45" />
                <SequencePoint vc="0" uspid="3401" ordinal="0" offset="12" sl="177" sc="0" el="177" ec="0" bec="0" bev="0" fileid="45" />
                <SequencePoint vc="0" uspid="3402" ordinal="0" offset="19" sl="178" sc="0" el="178" ec="0" bec="0" bev="0" fileid="45" />
                <SequencePoint vc="0" uspid="3403" ordinal="0" offset="26" sl="179" sc="0" el="179" ec="0" bec="0" bev="0" fileid="45" />
                <SequencePoint vc="0" uspid="3404" ordinal="0" offset="33" sl="180" sc="0" el="180" ec="0" bec="0" bev="0" fileid="45" />
                <SequencePoint vc="0" uspid="3405" ordinal="0" offset="40" sl="181" sc="0" el="181" ec="0" bec="0" bev="0" fileid="45" />
              </SequencePoints>
              <BranchPoints />
            </Method>
          </Methods>
        </Class>
        <Class>
          <Summary numSequencePoints="0" visitedSequencePoints="0" numBranchPoints="0" visitedBranchPoints="0" sequenceCoverage="0" branchCoverage="0" maxCyclomaticComplexity="0" minCyclomaticComplexity="0" maxCrapScore="0" minCrapScore="0" visitedClasses="0" numClasses="0" visitedMethods="0" numMethods="0" />
          <FullName>DisplayWinCondition/&lt;displayWinCondition&gt;d__5</FullName>
          <Methods>
            <Method visited="false" cyclomaticComplexity="0" nPathComplexity="0" sequenceCoverage="0.0" branchCoverage="0" crapScore="0" isConstructor="false" isStatic="false" isGetter="false" isSetter="false">
              <Summary numSequencePoints="0" visitedSequencePoints="0" numBranchPoints="0" visitedBranchPoints="0" sequenceCoverage="0.0" branchCoverage="0" maxCyclomaticComplexity="0" minCyclomaticComplexity="0" maxCrapScore="0" minCrapScore="0" visitedClasses="0" numClasses="0" visitedMethods="0" numMethods="0" />
              <MetadataToken>100663744</MetadataToken>
              <Name>System.Boolean DisplayWinCondition/&lt;displayWinCondition&gt;d__5::MoveNext()</Name>
              <FileRef uid="52" />
              <SequencePoints>
                <SequencePoint vc="0" uspid="3406" ordinal="0" offset="31" sl="34" sc="0" el="34" ec="0" bec="0" bev="0" fileid="52" />
                <SequencePoint vc="0" uspid="3407" ordinal="0" offset="32" sl="35" sc="0" el="35" ec="0" bec="0" bev="0" fileid="52" />
                <SequencePoint vc="0" uspid="3408" ordinal="0" offset="50" sl="36" sc="0" el="36" ec="0" bec="0" bev="0" fileid="52" />
                <SequencePoint vc="0" uspid="3409" ordinal="0" offset="82" sl="37" sc="0" el="37" ec="0" bec="0" bev="0" fileid="52" />
                <SequencePoint vc="0" uspid="3410" ordinal="0" offset="100" sl="38" sc="0" el="38" ec="0" bec="0" bev="0" fileid="52" />
              </SequencePoints>
              <BranchPoints />
            </Method>
          </Methods>
        </Class>
        <Class>
          <Summary numSequencePoints="0" visitedSequencePoints="0" numBranchPoints="0" visitedBranchPoints="0" sequenceCoverage="0" branchCoverage="0" maxCyclomaticComplexity="0" minCyclomaticComplexity="0" maxCrapScore="0" minCrapScore="0" visitedClasses="0" numClasses="0" visitedMethods="0" numMethods="0" />
          <FullName>Health/&lt;TakeDamage&gt;d__9</FullName>
          <Methods>
            <Method visited="true" cyclomaticComplexity="0" nPathComplexity="0" sequenceCoverage="62.5" branchCoverage="0" crapScore="0" isConstructor="false" isStatic="false" isGetter="false" isSetter="false">
              <Summary numSequencePoints="0" visitedSequencePoints="0" numBranchPoints="0" visitedBranchPoints="0" sequenceCoverage="62.5" branchCoverage="0" maxCyclomaticComplexity="0" minCyclomaticComplexity="0" maxCrapScore="0" minCrapScore="0" visitedClasses="0" numClasses="0" visitedMethods="0" numMethods="0" />
              <MetadataToken>100663750</MetadataToken>
              <Name>System.Boolean Health/&lt;TakeDamage&gt;d__9::MoveNext()</Name>
              <FileRef uid="53" />
              <SequencePoints>
                <SequencePoint vc="1" uspid="3411" ordinal="0" offset="34" sl="41" sc="5" el="41" ec="5" bec="0" bev="0" fileid="53" />
                <SequencePoint vc="1" uspid="3412" ordinal="0" offset="35" sl="42" sc="9" el="42" ec="9" bec="0" bev="0" fileid="53" />
                <SequencePoint vc="1" uspid="3413" ordinal="0" offset="67" sl="43" sc="9" el="43" ec="9" bec="0" bev="0" fileid="53" />
                <SequencePoint vc="1" uspid="3414" ordinal="0" offset="85" sl="44" sc="9" el="44" ec="9" bec="0" bev="0" fileid="53" />
                <SequencePoint vc="1" uspid="3415" ordinal="0" offset="118" sl="45" sc="9" el="45" ec="9" bec="0" bev="0" fileid="53" />
                <SequencePoint vc="0" uspid="3416" ordinal="0" offset="161" sl="46" sc="9" el="46" ec="9" bec="0" bev="0" fileid="53" />
                <SequencePoint vc="0" uspid="3417" ordinal="0" offset="174" sl="47" sc="9" el="47" ec="9" bec="0" bev="0" fileid="53" />
                <SequencePoint vc="0" uspid="3418" ordinal="0" offset="192" sl="48" sc="5" el="48" ec="5" bec="0" bev="0" fileid="53" />
              </SequencePoints>
              <BranchPoints />
            </Method>
          </Methods>
        </Class>
        <Class>
          <Summary numSequencePoints="0" visitedSequencePoints="0" numBranchPoints="0" visitedBranchPoints="0" sequenceCoverage="0" branchCoverage="0" maxCyclomaticComplexity="0" minCyclomaticComplexity="0" maxCrapScore="0" minCrapScore="0" visitedClasses="0" numClasses="0" visitedMethods="0" numMethods="0" />
          <FullName>Health/&lt;RestoreHealth&gt;d__11</FullName>
          <Methods>
            <Method visited="true" cyclomaticComplexity="0" nPathComplexity="0" sequenceCoverage="62.5" branchCoverage="0" crapScore="0" isConstructor="false" isStatic="false" isGetter="false" isSetter="false">
              <Summary numSequencePoints="0" visitedSequencePoints="0" numBranchPoints="0" visitedBranchPoints="0" sequenceCoverage="62.5" branchCoverage="0" maxCyclomaticComplexity="0" minCyclomaticComplexity="0" maxCrapScore="0" minCrapScore="0" visitedClasses="0" numClasses="0" visitedMethods="0" numMethods="0" />
              <MetadataToken>100663756</MetadataToken>
              <Name>System.Boolean Health/&lt;RestoreHealth&gt;d__11::MoveNext()</Name>
              <FileRef uid="53" />
              <SequencePoints>
                <SequencePoint vc="1" uspid="3419" ordinal="0" offset="34" sl="59" sc="5" el="59" ec="5" bec="0" bev="0" fileid="53" />
                <SequencePoint vc="1" uspid="3420" ordinal="0" offset="35" sl="60" sc="9" el="60" ec="9" bec="0" bev="0" fileid="53" />
                <SequencePoint vc="1" uspid="3421" ordinal="0" offset="67" sl="61" sc="9" el="61" ec="9" bec="0" bev="0" fileid="53" />
                <SequencePoint vc="1" uspid="3422" ordinal="0" offset="85" sl="62" sc="9" el="62" ec="9" bec="0" bev="0" fileid="53" />
                <SequencePoint vc="1" uspid="3423" ordinal="0" offset="118" sl="63" sc="9" el="63" ec="9" bec="0" bev="0" fileid="53" />
                <SequencePoint vc="0" uspid="3424" ordinal="0" offset="161" sl="64" sc="9" el="64" ec="9" bec="0" bev="0" fileid="53" />
                <SequencePoint vc="0" uspid="3425" ordinal="0" offset="174" sl="65" sc="9" el="65" ec="9" bec="0" bev="0" fileid="53" />
                <SequencePoint vc="0" uspid="3426" ordinal="0" offset="192" sl="66" sc="5" el="66" ec="5" bec="0" bev="0" fileid="53" />
              </SequencePoints>
              <BranchPoints />
            </Method>
          </Methods>
        </Class>
        <Class>
          <Summary numSequencePoints="0" visitedSequencePoints="0" numBranchPoints="0" visitedBranchPoints="0" sequenceCoverage="0" branchCoverage="0" maxCyclomaticComplexity="0" minCyclomaticComplexity="0" maxCrapScore="0" minCrapScore="0" visitedClasses="0" numClasses="0" visitedMethods="0" numMethods="0" />
          <FullName>Client/TCP/&lt;&gt;c__DisplayClass8_0</FullName>
          <Methods>
            <Method visited="false" cyclomaticComplexity="0" nPathComplexity="0" sequenceCoverage="0.0" branchCoverage="0" crapScore="0" isConstructor="false" isStatic="false" isGetter="false" isSetter="false">
              <Summary numSequencePoints="0" visitedSequencePoints="0" numBranchPoints="0" visitedBranchPoints="0" sequenceCoverage="0.0" branchCoverage="0" maxCyclomaticComplexity="0" minCyclomaticComplexity="0" maxCrapScore="0" minCrapScore="0" visitedClasses="0" numClasses="0" visitedMethods="0" numMethods="0" />
              <MetadataToken>100663761</MetadataToken>
              <Name>System.Void Client/TCP/&lt;&gt;c__DisplayClass8_0::&lt;HandleData&gt;b__0()</Name>
              <FileRef uid="45" />
              <SequencePoints>
                <SequencePoint vc="0" uspid="3427" ordinal="0" offset="0" sl="146" sc="0" el="146" ec="0" bec="0" bev="0" fileid="45" />
                <SequencePoint vc="0" uspid="3428" ordinal="0" offset="1" sl="147" sc="0" el="147" ec="0" bec="0" bev="0" fileid="45" />
                <SequencePoint vc="0" uspid="3429" ordinal="0" offset="13" sl="148" sc="0" el="148" ec="0" bec="0" bev="0" fileid="45" />
                <SequencePoint vc="0" uspid="3430" ordinal="0" offset="14" sl="149" sc="0" el="149" ec="0" bec="0" bev="0" fileid="45" />
                <SequencePoint vc="0" uspid="3431" ordinal="0" offset="22" sl="150" sc="0" el="150" ec="0" bec="0" bev="0" fileid="45" />
                <SequencePoint vc="0" uspid="3432" ordinal="0" offset="40" sl="151" sc="0" el="151" ec="0" bec="0" bev="0" fileid="45" />
                <SequencePoint vc="0" uspid="3433" ordinal="0" offset="54" sl="152" sc="0" el="152" ec="0" bec="0" bev="0" fileid="45" />
              </SequencePoints>
              <BranchPoints />
            </Method>
          </Methods>
        </Class>
      </Classes>
    </Module>
  </Modules>
</CoverageSession>